2024-11-05 00:00:01 INFO  [http-nio-8080-exec-6] d.a.a.s.JWTAuthenticationFilter - Entering the JWTAuthenticationFilter
2024-11-05 00:00:01 INFO  [http-nio-8080-exec-6] d.a.a.s.JWTAuthenticationFilter - JWTAuthenticationFilter recieving the token eyJhbGciOiJIUzUxMiJ9.eyJjb21wYW55SWQiOiIxIiwidXNlcm5hbWUiOiJTLkJFTk1BTU1BUiIsIm5hbWUiOiJTaWRhbGkgQkVOIE1BTU1BUiIsImlhdCI6MTczMDc1NTA5NCwiZXhwIjoxNzMwODQxNDk0fQ.KK5-cDsp9cdeWw_5CZ5_pfMdEqZ05vbDHmE82P8lP-T61jVi00zlAdQ4jR_3qlF_0PCtDreq0boPaKiH9lyvTA
2024-11-05 00:00:01 INFO  [http-nio-8080-exec-6] d.a.a.s.JWTAuthenticationFilter - Parsed the username from the token 1:S.BENMAMMAR
2024-11-05 00:00:01 INFO  [http-nio-8080-exec-6] d.a.a.s.CustomUserDetailsService - Entering loadUserByUsername method of UserDetails with 1:S.BENMAMMAR
2024-11-05 00:00:01 INFO  [http-nio-8080-exec-6] d.a.a.s.CustomUserDetailsService - The companyId is 1
2024-11-05 00:00:01 INFO  [http-nio-8080-exec-6] d.a.a.s.CustomUserDetailsService - The userCode is S.BENMAMMAR
2024-11-05 00:00:01 INFO  [http-nio-8080-exec-6] d.a.a.c.PreparationController - Point d'entrée à la méthode getCommandeParPreparateur du PreparationController avec date 
2024-11-05 00:00:01 INFO  [http-nio-8080-exec-6] d.a.a.s.impl.PreparationServiceImpl - Entering the getCommandes method from the PreparationService with date 
2024-11-05 00:00:01 INFO  [http-nio-8080-exec-6] d.a.a.s.impl.PreparationServiceImpl - Récupération de l'id de préparateur à partir du service qui est de : 159
2024-11-05 00:00:01 INFO  [http-nio-8080-exec-6] d.a.a.s.impl.PreparationServiceImpl - Fetching the liste of orders by preparateur from the repo
2024-11-05 00:00:01 INFO  [http-nio-8080-exec-6] d.a.a.s.impl.PreparationServiceImpl - Returning fetched data to controller with length 41
2024-11-05 00:00:01 INFO  [http-nio-8080-exec-6] d.a.a.c.PreparationController - Récupération de la liste des commandes par préparateur à partir du service avec size : 41
2024-11-05 00:00:01 INFO  [http-nio-8080-exec-10] d.a.a.s.JWTAuthenticationFilter - Entering the JWTAuthenticationFilter
2024-11-05 00:00:01 INFO  [http-nio-8080-exec-10] d.a.a.s.JWTAuthenticationFilter - JWTAuthenticationFilter recieving the token eyJhbGciOiJIUzUxMiJ9.eyJjb21wYW55SWQiOiIxIiwidXNlcm5hbWUiOiJTLkJFTk1BTU1BUiIsIm5hbWUiOiJTaWRhbGkgQkVOIE1BTU1BUiIsImlhdCI6MTczMDc1NTA5NCwiZXhwIjoxNzMwODQxNDk0fQ.KK5-cDsp9cdeWw_5CZ5_pfMdEqZ05vbDHmE82P8lP-T61jVi00zlAdQ4jR_3qlF_0PCtDreq0boPaKiH9lyvTA
2024-11-05 00:00:01 INFO  [http-nio-8080-exec-10] d.a.a.s.JWTAuthenticationFilter - Parsed the username from the token 1:S.BENMAMMAR
2024-11-05 00:00:01 INFO  [http-nio-8080-exec-10] d.a.a.s.CustomUserDetailsService - Entering loadUserByUsername method of UserDetails with 1:S.BENMAMMAR
2024-11-05 00:00:01 INFO  [http-nio-8080-exec-10] d.a.a.s.CustomUserDetailsService - The companyId is 1
2024-11-05 00:00:01 INFO  [http-nio-8080-exec-10] d.a.a.s.CustomUserDetailsService - The userCode is S.BENMAMMAR
2024-11-05 00:00:01 INFO  [http-nio-8080-exec-10] d.a.a.c.PreparationController - Point d'entrée à la méthode getCommandeParPreparateur du PreparationController avec date 
2024-11-05 00:00:01 INFO  [http-nio-8080-exec-10] d.a.a.s.impl.PreparationServiceImpl - Entering the getCommandes method from the PreparationService with date 
2024-11-05 00:00:01 INFO  [http-nio-8080-exec-10] d.a.a.s.impl.PreparationServiceImpl - Récupération de l'id de préparateur à partir du service qui est de : 159
2024-11-05 00:00:01 INFO  [http-nio-8080-exec-10] d.a.a.s.impl.PreparationServiceImpl - Fetching the liste of orders by preparateur from the repo
2024-11-05 00:00:01 INFO  [http-nio-8080-exec-10] d.a.a.s.impl.PreparationServiceImpl - Returning fetched data to controller with length 41
2024-11-05 00:00:01 INFO  [http-nio-8080-exec-10] d.a.a.c.PreparationController - Récupération de la liste des commandes par préparateur à partir du service avec size : 41
2024-11-05 00:06:42 INFO  [http-nio-8080-exec-2] d.a.a.s.JWTAuthenticationFilter - Entering the JWTAuthenticationFilter
2024-11-05 00:06:42 INFO  [http-nio-8080-exec-2] d.a.a.s.JWTAuthenticationFilter - JWTAuthenticationFilter recieving the token eyJhbGciOiJIUzUxMiJ9.eyJjb21wYW55SWQiOiIxIiwidXNlcm5hbWUiOiJTLkJFTk1BTU1BUiIsIm5hbWUiOiJTaWRhbGkgQkVOIE1BTU1BUiIsImlhdCI6MTczMDc1NTA5NCwiZXhwIjoxNzMwODQxNDk0fQ.KK5-cDsp9cdeWw_5CZ5_pfMdEqZ05vbDHmE82P8lP-T61jVi00zlAdQ4jR_3qlF_0PCtDreq0boPaKiH9lyvTA
2024-11-05 00:06:42 INFO  [http-nio-8080-exec-2] d.a.a.s.JWTAuthenticationFilter - Parsed the username from the token 1:S.BENMAMMAR
2024-11-05 00:06:42 INFO  [http-nio-8080-exec-2] d.a.a.s.CustomUserDetailsService - Entering loadUserByUsername method of UserDetails with 1:S.BENMAMMAR
2024-11-05 00:06:42 INFO  [http-nio-8080-exec-2] d.a.a.s.CustomUserDetailsService - The companyId is 1
2024-11-05 00:06:42 INFO  [http-nio-8080-exec-2] d.a.a.s.CustomUserDetailsService - The userCode is S.BENMAMMAR
2024-11-05 00:06:42 INFO  [http-nio-8080-exec-2] d.a.a.controllers.CompanyController - Entering getMethod method from CompanyController
2024-11-05 00:06:42 INFO  [http-nio-8080-exec-2] d.a.a.controllers.CompanyController - Returning the value of the method 1
2024-11-05 00:06:45 INFO  [http-nio-8080-exec-3] d.a.a.s.JWTAuthenticationFilter - Entering the JWTAuthenticationFilter
2024-11-05 00:06:45 INFO  [http-nio-8080-exec-3] d.a.a.s.JWTAuthenticationFilter - JWTAuthenticationFilter recieving the token eyJhbGciOiJIUzUxMiJ9.eyJjb21wYW55SWQiOiIxIiwidXNlcm5hbWUiOiJTLkJFTk1BTU1BUiIsIm5hbWUiOiJTaWRhbGkgQkVOIE1BTU1BUiIsImlhdCI6MTczMDc1NTA5NCwiZXhwIjoxNzMwODQxNDk0fQ.KK5-cDsp9cdeWw_5CZ5_pfMdEqZ05vbDHmE82P8lP-T61jVi00zlAdQ4jR_3qlF_0PCtDreq0boPaKiH9lyvTA
2024-11-05 00:06:45 INFO  [http-nio-8080-exec-3] d.a.a.s.JWTAuthenticationFilter - Parsed the username from the token 1:S.BENMAMMAR
2024-11-05 00:06:45 INFO  [http-nio-8080-exec-3] d.a.a.s.CustomUserDetailsService - Entering loadUserByUsername method of UserDetails with 1:S.BENMAMMAR
2024-11-05 00:06:45 INFO  [http-nio-8080-exec-3] d.a.a.s.CustomUserDetailsService - The companyId is 1
2024-11-05 00:06:45 INFO  [http-nio-8080-exec-3] d.a.a.s.CustomUserDetailsService - The userCode is S.BENMAMMAR
2024-11-05 00:06:45 INFO  [http-nio-8080-exec-3] d.a.a.controllers.UserController - Entering the getPreparationAuthorization method from the UserController
2024-11-05 00:06:45 INFO  [http-nio-8080-exec-3] d.a.a.s.i.AuthorizationServiceImpl - Entering the getPreparationAuthorization method from the AuthorizationService for formCode 481
2024-11-05 00:06:45 INFO  [http-nio-8080-exec-3] d.a.a.controllers.UserController - Preparation Authorization retrieved from the service : AuthorizationDto(code=481, value=1)
2024-11-05 00:06:45 INFO  [http-nio-8080-exec-5] d.a.a.s.JWTAuthenticationFilter - Entering the JWTAuthenticationFilter
2024-11-05 00:06:45 INFO  [http-nio-8080-exec-5] d.a.a.s.JWTAuthenticationFilter - JWTAuthenticationFilter recieving the token eyJhbGciOiJIUzUxMiJ9.eyJjb21wYW55SWQiOiIxIiwidXNlcm5hbWUiOiJTLkJFTk1BTU1BUiIsIm5hbWUiOiJTaWRhbGkgQkVOIE1BTU1BUiIsImlhdCI6MTczMDc1NTA5NCwiZXhwIjoxNzMwODQxNDk0fQ.KK5-cDsp9cdeWw_5CZ5_pfMdEqZ05vbDHmE82P8lP-T61jVi00zlAdQ4jR_3qlF_0PCtDreq0boPaKiH9lyvTA
2024-11-05 00:06:45 INFO  [http-nio-8080-exec-5] d.a.a.s.JWTAuthenticationFilter - Parsed the username from the token 1:S.BENMAMMAR
2024-11-05 00:06:45 INFO  [http-nio-8080-exec-5] d.a.a.s.CustomUserDetailsService - Entering loadUserByUsername method of UserDetails with 1:S.BENMAMMAR
2024-11-05 00:06:45 INFO  [http-nio-8080-exec-5] d.a.a.s.CustomUserDetailsService - The companyId is 1
2024-11-05 00:06:45 INFO  [http-nio-8080-exec-5] d.a.a.s.CustomUserDetailsService - The userCode is S.BENMAMMAR
2024-11-05 00:06:45 INFO  [http-nio-8080-exec-4] d.a.a.s.JWTAuthenticationFilter - Entering the JWTAuthenticationFilter
2024-11-05 00:06:45 INFO  [http-nio-8080-exec-5] d.a.a.c.PreparationController - Point d'entrée à la méthode getCommandeParPreparateur du PreparationController avec date 2024-11-04
2024-11-05 00:06:45 INFO  [http-nio-8080-exec-4] d.a.a.s.JWTAuthenticationFilter - JWTAuthenticationFilter recieving the token eyJhbGciOiJIUzUxMiJ9.eyJjb21wYW55SWQiOiIxIiwidXNlcm5hbWUiOiJTLkJFTk1BTU1BUiIsIm5hbWUiOiJTaWRhbGkgQkVOIE1BTU1BUiIsImlhdCI6MTczMDc1NTA5NCwiZXhwIjoxNzMwODQxNDk0fQ.KK5-cDsp9cdeWw_5CZ5_pfMdEqZ05vbDHmE82P8lP-T61jVi00zlAdQ4jR_3qlF_0PCtDreq0boPaKiH9lyvTA
2024-11-05 00:06:45 INFO  [http-nio-8080-exec-5] d.a.a.s.impl.PreparationServiceImpl - Entering the getCommandes method from the PreparationService with date 2024-11-04
2024-11-05 00:06:45 INFO  [http-nio-8080-exec-5] d.a.a.s.impl.PreparationServiceImpl - Récupération de l'id de préparateur à partir du service qui est de : 159
2024-11-05 00:06:45 INFO  [http-nio-8080-exec-5] d.a.a.s.impl.PreparationServiceImpl - Fetching the liste of orders by preparateur from the repo
2024-11-05 00:06:45 INFO  [http-nio-8080-exec-4] d.a.a.s.JWTAuthenticationFilter - Parsed the username from the token 1:S.BENMAMMAR
2024-11-05 00:06:45 INFO  [http-nio-8080-exec-4] d.a.a.s.CustomUserDetailsService - Entering loadUserByUsername method of UserDetails with 1:S.BENMAMMAR
2024-11-05 00:06:45 INFO  [http-nio-8080-exec-4] d.a.a.s.CustomUserDetailsService - The companyId is 1
2024-11-05 00:06:45 INFO  [http-nio-8080-exec-4] d.a.a.s.CustomUserDetailsService - The userCode is S.BENMAMMAR
2024-11-05 00:06:45 INFO  [http-nio-8080-exec-5] d.a.a.s.impl.PreparationServiceImpl - Returning fetched data to controller with length 0
2024-11-05 00:06:45 INFO  [http-nio-8080-exec-5] d.a.a.c.PreparationController - Récupération de la liste des commandes par préparateur à partir du service avec size : 0
2024-11-05 00:06:45 INFO  [http-nio-8080-exec-4] d.a.a.c.PreparationController - Point d'entrée à la méthode getCommandeParPreparateur du PreparationController avec date 2024-11-04
2024-11-05 00:06:45 INFO  [http-nio-8080-exec-4] d.a.a.s.impl.PreparationServiceImpl - Entering the getCommandes method from the PreparationService with date 2024-11-04
2024-11-05 00:06:45 INFO  [http-nio-8080-exec-4] d.a.a.s.impl.PreparationServiceImpl - Récupération de l'id de préparateur à partir du service qui est de : 159
2024-11-05 00:06:45 INFO  [http-nio-8080-exec-4] d.a.a.s.impl.PreparationServiceImpl - Fetching the liste of orders by preparateur from the repo
2024-11-05 00:06:45 INFO  [http-nio-8080-exec-4] d.a.a.s.impl.PreparationServiceImpl - Returning fetched data to controller with length 0
2024-11-05 00:06:45 INFO  [http-nio-8080-exec-4] d.a.a.c.PreparationController - Récupération de la liste des commandes par préparateur à partir du service avec size : 0
2024-11-05 00:10:22 INFO  [http-nio-8080-exec-6] d.a.a.s.JWTAuthenticationFilter - Entering the JWTAuthenticationFilter
2024-11-05 00:10:22 INFO  [http-nio-8080-exec-6] d.a.a.s.JWTAuthenticationFilter - JWTAuthenticationFilter recieving the token eyJhbGciOiJIUzUxMiJ9.eyJjb21wYW55SWQiOiIxIiwidXNlcm5hbWUiOiJTLkJFTk1BTU1BUiIsIm5hbWUiOiJTaWRhbGkgQkVOIE1BTU1BUiIsImlhdCI6MTczMDc1NTA5NCwiZXhwIjoxNzMwODQxNDk0fQ.KK5-cDsp9cdeWw_5CZ5_pfMdEqZ05vbDHmE82P8lP-T61jVi00zlAdQ4jR_3qlF_0PCtDreq0boPaKiH9lyvTA
2024-11-05 00:10:22 INFO  [http-nio-8080-exec-10] d.a.a.s.JWTAuthenticationFilter - Entering the JWTAuthenticationFilter
2024-11-05 00:10:22 INFO  [http-nio-8080-exec-10] d.a.a.s.JWTAuthenticationFilter - JWTAuthenticationFilter recieving the token eyJhbGciOiJIUzUxMiJ9.eyJjb21wYW55SWQiOiIxIiwidXNlcm5hbWUiOiJTLkJFTk1BTU1BUiIsIm5hbWUiOiJTaWRhbGkgQkVOIE1BTU1BUiIsImlhdCI6MTczMDc1NTA5NCwiZXhwIjoxNzMwODQxNDk0fQ.KK5-cDsp9cdeWw_5CZ5_pfMdEqZ05vbDHmE82P8lP-T61jVi00zlAdQ4jR_3qlF_0PCtDreq0boPaKiH9lyvTA
2024-11-05 00:10:22 INFO  [http-nio-8080-exec-6] d.a.a.s.JWTAuthenticationFilter - Parsed the username from the token 1:S.BENMAMMAR
2024-11-05 00:10:22 INFO  [http-nio-8080-exec-6] d.a.a.s.CustomUserDetailsService - Entering loadUserByUsername method of UserDetails with 1:S.BENMAMMAR
2024-11-05 00:10:22 INFO  [http-nio-8080-exec-6] d.a.a.s.CustomUserDetailsService - The companyId is 1
2024-11-05 00:10:22 INFO  [http-nio-8080-exec-6] d.a.a.s.CustomUserDetailsService - The userCode is S.BENMAMMAR
2024-11-05 00:10:22 INFO  [http-nio-8080-exec-10] d.a.a.s.JWTAuthenticationFilter - Parsed the username from the token 1:S.BENMAMMAR
2024-11-05 00:10:22 INFO  [http-nio-8080-exec-10] d.a.a.s.CustomUserDetailsService - Entering loadUserByUsername method of UserDetails with 1:S.BENMAMMAR
2024-11-05 00:10:22 INFO  [http-nio-8080-exec-10] d.a.a.s.CustomUserDetailsService - The companyId is 1
2024-11-05 00:10:22 INFO  [http-nio-8080-exec-10] d.a.a.s.CustomUserDetailsService - The userCode is S.BENMAMMAR
2024-11-05 00:10:22 INFO  [http-nio-8080-exec-6] d.a.a.c.PreparationController - Point d'entrée à la méthode getCommandeParPreparateur du PreparationController avec date 2024-11-04
2024-11-05 00:10:22 INFO  [http-nio-8080-exec-6] d.a.a.s.impl.PreparationServiceImpl - Entering the getCommandes method from the PreparationService with date 2024-11-04
2024-11-05 00:10:22 INFO  [http-nio-8080-exec-10] d.a.a.c.PreparationController - Point d'entrée à la méthode getCommandeParPreparateur du PreparationController avec date 2024-11-04
2024-11-05 00:10:22 INFO  [http-nio-8080-exec-10] d.a.a.s.impl.PreparationServiceImpl - Entering the getCommandes method from the PreparationService with date 2024-11-04
2024-11-05 00:10:22 INFO  [http-nio-8080-exec-6] d.a.a.s.impl.PreparationServiceImpl - Récupération de l'id de préparateur à partir du service qui est de : 159
2024-11-05 00:10:22 INFO  [http-nio-8080-exec-6] d.a.a.s.impl.PreparationServiceImpl - Fetching the liste of orders by preparateur from the repo
2024-11-05 00:10:22 INFO  [http-nio-8080-exec-10] d.a.a.s.impl.PreparationServiceImpl - Récupération de l'id de préparateur à partir du service qui est de : 159
2024-11-05 00:10:22 INFO  [http-nio-8080-exec-10] d.a.a.s.impl.PreparationServiceImpl - Fetching the liste of orders by preparateur from the repo
2024-11-05 00:10:22 INFO  [http-nio-8080-exec-6] d.a.a.s.impl.PreparationServiceImpl - Returning fetched data to controller with length 0
2024-11-05 00:10:22 INFO  [http-nio-8080-exec-6] d.a.a.c.PreparationController - Récupération de la liste des commandes par préparateur à partir du service avec size : 0
2024-11-05 00:10:22 INFO  [http-nio-8080-exec-10] d.a.a.s.impl.PreparationServiceImpl - Returning fetched data to controller with length 0
2024-11-05 00:10:22 INFO  [http-nio-8080-exec-10] d.a.a.c.PreparationController - Récupération de la liste des commandes par préparateur à partir du service avec size : 0
2024-11-05 00:10:42 INFO  [http-nio-8080-exec-9] d.a.a.s.JWTAuthenticationFilter - Entering the JWTAuthenticationFilter
2024-11-05 00:10:42 INFO  [http-nio-8080-exec-9] d.a.a.s.JWTAuthenticationFilter - JWTAuthenticationFilter recieving the token eyJhbGciOiJIUzUxMiJ9.eyJjb21wYW55SWQiOiIxIiwidXNlcm5hbWUiOiJTLkJFTk1BTU1BUiIsIm5hbWUiOiJTaWRhbGkgQkVOIE1BTU1BUiIsImlhdCI6MTczMDc1NTA5NCwiZXhwIjoxNzMwODQxNDk0fQ.KK5-cDsp9cdeWw_5CZ5_pfMdEqZ05vbDHmE82P8lP-T61jVi00zlAdQ4jR_3qlF_0PCtDreq0boPaKiH9lyvTA
2024-11-05 00:10:42 INFO  [http-nio-8080-exec-1] d.a.a.s.JWTAuthenticationFilter - Entering the JWTAuthenticationFilter
2024-11-05 00:10:42 INFO  [http-nio-8080-exec-1] d.a.a.s.JWTAuthenticationFilter - JWTAuthenticationFilter recieving the token eyJhbGciOiJIUzUxMiJ9.eyJjb21wYW55SWQiOiIxIiwidXNlcm5hbWUiOiJTLkJFTk1BTU1BUiIsIm5hbWUiOiJTaWRhbGkgQkVOIE1BTU1BUiIsImlhdCI6MTczMDc1NTA5NCwiZXhwIjoxNzMwODQxNDk0fQ.KK5-cDsp9cdeWw_5CZ5_pfMdEqZ05vbDHmE82P8lP-T61jVi00zlAdQ4jR_3qlF_0PCtDreq0boPaKiH9lyvTA
2024-11-05 00:10:42 INFO  [http-nio-8080-exec-9] d.a.a.s.JWTAuthenticationFilter - Parsed the username from the token 1:S.BENMAMMAR
2024-11-05 00:10:42 INFO  [http-nio-8080-exec-9] d.a.a.s.CustomUserDetailsService - Entering loadUserByUsername method of UserDetails with 1:S.BENMAMMAR
2024-11-05 00:10:42 INFO  [http-nio-8080-exec-9] d.a.a.s.CustomUserDetailsService - The companyId is 1
2024-11-05 00:10:42 INFO  [http-nio-8080-exec-9] d.a.a.s.CustomUserDetailsService - The userCode is S.BENMAMMAR
2024-11-05 00:10:42 INFO  [http-nio-8080-exec-1] d.a.a.s.JWTAuthenticationFilter - Parsed the username from the token 1:S.BENMAMMAR
2024-11-05 00:10:42 INFO  [http-nio-8080-exec-1] d.a.a.s.CustomUserDetailsService - Entering loadUserByUsername method of UserDetails with 1:S.BENMAMMAR
2024-11-05 00:10:42 INFO  [http-nio-8080-exec-1] d.a.a.s.CustomUserDetailsService - The companyId is 1
2024-11-05 00:10:42 INFO  [http-nio-8080-exec-1] d.a.a.s.CustomUserDetailsService - The userCode is S.BENMAMMAR
2024-11-05 00:10:42 INFO  [http-nio-8080-exec-1] d.a.a.c.PreparationController - Point d'entrée à la méthode getCommandeParPreparateur du PreparationController avec date 2024-11-04
2024-11-05 00:10:42 INFO  [http-nio-8080-exec-9] d.a.a.c.PreparationController - Point d'entrée à la méthode getCommandeParPreparateur du PreparationController avec date 2024-11-04
2024-11-05 00:10:42 INFO  [http-nio-8080-exec-1] d.a.a.s.impl.PreparationServiceImpl - Entering the getCommandes method from the PreparationService with date 2024-11-04
2024-11-05 00:10:42 INFO  [http-nio-8080-exec-9] d.a.a.s.impl.PreparationServiceImpl - Entering the getCommandes method from the PreparationService with date 2024-11-04
2024-11-05 00:10:42 INFO  [http-nio-8080-exec-9] d.a.a.s.impl.PreparationServiceImpl - Récupération de l'id de préparateur à partir du service qui est de : 159
2024-11-05 00:10:42 INFO  [http-nio-8080-exec-1] d.a.a.s.impl.PreparationServiceImpl - Récupération de l'id de préparateur à partir du service qui est de : 159
2024-11-05 00:10:42 INFO  [http-nio-8080-exec-9] d.a.a.s.impl.PreparationServiceImpl - Fetching the liste of orders by preparateur from the repo
2024-11-05 00:10:42 INFO  [http-nio-8080-exec-1] d.a.a.s.impl.PreparationServiceImpl - Fetching the liste of orders by preparateur from the repo
2024-11-05 00:10:42 INFO  [http-nio-8080-exec-9] d.a.a.s.impl.PreparationServiceImpl - Returning fetched data to controller with length 0
2024-11-05 00:10:42 INFO  [http-nio-8080-exec-1] d.a.a.s.impl.PreparationServiceImpl - Returning fetched data to controller with length 0
2024-11-05 00:10:42 INFO  [http-nio-8080-exec-9] d.a.a.c.PreparationController - Récupération de la liste des commandes par préparateur à partir du service avec size : 0
2024-11-05 00:10:42 INFO  [http-nio-8080-exec-1] d.a.a.c.PreparationController - Récupération de la liste des commandes par préparateur à partir du service avec size : 0
2024-11-05 00:18:44 INFO  [http-nio-8080-exec-5] d.a.a.s.JWTAuthenticationFilter - Entering the JWTAuthenticationFilter
2024-11-05 00:18:44 INFO  [http-nio-8080-exec-5] d.a.a.s.JWTAuthenticationFilter - JWTAuthenticationFilter recieving the token eyJhbGciOiJIUzUxMiJ9.eyJjb21wYW55SWQiOiIxIiwidXNlcm5hbWUiOiJTLkJFTk1BTU1BUiIsIm5hbWUiOiJTaWRhbGkgQkVOIE1BTU1BUiIsImlhdCI6MTczMDc1NTA5NCwiZXhwIjoxNzMwODQxNDk0fQ.KK5-cDsp9cdeWw_5CZ5_pfMdEqZ05vbDHmE82P8lP-T61jVi00zlAdQ4jR_3qlF_0PCtDreq0boPaKiH9lyvTA
2024-11-05 00:18:44 INFO  [http-nio-8080-exec-5] d.a.a.s.JWTAuthenticationFilter - Parsed the username from the token 1:S.BENMAMMAR
2024-11-05 00:18:44 INFO  [http-nio-8080-exec-5] d.a.a.s.CustomUserDetailsService - Entering loadUserByUsername method of UserDetails with 1:S.BENMAMMAR
2024-11-05 00:18:44 INFO  [http-nio-8080-exec-5] d.a.a.s.CustomUserDetailsService - The companyId is 1
2024-11-05 00:18:44 INFO  [http-nio-8080-exec-5] d.a.a.s.CustomUserDetailsService - The userCode is S.BENMAMMAR
2024-11-05 00:18:44 INFO  [http-nio-8080-exec-5] d.a.a.c.PreparationController - Point d'entrée à la méthode getCommandeParPreparateur du PreparationController avec date 
2024-11-05 00:18:44 INFO  [http-nio-8080-exec-5] d.a.a.s.impl.PreparationServiceImpl - Entering the getCommandes method from the PreparationService with date 
2024-11-05 00:18:44 INFO  [http-nio-8080-exec-5] d.a.a.s.impl.PreparationServiceImpl - Récupération de l'id de préparateur à partir du service qui est de : 159
2024-11-05 00:18:44 INFO  [http-nio-8080-exec-5] d.a.a.s.impl.PreparationServiceImpl - Fetching the liste of orders by preparateur from the repo
2024-11-05 00:18:44 INFO  [http-nio-8080-exec-5] d.a.a.s.impl.PreparationServiceImpl - Returning fetched data to controller with length 41
2024-11-05 00:18:44 INFO  [http-nio-8080-exec-5] d.a.a.c.PreparationController - Récupération de la liste des commandes par préparateur à partir du service avec size : 41
2024-11-05 00:19:11 INFO  [http-nio-8080-exec-4] d.a.a.s.JWTAuthenticationFilter - Entering the JWTAuthenticationFilter
2024-11-05 00:19:11 INFO  [http-nio-8080-exec-4] d.a.a.s.JWTAuthenticationFilter - JWTAuthenticationFilter recieving the token eyJhbGciOiJIUzUxMiJ9.eyJjb21wYW55SWQiOiIxIiwidXNlcm5hbWUiOiJTLkJFTk1BTU1BUiIsIm5hbWUiOiJTaWRhbGkgQkVOIE1BTU1BUiIsImlhdCI6MTczMDc1NTA5NCwiZXhwIjoxNzMwODQxNDk0fQ.KK5-cDsp9cdeWw_5CZ5_pfMdEqZ05vbDHmE82P8lP-T61jVi00zlAdQ4jR_3qlF_0PCtDreq0boPaKiH9lyvTA
2024-11-05 00:19:11 INFO  [http-nio-8080-exec-4] d.a.a.s.JWTAuthenticationFilter - Parsed the username from the token 1:S.BENMAMMAR
2024-11-05 00:19:11 INFO  [http-nio-8080-exec-4] d.a.a.s.CustomUserDetailsService - Entering loadUserByUsername method of UserDetails with 1:S.BENMAMMAR
2024-11-05 00:19:11 INFO  [http-nio-8080-exec-4] d.a.a.s.CustomUserDetailsService - The companyId is 1
2024-11-05 00:19:11 INFO  [http-nio-8080-exec-4] d.a.a.s.CustomUserDetailsService - The userCode is S.BENMAMMAR
2024-11-05 00:19:11 INFO  [http-nio-8080-exec-4] d.a.a.c.PreparationController - Entering the method startPrepareCde from the PreparationController
2024-11-05 00:19:11 INFO  [http-nio-8080-exec-4] d.a.a.s.impl.PreparationServiceImpl - Entering the method startPrepareCde from the PreparationService
2024-11-05 00:19:11 INFO  [http-nio-8080-exec-4] d.a.a.s.impl.PreparationServiceImpl - Valeur de retour de la stored procedure for starting preparation with cde is 0
2024-11-05 00:19:39 INFO  [http-nio-8080-exec-8] d.a.a.s.JWTAuthenticationFilter - Entering the JWTAuthenticationFilter
2024-11-05 00:19:39 INFO  [http-nio-8080-exec-8] d.a.a.s.JWTAuthenticationFilter - JWTAuthenticationFilter recieving the token eyJhbGciOiJIUzUxMiJ9.eyJjb21wYW55SWQiOiIxIiwidXNlcm5hbWUiOiJTLkJFTk1BTU1BUiIsIm5hbWUiOiJTaWRhbGkgQkVOIE1BTU1BUiIsImlhdCI6MTczMDc1NTA5NCwiZXhwIjoxNzMwODQxNDk0fQ.KK5-cDsp9cdeWw_5CZ5_pfMdEqZ05vbDHmE82P8lP-T61jVi00zlAdQ4jR_3qlF_0PCtDreq0boPaKiH9lyvTA
2024-11-05 00:19:39 INFO  [http-nio-8080-exec-8] d.a.a.s.JWTAuthenticationFilter - Parsed the username from the token 1:S.BENMAMMAR
2024-11-05 00:19:39 INFO  [http-nio-8080-exec-8] d.a.a.s.CustomUserDetailsService - Entering loadUserByUsername method of UserDetails with 1:S.BENMAMMAR
2024-11-05 00:19:39 INFO  [http-nio-8080-exec-8] d.a.a.s.CustomUserDetailsService - The companyId is 1
2024-11-05 00:19:39 INFO  [http-nio-8080-exec-8] d.a.a.s.CustomUserDetailsService - The userCode is S.BENMAMMAR
2024-11-05 00:19:39 INFO  [http-nio-8080-exec-8] d.a.a.controllers.CompanyController - Entering getMethod method from CompanyController
2024-11-05 00:19:39 INFO  [http-nio-8080-exec-8] d.a.a.controllers.CompanyController - Returning the value of the method 1
2024-11-05 00:19:41 INFO  [http-nio-8080-exec-7] d.a.a.s.JWTAuthenticationFilter - Entering the JWTAuthenticationFilter
2024-11-05 00:19:41 INFO  [http-nio-8080-exec-7] d.a.a.s.JWTAuthenticationFilter - JWTAuthenticationFilter recieving the token eyJhbGciOiJIUzUxMiJ9.eyJjb21wYW55SWQiOiIxIiwidXNlcm5hbWUiOiJTLkJFTk1BTU1BUiIsIm5hbWUiOiJTaWRhbGkgQkVOIE1BTU1BUiIsImlhdCI6MTczMDc1NTA5NCwiZXhwIjoxNzMwODQxNDk0fQ.KK5-cDsp9cdeWw_5CZ5_pfMdEqZ05vbDHmE82P8lP-T61jVi00zlAdQ4jR_3qlF_0PCtDreq0boPaKiH9lyvTA
2024-11-05 00:19:41 INFO  [http-nio-8080-exec-7] d.a.a.s.JWTAuthenticationFilter - Parsed the username from the token 1:S.BENMAMMAR
2024-11-05 00:19:41 INFO  [http-nio-8080-exec-7] d.a.a.s.CustomUserDetailsService - Entering loadUserByUsername method of UserDetails with 1:S.BENMAMMAR
2024-11-05 00:19:41 INFO  [http-nio-8080-exec-7] d.a.a.s.CustomUserDetailsService - The companyId is 1
2024-11-05 00:19:41 INFO  [http-nio-8080-exec-7] d.a.a.s.CustomUserDetailsService - The userCode is S.BENMAMMAR
2024-11-05 00:19:41 INFO  [http-nio-8080-exec-7] d.a.a.controllers.UserController - Entering the getPreparationAuthorization method from the UserController
2024-11-05 00:19:41 INFO  [http-nio-8080-exec-7] d.a.a.s.i.AuthorizationServiceImpl - Entering the getPreparationAuthorization method from the AuthorizationService for formCode 481
2024-11-05 00:19:41 INFO  [http-nio-8080-exec-7] d.a.a.controllers.UserController - Preparation Authorization retrieved from the service : AuthorizationDto(code=481, value=1)
2024-11-05 00:19:41 INFO  [http-nio-8080-exec-6] d.a.a.s.JWTAuthenticationFilter - Entering the JWTAuthenticationFilter
2024-11-05 00:19:41 INFO  [http-nio-8080-exec-6] d.a.a.s.JWTAuthenticationFilter - JWTAuthenticationFilter recieving the token eyJhbGciOiJIUzUxMiJ9.eyJjb21wYW55SWQiOiIxIiwidXNlcm5hbWUiOiJTLkJFTk1BTU1BUiIsIm5hbWUiOiJTaWRhbGkgQkVOIE1BTU1BUiIsImlhdCI6MTczMDc1NTA5NCwiZXhwIjoxNzMwODQxNDk0fQ.KK5-cDsp9cdeWw_5CZ5_pfMdEqZ05vbDHmE82P8lP-T61jVi00zlAdQ4jR_3qlF_0PCtDreq0boPaKiH9lyvTA
2024-11-05 00:19:41 INFO  [http-nio-8080-exec-6] d.a.a.s.JWTAuthenticationFilter - Parsed the username from the token 1:S.BENMAMMAR
2024-11-05 00:19:41 INFO  [http-nio-8080-exec-6] d.a.a.s.CustomUserDetailsService - Entering loadUserByUsername method of UserDetails with 1:S.BENMAMMAR
2024-11-05 00:19:41 INFO  [http-nio-8080-exec-6] d.a.a.s.CustomUserDetailsService - The companyId is 1
2024-11-05 00:19:41 INFO  [http-nio-8080-exec-6] d.a.a.s.CustomUserDetailsService - The userCode is S.BENMAMMAR
2024-11-05 00:19:41 INFO  [http-nio-8080-exec-6] d.a.a.c.PreparationController - Point d'entrée à la méthode getCommandeParPreparateur du PreparationController avec date 2024-11-04
2024-11-05 00:19:41 INFO  [http-nio-8080-exec-6] d.a.a.s.impl.PreparationServiceImpl - Entering the getCommandes method from the PreparationService with date 2024-11-04
2024-11-05 00:19:41 INFO  [http-nio-8080-exec-6] d.a.a.s.impl.PreparationServiceImpl - Récupération de l'id de préparateur à partir du service qui est de : 159
2024-11-05 00:19:41 INFO  [http-nio-8080-exec-6] d.a.a.s.impl.PreparationServiceImpl - Fetching the liste of orders by preparateur from the repo
2024-11-05 00:19:41 INFO  [http-nio-8080-exec-6] d.a.a.s.impl.PreparationServiceImpl - Returning fetched data to controller with length 0
2024-11-05 00:19:41 INFO  [http-nio-8080-exec-6] d.a.a.c.PreparationController - Récupération de la liste des commandes par préparateur à partir du service avec size : 0
2024-11-05 00:19:41 INFO  [http-nio-8080-exec-10] d.a.a.s.JWTAuthenticationFilter - Entering the JWTAuthenticationFilter
2024-11-05 00:19:41 INFO  [http-nio-8080-exec-10] d.a.a.s.JWTAuthenticationFilter - JWTAuthenticationFilter recieving the token eyJhbGciOiJIUzUxMiJ9.eyJjb21wYW55SWQiOiIxIiwidXNlcm5hbWUiOiJTLkJFTk1BTU1BUiIsIm5hbWUiOiJTaWRhbGkgQkVOIE1BTU1BUiIsImlhdCI6MTczMDc1NTA5NCwiZXhwIjoxNzMwODQxNDk0fQ.KK5-cDsp9cdeWw_5CZ5_pfMdEqZ05vbDHmE82P8lP-T61jVi00zlAdQ4jR_3qlF_0PCtDreq0boPaKiH9lyvTA
2024-11-05 00:19:41 INFO  [http-nio-8080-exec-10] d.a.a.s.JWTAuthenticationFilter - Parsed the username from the token 1:S.BENMAMMAR
2024-11-05 00:19:41 INFO  [http-nio-8080-exec-10] d.a.a.s.CustomUserDetailsService - Entering loadUserByUsername method of UserDetails with 1:S.BENMAMMAR
2024-11-05 00:19:41 INFO  [http-nio-8080-exec-10] d.a.a.s.CustomUserDetailsService - The companyId is 1
2024-11-05 00:19:41 INFO  [http-nio-8080-exec-10] d.a.a.s.CustomUserDetailsService - The userCode is S.BENMAMMAR
2024-11-05 00:19:41 INFO  [http-nio-8080-exec-10] d.a.a.c.PreparationController - Point d'entrée à la méthode getCommandeParPreparateur du PreparationController avec date 2024-11-04
2024-11-05 00:19:41 INFO  [http-nio-8080-exec-10] d.a.a.s.impl.PreparationServiceImpl - Entering the getCommandes method from the PreparationService with date 2024-11-04
2024-11-05 00:19:41 INFO  [http-nio-8080-exec-10] d.a.a.s.impl.PreparationServiceImpl - Récupération de l'id de préparateur à partir du service qui est de : 159
2024-11-05 00:19:41 INFO  [http-nio-8080-exec-10] d.a.a.s.impl.PreparationServiceImpl - Fetching the liste of orders by preparateur from the repo
2024-11-05 00:19:41 INFO  [http-nio-8080-exec-10] d.a.a.s.impl.PreparationServiceImpl - Returning fetched data to controller with length 0
2024-11-05 00:19:41 INFO  [http-nio-8080-exec-10] d.a.a.c.PreparationController - Récupération de la liste des commandes par préparateur à partir du service avec size : 0
2024-11-05 00:19:46 INFO  [http-nio-8080-exec-9] d.a.a.s.JWTAuthenticationFilter - Entering the JWTAuthenticationFilter
2024-11-05 00:19:46 INFO  [http-nio-8080-exec-9] d.a.a.s.JWTAuthenticationFilter - JWTAuthenticationFilter recieving the token eyJhbGciOiJIUzUxMiJ9.eyJjb21wYW55SWQiOiIxIiwidXNlcm5hbWUiOiJTLkJFTk1BTU1BUiIsIm5hbWUiOiJTaWRhbGkgQkVOIE1BTU1BUiIsImlhdCI6MTczMDc1NTA5NCwiZXhwIjoxNzMwODQxNDk0fQ.KK5-cDsp9cdeWw_5CZ5_pfMdEqZ05vbDHmE82P8lP-T61jVi00zlAdQ4jR_3qlF_0PCtDreq0boPaKiH9lyvTA
2024-11-05 00:19:46 INFO  [http-nio-8080-exec-9] d.a.a.s.JWTAuthenticationFilter - Parsed the username from the token 1:S.BENMAMMAR
2024-11-05 00:19:46 INFO  [http-nio-8080-exec-9] d.a.a.s.CustomUserDetailsService - Entering loadUserByUsername method of UserDetails with 1:S.BENMAMMAR
2024-11-05 00:19:46 INFO  [http-nio-8080-exec-9] d.a.a.s.CustomUserDetailsService - The companyId is 1
2024-11-05 00:19:46 INFO  [http-nio-8080-exec-9] d.a.a.s.CustomUserDetailsService - The userCode is S.BENMAMMAR
2024-11-05 00:19:46 INFO  [http-nio-8080-exec-9] d.a.a.c.PreparationController - Point d'entrée à la méthode getCommandeParPreparateur du PreparationController avec date 
2024-11-05 00:19:46 INFO  [http-nio-8080-exec-9] d.a.a.s.impl.PreparationServiceImpl - Entering the getCommandes method from the PreparationService with date 
2024-11-05 00:19:46 INFO  [http-nio-8080-exec-9] d.a.a.s.impl.PreparationServiceImpl - Récupération de l'id de préparateur à partir du service qui est de : 159
2024-11-05 00:19:46 INFO  [http-nio-8080-exec-9] d.a.a.s.impl.PreparationServiceImpl - Fetching the liste of orders by preparateur from the repo
2024-11-05 00:19:46 INFO  [http-nio-8080-exec-9] d.a.a.s.impl.PreparationServiceImpl - Returning fetched data to controller with length 41
2024-11-05 00:19:46 INFO  [http-nio-8080-exec-9] d.a.a.c.PreparationController - Récupération de la liste des commandes par préparateur à partir du service avec size : 41
2024-11-05 00:20:01 INFO  [http-nio-8080-exec-1] d.a.a.s.JWTAuthenticationFilter - Entering the JWTAuthenticationFilter
2024-11-05 00:20:01 INFO  [http-nio-8080-exec-1] d.a.a.s.JWTAuthenticationFilter - JWTAuthenticationFilter recieving the token eyJhbGciOiJIUzUxMiJ9.eyJjb21wYW55SWQiOiIxIiwidXNlcm5hbWUiOiJTLkJFTk1BTU1BUiIsIm5hbWUiOiJTaWRhbGkgQkVOIE1BTU1BUiIsImlhdCI6MTczMDc1NTA5NCwiZXhwIjoxNzMwODQxNDk0fQ.KK5-cDsp9cdeWw_5CZ5_pfMdEqZ05vbDHmE82P8lP-T61jVi00zlAdQ4jR_3qlF_0PCtDreq0boPaKiH9lyvTA
2024-11-05 00:20:01 INFO  [http-nio-8080-exec-1] d.a.a.s.JWTAuthenticationFilter - Parsed the username from the token 1:S.BENMAMMAR
2024-11-05 00:20:01 INFO  [http-nio-8080-exec-1] d.a.a.s.CustomUserDetailsService - Entering loadUserByUsername method of UserDetails with 1:S.BENMAMMAR
2024-11-05 00:20:01 INFO  [http-nio-8080-exec-1] d.a.a.s.CustomUserDetailsService - The companyId is 1
2024-11-05 00:20:01 INFO  [http-nio-8080-exec-1] d.a.a.s.CustomUserDetailsService - The userCode is S.BENMAMMAR
2024-11-05 00:20:01 INFO  [http-nio-8080-exec-1] d.a.a.c.PreparationController - Entering the method getAllMotifs from the PreparationController
2024-11-05 00:20:01 INFO  [http-nio-8080-exec-1] d.a.a.s.impl.PreparationServiceImpl - Entering the geAllMotif method from the PreparationService
2024-11-05 00:20:01 INFO  [http-nio-8080-exec-2] d.a.a.s.JWTAuthenticationFilter - Entering the JWTAuthenticationFilter
2024-11-05 00:20:01 INFO  [http-nio-8080-exec-2] d.a.a.s.JWTAuthenticationFilter - JWTAuthenticationFilter recieving the token eyJhbGciOiJIUzUxMiJ9.eyJjb21wYW55SWQiOiIxIiwidXNlcm5hbWUiOiJTLkJFTk1BTU1BUiIsIm5hbWUiOiJTaWRhbGkgQkVOIE1BTU1BUiIsImlhdCI6MTczMDc1NTA5NCwiZXhwIjoxNzMwODQxNDk0fQ.KK5-cDsp9cdeWw_5CZ5_pfMdEqZ05vbDHmE82P8lP-T61jVi00zlAdQ4jR_3qlF_0PCtDreq0boPaKiH9lyvTA
2024-11-05 00:20:01 INFO  [http-nio-8080-exec-2] d.a.a.s.JWTAuthenticationFilter - Parsed the username from the token 1:S.BENMAMMAR
2024-11-05 00:20:01 INFO  [http-nio-8080-exec-2] d.a.a.s.CustomUserDetailsService - Entering loadUserByUsername method of UserDetails with 1:S.BENMAMMAR
2024-11-05 00:20:01 INFO  [http-nio-8080-exec-2] d.a.a.s.CustomUserDetailsService - The companyId is 1
2024-11-05 00:20:01 INFO  [http-nio-8080-exec-2] d.a.a.s.CustomUserDetailsService - The userCode is S.BENMAMMAR
2024-11-05 00:20:01 INFO  [http-nio-8080-exec-1] d.a.a.s.impl.PreparationServiceImpl - Fetched the motifs from the repo [Motif(id=1, libelle=Produit en rupture de stock, cmpId=1), Motif(id=2, libelle=Quantité insuffisante, cmpId=1), Motif(id=3, libelle=Produit perimé, cmpId=1), Motif(id=4, libelle=Problème de lot, cmpId=1), Motif(id=5, libelle=Restrictions légales, cmpId=1), Motif(id=6, libelle=Commande annulée, cmpId=1)]
2024-11-05 00:20:01 INFO  [http-nio-8080-exec-1] d.a.a.c.PreparationController - Fetched the list of motifs from the service [Motif(id=1, libelle=Produit en rupture de stock, cmpId=1), Motif(id=2, libelle=Quantité insuffisante, cmpId=1), Motif(id=3, libelle=Produit perimé, cmpId=1), Motif(id=4, libelle=Problème de lot, cmpId=1), Motif(id=5, libelle=Restrictions légales, cmpId=1), Motif(id=6, libelle=Commande annulée, cmpId=1)]
2024-11-05 00:20:01 INFO  [http-nio-8080-exec-2] d.a.a.c.PreparationController - Entering the getDetailsVente method from the PreparationController
2024-11-05 00:20:01 INFO  [http-nio-8080-exec-2] d.a.a.s.impl.PreparationServiceImpl - Entering the getDetailsVente method from the PreparationService
2024-11-05 00:20:01 INFO  [http-nio-8080-exec-2] d.a.a.s.impl.PreparationServiceImpl - Retruning results from the PreparationService with length 1
2024-11-05 00:20:01 INFO  [http-nio-8080-exec-3] d.a.a.s.JWTAuthenticationFilter - Entering the JWTAuthenticationFilter
2024-11-05 00:20:01 INFO  [http-nio-8080-exec-3] d.a.a.s.JWTAuthenticationFilter - JWTAuthenticationFilter recieving the token eyJhbGciOiJIUzUxMiJ9.eyJjb21wYW55SWQiOiIxIiwidXNlcm5hbWUiOiJTLkJFTk1BTU1BUiIsIm5hbWUiOiJTaWRhbGkgQkVOIE1BTU1BUiIsImlhdCI6MTczMDc1NTA5NCwiZXhwIjoxNzMwODQxNDk0fQ.KK5-cDsp9cdeWw_5CZ5_pfMdEqZ05vbDHmE82P8lP-T61jVi00zlAdQ4jR_3qlF_0PCtDreq0boPaKiH9lyvTA
2024-11-05 00:20:01 INFO  [http-nio-8080-exec-3] d.a.a.s.JWTAuthenticationFilter - Parsed the username from the token 1:S.BENMAMMAR
2024-11-05 00:20:01 INFO  [http-nio-8080-exec-3] d.a.a.s.CustomUserDetailsService - Entering loadUserByUsername method of UserDetails with 1:S.BENMAMMAR
2024-11-05 00:20:01 INFO  [http-nio-8080-exec-3] d.a.a.s.CustomUserDetailsService - The companyId is 1
2024-11-05 00:20:01 INFO  [http-nio-8080-exec-3] d.a.a.s.CustomUserDetailsService - The userCode is S.BENMAMMAR
2024-11-05 00:20:01 INFO  [http-nio-8080-exec-3] d.a.a.c.PreparationController - Entering the method getAllMotifs from the PreparationController
2024-11-05 00:20:01 INFO  [http-nio-8080-exec-3] d.a.a.s.impl.PreparationServiceImpl - Entering the geAllMotif method from the PreparationService
2024-11-05 00:20:01 INFO  [http-nio-8080-exec-3] d.a.a.s.impl.PreparationServiceImpl - Fetched the motifs from the repo [Motif(id=1, libelle=Produit en rupture de stock, cmpId=1), Motif(id=2, libelle=Quantité insuffisante, cmpId=1), Motif(id=3, libelle=Produit perimé, cmpId=1), Motif(id=4, libelle=Problème de lot, cmpId=1), Motif(id=5, libelle=Restrictions légales, cmpId=1), Motif(id=6, libelle=Commande annulée, cmpId=1)]
2024-11-05 00:20:01 INFO  [http-nio-8080-exec-3] d.a.a.c.PreparationController - Fetched the list of motifs from the service [Motif(id=1, libelle=Produit en rupture de stock, cmpId=1), Motif(id=2, libelle=Quantité insuffisante, cmpId=1), Motif(id=3, libelle=Produit perimé, cmpId=1), Motif(id=4, libelle=Problème de lot, cmpId=1), Motif(id=5, libelle=Restrictions légales, cmpId=1), Motif(id=6, libelle=Commande annulée, cmpId=1)]
2024-11-05 00:22:38 INFO  [http-nio-8080-exec-6] d.a.a.s.JWTAuthenticationFilter - Entering the JWTAuthenticationFilter
2024-11-05 00:22:38 INFO  [http-nio-8080-exec-7] d.a.a.s.JWTAuthenticationFilter - Entering the JWTAuthenticationFilter
2024-11-05 00:22:38 INFO  [http-nio-8080-exec-6] d.a.a.s.JWTAuthenticationFilter - JWTAuthenticationFilter recieving the token eyJhbGciOiJIUzUxMiJ9.eyJjb21wYW55SWQiOiIxIiwidXNlcm5hbWUiOiJTLkJFTk1BTU1BUiIsIm5hbWUiOiJTaWRhbGkgQkVOIE1BTU1BUiIsImlhdCI6MTczMDc1NTA5NCwiZXhwIjoxNzMwODQxNDk0fQ.KK5-cDsp9cdeWw_5CZ5_pfMdEqZ05vbDHmE82P8lP-T61jVi00zlAdQ4jR_3qlF_0PCtDreq0boPaKiH9lyvTA
2024-11-05 00:22:38 INFO  [http-nio-8080-exec-7] d.a.a.s.JWTAuthenticationFilter - JWTAuthenticationFilter recieving the token eyJhbGciOiJIUzUxMiJ9.eyJjb21wYW55SWQiOiIxIiwidXNlcm5hbWUiOiJTLkJFTk1BTU1BUiIsIm5hbWUiOiJTaWRhbGkgQkVOIE1BTU1BUiIsImlhdCI6MTczMDc1NTA5NCwiZXhwIjoxNzMwODQxNDk0fQ.KK5-cDsp9cdeWw_5CZ5_pfMdEqZ05vbDHmE82P8lP-T61jVi00zlAdQ4jR_3qlF_0PCtDreq0boPaKiH9lyvTA
2024-11-05 00:22:38 INFO  [http-nio-8080-exec-7] d.a.a.s.JWTAuthenticationFilter - Parsed the username from the token 1:S.BENMAMMAR
2024-11-05 00:22:38 INFO  [http-nio-8080-exec-7] d.a.a.s.CustomUserDetailsService - Entering loadUserByUsername method of UserDetails with 1:S.BENMAMMAR
2024-11-05 00:22:38 INFO  [http-nio-8080-exec-7] d.a.a.s.CustomUserDetailsService - The companyId is 1
2024-11-05 00:22:38 INFO  [http-nio-8080-exec-7] d.a.a.s.CustomUserDetailsService - The userCode is S.BENMAMMAR
2024-11-05 00:22:38 INFO  [http-nio-8080-exec-6] d.a.a.s.JWTAuthenticationFilter - Parsed the username from the token 1:S.BENMAMMAR
2024-11-05 00:22:38 INFO  [http-nio-8080-exec-6] d.a.a.s.CustomUserDetailsService - Entering loadUserByUsername method of UserDetails with 1:S.BENMAMMAR
2024-11-05 00:22:38 INFO  [http-nio-8080-exec-6] d.a.a.s.CustomUserDetailsService - The companyId is 1
2024-11-05 00:22:38 INFO  [http-nio-8080-exec-6] d.a.a.s.CustomUserDetailsService - The userCode is S.BENMAMMAR
2024-11-05 00:22:38 INFO  [http-nio-8080-exec-7] d.a.a.controllers.UserController - Entering the getPreparationAuthorization method from the UserController
2024-11-05 00:22:38 INFO  [http-nio-8080-exec-7] d.a.a.s.i.AuthorizationServiceImpl - Entering the getPreparationAuthorization method from the AuthorizationService for formCode 481
2024-11-05 00:22:38 INFO  [http-nio-8080-exec-6] d.a.a.c.PreparationController - Point d'entrée à la méthode getCommandeParPreparateur du PreparationController avec date 2024-11-04
2024-11-05 00:22:38 INFO  [http-nio-8080-exec-6] d.a.a.s.impl.PreparationServiceImpl - Entering the getCommandes method from the PreparationService with date 2024-11-04
2024-11-05 00:22:38 INFO  [http-nio-8080-exec-6] d.a.a.s.impl.PreparationServiceImpl - Récupération de l'id de préparateur à partir du service qui est de : 159
2024-11-05 00:22:38 INFO  [http-nio-8080-exec-6] d.a.a.s.impl.PreparationServiceImpl - Fetching the liste of orders by preparateur from the repo
2024-11-05 00:22:38 INFO  [http-nio-8080-exec-7] d.a.a.controllers.UserController - Preparation Authorization retrieved from the service : AuthorizationDto(code=481, value=1)
2024-11-05 00:22:38 INFO  [http-nio-8080-exec-6] d.a.a.s.impl.PreparationServiceImpl - Returning fetched data to controller with length 0
2024-11-05 00:22:38 INFO  [http-nio-8080-exec-6] d.a.a.c.PreparationController - Récupération de la liste des commandes par préparateur à partir du service avec size : 0
2024-11-05 00:22:39 INFO  [http-nio-8080-exec-9] d.a.a.s.JWTAuthenticationFilter - Entering the JWTAuthenticationFilter
2024-11-05 00:22:39 INFO  [http-nio-8080-exec-9] d.a.a.s.JWTAuthenticationFilter - JWTAuthenticationFilter recieving the token eyJhbGciOiJIUzUxMiJ9.eyJjb21wYW55SWQiOiIxIiwidXNlcm5hbWUiOiJTLkJFTk1BTU1BUiIsIm5hbWUiOiJTaWRhbGkgQkVOIE1BTU1BUiIsImlhdCI6MTczMDc1NTA5NCwiZXhwIjoxNzMwODQxNDk0fQ.KK5-cDsp9cdeWw_5CZ5_pfMdEqZ05vbDHmE82P8lP-T61jVi00zlAdQ4jR_3qlF_0PCtDreq0boPaKiH9lyvTA
2024-11-05 00:22:39 INFO  [http-nio-8080-exec-10] d.a.a.s.JWTAuthenticationFilter - Entering the JWTAuthenticationFilter
2024-11-05 00:22:39 INFO  [http-nio-8080-exec-10] d.a.a.s.JWTAuthenticationFilter - JWTAuthenticationFilter recieving the token eyJhbGciOiJIUzUxMiJ9.eyJjb21wYW55SWQiOiIxIiwidXNlcm5hbWUiOiJTLkJFTk1BTU1BUiIsIm5hbWUiOiJTaWRhbGkgQkVOIE1BTU1BUiIsImlhdCI6MTczMDc1NTA5NCwiZXhwIjoxNzMwODQxNDk0fQ.KK5-cDsp9cdeWw_5CZ5_pfMdEqZ05vbDHmE82P8lP-T61jVi00zlAdQ4jR_3qlF_0PCtDreq0boPaKiH9lyvTA
2024-11-05 00:22:39 INFO  [http-nio-8080-exec-10] d.a.a.s.JWTAuthenticationFilter - Parsed the username from the token 1:S.BENMAMMAR
2024-11-05 00:22:39 INFO  [http-nio-8080-exec-10] d.a.a.s.CustomUserDetailsService - Entering loadUserByUsername method of UserDetails with 1:S.BENMAMMAR
2024-11-05 00:22:39 INFO  [http-nio-8080-exec-10] d.a.a.s.CustomUserDetailsService - The companyId is 1
2024-11-05 00:22:39 INFO  [http-nio-8080-exec-10] d.a.a.s.CustomUserDetailsService - The userCode is S.BENMAMMAR
2024-11-05 00:22:39 INFO  [http-nio-8080-exec-9] d.a.a.s.JWTAuthenticationFilter - Parsed the username from the token 1:S.BENMAMMAR
2024-11-05 00:22:39 INFO  [http-nio-8080-exec-9] d.a.a.s.CustomUserDetailsService - Entering loadUserByUsername method of UserDetails with 1:S.BENMAMMAR
2024-11-05 00:22:39 INFO  [http-nio-8080-exec-9] d.a.a.s.CustomUserDetailsService - The companyId is 1
2024-11-05 00:22:39 INFO  [http-nio-8080-exec-9] d.a.a.s.CustomUserDetailsService - The userCode is S.BENMAMMAR
2024-11-05 00:22:39 INFO  [http-nio-8080-exec-9] d.a.a.c.PreparationController - Point d'entrée à la méthode getCommandeParPreparateur du PreparationController avec date 
2024-11-05 00:22:39 INFO  [http-nio-8080-exec-9] d.a.a.s.impl.PreparationServiceImpl - Entering the getCommandes method from the PreparationService with date 
2024-11-05 00:22:39 INFO  [http-nio-8080-exec-10] d.a.a.c.PreparationController - Point d'entrée à la méthode getCommandeParPreparateur du PreparationController avec date 
2024-11-05 00:22:39 INFO  [http-nio-8080-exec-10] d.a.a.s.impl.PreparationServiceImpl - Entering the getCommandes method from the PreparationService with date 
2024-11-05 00:22:39 INFO  [http-nio-8080-exec-9] d.a.a.s.impl.PreparationServiceImpl - Récupération de l'id de préparateur à partir du service qui est de : 159
2024-11-05 00:22:39 INFO  [http-nio-8080-exec-10] d.a.a.s.impl.PreparationServiceImpl - Récupération de l'id de préparateur à partir du service qui est de : 159
2024-11-05 00:22:39 INFO  [http-nio-8080-exec-10] d.a.a.s.impl.PreparationServiceImpl - Fetching the liste of orders by preparateur from the repo
2024-11-05 00:22:39 INFO  [http-nio-8080-exec-9] d.a.a.s.impl.PreparationServiceImpl - Fetching the liste of orders by preparateur from the repo
2024-11-05 00:22:39 INFO  [http-nio-8080-exec-10] d.a.a.s.impl.PreparationServiceImpl - Returning fetched data to controller with length 41
2024-11-05 00:22:39 INFO  [http-nio-8080-exec-10] d.a.a.c.PreparationController - Récupération de la liste des commandes par préparateur à partir du service avec size : 41
2024-11-05 00:22:39 INFO  [http-nio-8080-exec-9] d.a.a.s.impl.PreparationServiceImpl - Returning fetched data to controller with length 41
2024-11-05 00:22:39 INFO  [http-nio-8080-exec-9] d.a.a.c.PreparationController - Récupération de la liste des commandes par préparateur à partir du service avec size : 41
2024-11-05 00:23:07 INFO  [http-nio-8080-exec-1] d.a.a.s.JWTAuthenticationFilter - Entering the JWTAuthenticationFilter
2024-11-05 00:23:07 INFO  [http-nio-8080-exec-1] d.a.a.s.JWTAuthenticationFilter - JWTAuthenticationFilter recieving the token eyJhbGciOiJIUzUxMiJ9.eyJjb21wYW55SWQiOiIxIiwidXNlcm5hbWUiOiJTLkJFTk1BTU1BUiIsIm5hbWUiOiJTaWRhbGkgQkVOIE1BTU1BUiIsImlhdCI6MTczMDc1NTA5NCwiZXhwIjoxNzMwODQxNDk0fQ.KK5-cDsp9cdeWw_5CZ5_pfMdEqZ05vbDHmE82P8lP-T61jVi00zlAdQ4jR_3qlF_0PCtDreq0boPaKiH9lyvTA
2024-11-05 00:23:07 INFO  [http-nio-8080-exec-1] d.a.a.s.JWTAuthenticationFilter - Parsed the username from the token 1:S.BENMAMMAR
2024-11-05 00:23:07 INFO  [http-nio-8080-exec-1] d.a.a.s.CustomUserDetailsService - Entering loadUserByUsername method of UserDetails with 1:S.BENMAMMAR
2024-11-05 00:23:07 INFO  [http-nio-8080-exec-1] d.a.a.s.CustomUserDetailsService - The companyId is 1
2024-11-05 00:23:07 INFO  [http-nio-8080-exec-1] d.a.a.s.CustomUserDetailsService - The userCode is S.BENMAMMAR
2024-11-05 00:23:07 INFO  [http-nio-8080-exec-1] d.a.a.c.PreparationController - Entering the method startPrepareCde from the PreparationController
2024-11-05 00:23:07 INFO  [http-nio-8080-exec-1] d.a.a.s.impl.PreparationServiceImpl - Entering the method startPrepareCde from the PreparationService
2024-11-05 00:23:07 INFO  [http-nio-8080-exec-1] d.a.a.s.impl.PreparationServiceImpl - Valeur de retour de la stored procedure for starting preparation with cde is 0
2024-11-05 00:23:08 INFO  [http-nio-8080-exec-3] d.a.a.s.JWTAuthenticationFilter - Entering the JWTAuthenticationFilter
2024-11-05 00:23:08 INFO  [http-nio-8080-exec-3] d.a.a.s.JWTAuthenticationFilter - JWTAuthenticationFilter recieving the token eyJhbGciOiJIUzUxMiJ9.eyJjb21wYW55SWQiOiIxIiwidXNlcm5hbWUiOiJTLkJFTk1BTU1BUiIsIm5hbWUiOiJTaWRhbGkgQkVOIE1BTU1BUiIsImlhdCI6MTczMDc1NTA5NCwiZXhwIjoxNzMwODQxNDk0fQ.KK5-cDsp9cdeWw_5CZ5_pfMdEqZ05vbDHmE82P8lP-T61jVi00zlAdQ4jR_3qlF_0PCtDreq0boPaKiH9lyvTA
2024-11-05 00:23:08 INFO  [http-nio-8080-exec-2] d.a.a.s.JWTAuthenticationFilter - Entering the JWTAuthenticationFilter
2024-11-05 00:23:08 INFO  [http-nio-8080-exec-2] d.a.a.s.JWTAuthenticationFilter - JWTAuthenticationFilter recieving the token eyJhbGciOiJIUzUxMiJ9.eyJjb21wYW55SWQiOiIxIiwidXNlcm5hbWUiOiJTLkJFTk1BTU1BUiIsIm5hbWUiOiJTaWRhbGkgQkVOIE1BTU1BUiIsImlhdCI6MTczMDc1NTA5NCwiZXhwIjoxNzMwODQxNDk0fQ.KK5-cDsp9cdeWw_5CZ5_pfMdEqZ05vbDHmE82P8lP-T61jVi00zlAdQ4jR_3qlF_0PCtDreq0boPaKiH9lyvTA
2024-11-05 00:23:08 INFO  [http-nio-8080-exec-3] d.a.a.s.JWTAuthenticationFilter - Parsed the username from the token 1:S.BENMAMMAR
2024-11-05 00:23:08 INFO  [http-nio-8080-exec-2] d.a.a.s.JWTAuthenticationFilter - Parsed the username from the token 1:S.BENMAMMAR
2024-11-05 00:23:08 INFO  [http-nio-8080-exec-3] d.a.a.s.CustomUserDetailsService - Entering loadUserByUsername method of UserDetails with 1:S.BENMAMMAR
2024-11-05 00:23:08 INFO  [http-nio-8080-exec-3] d.a.a.s.CustomUserDetailsService - The companyId is 1
2024-11-05 00:23:08 INFO  [http-nio-8080-exec-3] d.a.a.s.CustomUserDetailsService - The userCode is S.BENMAMMAR
2024-11-05 00:23:08 INFO  [http-nio-8080-exec-2] d.a.a.s.CustomUserDetailsService - Entering loadUserByUsername method of UserDetails with 1:S.BENMAMMAR
2024-11-05 00:23:08 INFO  [http-nio-8080-exec-2] d.a.a.s.CustomUserDetailsService - The companyId is 1
2024-11-05 00:23:08 INFO  [http-nio-8080-exec-2] d.a.a.s.CustomUserDetailsService - The userCode is S.BENMAMMAR
2024-11-05 00:23:08 INFO  [http-nio-8080-exec-2] d.a.a.c.PreparationController - Entering the method getAllMotifs from the PreparationController
2024-11-05 00:23:08 INFO  [http-nio-8080-exec-2] d.a.a.s.impl.PreparationServiceImpl - Entering the geAllMotif method from the PreparationService
2024-11-05 00:23:08 INFO  [http-nio-8080-exec-3] d.a.a.c.PreparationController - Entering the getDetailsVente method from the PreparationController
2024-11-05 00:23:08 INFO  [http-nio-8080-exec-3] d.a.a.s.impl.PreparationServiceImpl - Entering the getDetailsVente method from the PreparationService
2024-11-05 00:23:08 INFO  [http-nio-8080-exec-3] d.a.a.s.impl.PreparationServiceImpl - Retruning results from the PreparationService with length 1
2024-11-05 00:23:08 INFO  [http-nio-8080-exec-2] d.a.a.s.impl.PreparationServiceImpl - Fetched the motifs from the repo [Motif(id=1, libelle=Produit en rupture de stock, cmpId=1), Motif(id=2, libelle=Quantité insuffisante, cmpId=1), Motif(id=3, libelle=Produit perimé, cmpId=1), Motif(id=4, libelle=Problème de lot, cmpId=1), Motif(id=5, libelle=Restrictions légales, cmpId=1), Motif(id=6, libelle=Commande annulée, cmpId=1)]
2024-11-05 00:23:08 INFO  [http-nio-8080-exec-2] d.a.a.c.PreparationController - Fetched the list of motifs from the service [Motif(id=1, libelle=Produit en rupture de stock, cmpId=1), Motif(id=2, libelle=Quantité insuffisante, cmpId=1), Motif(id=3, libelle=Produit perimé, cmpId=1), Motif(id=4, libelle=Problème de lot, cmpId=1), Motif(id=5, libelle=Restrictions légales, cmpId=1), Motif(id=6, libelle=Commande annulée, cmpId=1)]
2024-11-05 00:23:08 INFO  [http-nio-8080-exec-5] d.a.a.s.JWTAuthenticationFilter - Entering the JWTAuthenticationFilter
2024-11-05 00:23:08 INFO  [http-nio-8080-exec-5] d.a.a.s.JWTAuthenticationFilter - JWTAuthenticationFilter recieving the token eyJhbGciOiJIUzUxMiJ9.eyJjb21wYW55SWQiOiIxIiwidXNlcm5hbWUiOiJTLkJFTk1BTU1BUiIsIm5hbWUiOiJTaWRhbGkgQkVOIE1BTU1BUiIsImlhdCI6MTczMDc1NTA5NCwiZXhwIjoxNzMwODQxNDk0fQ.KK5-cDsp9cdeWw_5CZ5_pfMdEqZ05vbDHmE82P8lP-T61jVi00zlAdQ4jR_3qlF_0PCtDreq0boPaKiH9lyvTA
2024-11-05 00:23:08 INFO  [http-nio-8080-exec-5] d.a.a.s.JWTAuthenticationFilter - Parsed the username from the token 1:S.BENMAMMAR
2024-11-05 00:23:08 INFO  [http-nio-8080-exec-5] d.a.a.s.CustomUserDetailsService - Entering loadUserByUsername method of UserDetails with 1:S.BENMAMMAR
2024-11-05 00:23:08 INFO  [http-nio-8080-exec-5] d.a.a.s.CustomUserDetailsService - The companyId is 1
2024-11-05 00:23:08 INFO  [http-nio-8080-exec-5] d.a.a.s.CustomUserDetailsService - The userCode is S.BENMAMMAR
2024-11-05 00:23:08 INFO  [http-nio-8080-exec-5] d.a.a.c.PreparationController - Entering the method getAllMotifs from the PreparationController
2024-11-05 00:23:08 INFO  [http-nio-8080-exec-5] d.a.a.s.impl.PreparationServiceImpl - Entering the geAllMotif method from the PreparationService
2024-11-05 00:23:08 INFO  [http-nio-8080-exec-5] d.a.a.s.impl.PreparationServiceImpl - Fetched the motifs from the repo [Motif(id=1, libelle=Produit en rupture de stock, cmpId=1), Motif(id=2, libelle=Quantité insuffisante, cmpId=1), Motif(id=3, libelle=Produit perimé, cmpId=1), Motif(id=4, libelle=Problème de lot, cmpId=1), Motif(id=5, libelle=Restrictions légales, cmpId=1), Motif(id=6, libelle=Commande annulée, cmpId=1)]
2024-11-05 00:23:08 INFO  [http-nio-8080-exec-5] d.a.a.c.PreparationController - Fetched the list of motifs from the service [Motif(id=1, libelle=Produit en rupture de stock, cmpId=1), Motif(id=2, libelle=Quantité insuffisante, cmpId=1), Motif(id=3, libelle=Produit perimé, cmpId=1), Motif(id=4, libelle=Problème de lot, cmpId=1), Motif(id=5, libelle=Restrictions légales, cmpId=1), Motif(id=6, libelle=Commande annulée, cmpId=1)]
2024-11-05 00:23:16 INFO  [http-nio-8080-exec-8] d.a.a.s.JWTAuthenticationFilter - Entering the JWTAuthenticationFilter
2024-11-05 00:23:16 INFO  [http-nio-8080-exec-8] d.a.a.s.JWTAuthenticationFilter - JWTAuthenticationFilter recieving the token eyJhbGciOiJIUzUxMiJ9.eyJjb21wYW55SWQiOiIxIiwidXNlcm5hbWUiOiJTLkJFTk1BTU1BUiIsIm5hbWUiOiJTaWRhbGkgQkVOIE1BTU1BUiIsImlhdCI6MTczMDc1NTA5NCwiZXhwIjoxNzMwODQxNDk0fQ.KK5-cDsp9cdeWw_5CZ5_pfMdEqZ05vbDHmE82P8lP-T61jVi00zlAdQ4jR_3qlF_0PCtDreq0boPaKiH9lyvTA
2024-11-05 00:23:16 INFO  [http-nio-8080-exec-4] d.a.a.s.JWTAuthenticationFilter - Entering the JWTAuthenticationFilter
2024-11-05 00:23:16 INFO  [http-nio-8080-exec-4] d.a.a.s.JWTAuthenticationFilter - JWTAuthenticationFilter recieving the token eyJhbGciOiJIUzUxMiJ9.eyJjb21wYW55SWQiOiIxIiwidXNlcm5hbWUiOiJTLkJFTk1BTU1BUiIsIm5hbWUiOiJTaWRhbGkgQkVOIE1BTU1BUiIsImlhdCI6MTczMDc1NTA5NCwiZXhwIjoxNzMwODQxNDk0fQ.KK5-cDsp9cdeWw_5CZ5_pfMdEqZ05vbDHmE82P8lP-T61jVi00zlAdQ4jR_3qlF_0PCtDreq0boPaKiH9lyvTA
2024-11-05 00:23:16 INFO  [http-nio-8080-exec-4] d.a.a.s.JWTAuthenticationFilter - Parsed the username from the token 1:S.BENMAMMAR
2024-11-05 00:23:16 INFO  [http-nio-8080-exec-4] d.a.a.s.CustomUserDetailsService - Entering loadUserByUsername method of UserDetails with 1:S.BENMAMMAR
2024-11-05 00:23:16 INFO  [http-nio-8080-exec-4] d.a.a.s.CustomUserDetailsService - The companyId is 1
2024-11-05 00:23:16 INFO  [http-nio-8080-exec-4] d.a.a.s.CustomUserDetailsService - The userCode is S.BENMAMMAR
2024-11-05 00:23:16 INFO  [http-nio-8080-exec-8] d.a.a.s.JWTAuthenticationFilter - Parsed the username from the token 1:S.BENMAMMAR
2024-11-05 00:23:16 INFO  [http-nio-8080-exec-8] d.a.a.s.CustomUserDetailsService - Entering loadUserByUsername method of UserDetails with 1:S.BENMAMMAR
2024-11-05 00:23:16 INFO  [http-nio-8080-exec-8] d.a.a.s.CustomUserDetailsService - The companyId is 1
2024-11-05 00:23:16 INFO  [http-nio-8080-exec-8] d.a.a.s.CustomUserDetailsService - The userCode is S.BENMAMMAR
2024-11-05 00:23:16 INFO  [http-nio-8080-exec-4] d.a.a.controllers.UserController - Entering the getPreparationAuthorization method from the UserController
2024-11-05 00:23:16 INFO  [http-nio-8080-exec-4] d.a.a.s.i.AuthorizationServiceImpl - Entering the getPreparationAuthorization method from the AuthorizationService for formCode 481
2024-11-05 00:23:16 INFO  [http-nio-8080-exec-8] d.a.a.c.PreparationController - Point d'entrée à la méthode getCommandeParPreparateur du PreparationController avec date 
2024-11-05 00:23:16 INFO  [http-nio-8080-exec-8] d.a.a.s.impl.PreparationServiceImpl - Entering the getCommandes method from the PreparationService with date 
2024-11-05 00:23:16 INFO  [http-nio-8080-exec-8] d.a.a.s.impl.PreparationServiceImpl - Récupération de l'id de préparateur à partir du service qui est de : 159
2024-11-05 00:23:16 INFO  [http-nio-8080-exec-8] d.a.a.s.impl.PreparationServiceImpl - Fetching the liste of orders by preparateur from the repo
2024-11-05 00:23:16 INFO  [http-nio-8080-exec-4] d.a.a.controllers.UserController - Preparation Authorization retrieved from the service : AuthorizationDto(code=481, value=1)
2024-11-05 00:23:16 INFO  [http-nio-8080-exec-8] d.a.a.s.impl.PreparationServiceImpl - Returning fetched data to controller with length 41
2024-11-05 00:23:16 INFO  [http-nio-8080-exec-8] d.a.a.c.PreparationController - Récupération de la liste des commandes par préparateur à partir du service avec size : 41
2024-11-05 00:23:16 INFO  [http-nio-8080-exec-7] d.a.a.s.JWTAuthenticationFilter - Entering the JWTAuthenticationFilter
2024-11-05 00:23:16 INFO  [http-nio-8080-exec-6] d.a.a.s.JWTAuthenticationFilter - Entering the JWTAuthenticationFilter
2024-11-05 00:23:16 INFO  [http-nio-8080-exec-7] d.a.a.s.JWTAuthenticationFilter - JWTAuthenticationFilter recieving the token eyJhbGciOiJIUzUxMiJ9.eyJjb21wYW55SWQiOiIxIiwidXNlcm5hbWUiOiJTLkJFTk1BTU1BUiIsIm5hbWUiOiJTaWRhbGkgQkVOIE1BTU1BUiIsImlhdCI6MTczMDc1NTA5NCwiZXhwIjoxNzMwODQxNDk0fQ.KK5-cDsp9cdeWw_5CZ5_pfMdEqZ05vbDHmE82P8lP-T61jVi00zlAdQ4jR_3qlF_0PCtDreq0boPaKiH9lyvTA
2024-11-05 00:23:16 INFO  [http-nio-8080-exec-6] d.a.a.s.JWTAuthenticationFilter - JWTAuthenticationFilter recieving the token eyJhbGciOiJIUzUxMiJ9.eyJjb21wYW55SWQiOiIxIiwidXNlcm5hbWUiOiJTLkJFTk1BTU1BUiIsIm5hbWUiOiJTaWRhbGkgQkVOIE1BTU1BUiIsImlhdCI6MTczMDc1NTA5NCwiZXhwIjoxNzMwODQxNDk0fQ.KK5-cDsp9cdeWw_5CZ5_pfMdEqZ05vbDHmE82P8lP-T61jVi00zlAdQ4jR_3qlF_0PCtDreq0boPaKiH9lyvTA
2024-11-05 00:23:16 INFO  [http-nio-8080-exec-7] d.a.a.s.JWTAuthenticationFilter - Parsed the username from the token 1:S.BENMAMMAR
2024-11-05 00:23:16 INFO  [http-nio-8080-exec-6] d.a.a.s.JWTAuthenticationFilter - Parsed the username from the token 1:S.BENMAMMAR
2024-11-05 00:23:16 INFO  [http-nio-8080-exec-7] d.a.a.s.CustomUserDetailsService - Entering loadUserByUsername method of UserDetails with 1:S.BENMAMMAR
2024-11-05 00:23:16 INFO  [http-nio-8080-exec-6] d.a.a.s.CustomUserDetailsService - Entering loadUserByUsername method of UserDetails with 1:S.BENMAMMAR
2024-11-05 00:23:16 INFO  [http-nio-8080-exec-7] d.a.a.s.CustomUserDetailsService - The companyId is 1
2024-11-05 00:23:16 INFO  [http-nio-8080-exec-7] d.a.a.s.CustomUserDetailsService - The userCode is S.BENMAMMAR
2024-11-05 00:23:16 INFO  [http-nio-8080-exec-6] d.a.a.s.CustomUserDetailsService - The companyId is 1
2024-11-05 00:23:16 INFO  [http-nio-8080-exec-6] d.a.a.s.CustomUserDetailsService - The userCode is S.BENMAMMAR
2024-11-05 00:23:16 INFO  [http-nio-8080-exec-7] d.a.a.c.PreparationController - Point d'entrée à la méthode getCommandeParPreparateur du PreparationController avec date 
2024-11-05 00:23:16 INFO  [http-nio-8080-exec-7] d.a.a.s.impl.PreparationServiceImpl - Entering the getCommandes method from the PreparationService with date 
2024-11-05 00:23:16 INFO  [http-nio-8080-exec-6] d.a.a.c.PreparationController - Point d'entrée à la méthode getCommandeParPreparateur du PreparationController avec date 
2024-11-05 00:23:16 INFO  [http-nio-8080-exec-6] d.a.a.s.impl.PreparationServiceImpl - Entering the getCommandes method from the PreparationService with date 
2024-11-05 00:23:16 INFO  [http-nio-8080-exec-6] d.a.a.s.impl.PreparationServiceImpl - Récupération de l'id de préparateur à partir du service qui est de : 159
2024-11-05 00:23:16 INFO  [http-nio-8080-exec-7] d.a.a.s.impl.PreparationServiceImpl - Récupération de l'id de préparateur à partir du service qui est de : 159
2024-11-05 00:23:16 INFO  [http-nio-8080-exec-6] d.a.a.s.impl.PreparationServiceImpl - Fetching the liste of orders by preparateur from the repo
2024-11-05 00:23:16 INFO  [http-nio-8080-exec-7] d.a.a.s.impl.PreparationServiceImpl - Fetching the liste of orders by preparateur from the repo
2024-11-05 00:23:16 INFO  [http-nio-8080-exec-6] d.a.a.s.impl.PreparationServiceImpl - Returning fetched data to controller with length 41
2024-11-05 00:23:16 INFO  [http-nio-8080-exec-7] d.a.a.s.impl.PreparationServiceImpl - Returning fetched data to controller with length 41
2024-11-05 00:23:16 INFO  [http-nio-8080-exec-6] d.a.a.c.PreparationController - Récupération de la liste des commandes par préparateur à partir du service avec size : 41
2024-11-05 00:23:16 INFO  [http-nio-8080-exec-7] d.a.a.c.PreparationController - Récupération de la liste des commandes par préparateur à partir du service avec size : 41
2024-11-05 00:23:19 INFO  [http-nio-8080-exec-10] d.a.a.s.JWTAuthenticationFilter - Entering the JWTAuthenticationFilter
2024-11-05 00:23:19 INFO  [http-nio-8080-exec-9] d.a.a.s.JWTAuthenticationFilter - Entering the JWTAuthenticationFilter
2024-11-05 00:23:19 INFO  [http-nio-8080-exec-10] d.a.a.s.JWTAuthenticationFilter - JWTAuthenticationFilter recieving the token eyJhbGciOiJIUzUxMiJ9.eyJjb21wYW55SWQiOiIxIiwidXNlcm5hbWUiOiJTLkJFTk1BTU1BUiIsIm5hbWUiOiJTaWRhbGkgQkVOIE1BTU1BUiIsImlhdCI6MTczMDc1NTA5NCwiZXhwIjoxNzMwODQxNDk0fQ.KK5-cDsp9cdeWw_5CZ5_pfMdEqZ05vbDHmE82P8lP-T61jVi00zlAdQ4jR_3qlF_0PCtDreq0boPaKiH9lyvTA
2024-11-05 00:23:19 INFO  [http-nio-8080-exec-9] d.a.a.s.JWTAuthenticationFilter - JWTAuthenticationFilter recieving the token eyJhbGciOiJIUzUxMiJ9.eyJjb21wYW55SWQiOiIxIiwidXNlcm5hbWUiOiJTLkJFTk1BTU1BUiIsIm5hbWUiOiJTaWRhbGkgQkVOIE1BTU1BUiIsImlhdCI6MTczMDc1NTA5NCwiZXhwIjoxNzMwODQxNDk0fQ.KK5-cDsp9cdeWw_5CZ5_pfMdEqZ05vbDHmE82P8lP-T61jVi00zlAdQ4jR_3qlF_0PCtDreq0boPaKiH9lyvTA
2024-11-05 00:23:19 INFO  [http-nio-8080-exec-10] d.a.a.s.JWTAuthenticationFilter - Parsed the username from the token 1:S.BENMAMMAR
2024-11-05 00:23:19 INFO  [http-nio-8080-exec-10] d.a.a.s.CustomUserDetailsService - Entering loadUserByUsername method of UserDetails with 1:S.BENMAMMAR
2024-11-05 00:23:19 INFO  [http-nio-8080-exec-10] d.a.a.s.CustomUserDetailsService - The companyId is 1
2024-11-05 00:23:19 INFO  [http-nio-8080-exec-10] d.a.a.s.CustomUserDetailsService - The userCode is S.BENMAMMAR
2024-11-05 00:23:19 INFO  [http-nio-8080-exec-9] d.a.a.s.JWTAuthenticationFilter - Parsed the username from the token 1:S.BENMAMMAR
2024-11-05 00:23:19 INFO  [http-nio-8080-exec-9] d.a.a.s.CustomUserDetailsService - Entering loadUserByUsername method of UserDetails with 1:S.BENMAMMAR
2024-11-05 00:23:19 INFO  [http-nio-8080-exec-9] d.a.a.s.CustomUserDetailsService - The companyId is 1
2024-11-05 00:23:19 INFO  [http-nio-8080-exec-9] d.a.a.s.CustomUserDetailsService - The userCode is S.BENMAMMAR
2024-11-05 00:23:19 INFO  [http-nio-8080-exec-10] d.a.a.c.PreparationController - Entering the method getAllMotifs from the PreparationController
2024-11-05 00:23:19 INFO  [http-nio-8080-exec-10] d.a.a.s.impl.PreparationServiceImpl - Entering the geAllMotif method from the PreparationService
2024-11-05 00:23:19 INFO  [http-nio-8080-exec-9] d.a.a.c.PreparationController - Entering the getDetailsVente method from the PreparationController
2024-11-05 00:23:19 INFO  [http-nio-8080-exec-9] d.a.a.s.impl.PreparationServiceImpl - Entering the getDetailsVente method from the PreparationService
2024-11-05 00:23:19 INFO  [http-nio-8080-exec-9] d.a.a.s.impl.PreparationServiceImpl - Retruning results from the PreparationService with length 2
2024-11-05 00:23:19 INFO  [http-nio-8080-exec-10] d.a.a.s.impl.PreparationServiceImpl - Fetched the motifs from the repo [Motif(id=1, libelle=Produit en rupture de stock, cmpId=1), Motif(id=2, libelle=Quantité insuffisante, cmpId=1), Motif(id=3, libelle=Produit perimé, cmpId=1), Motif(id=4, libelle=Problème de lot, cmpId=1), Motif(id=5, libelle=Restrictions légales, cmpId=1), Motif(id=6, libelle=Commande annulée, cmpId=1)]
2024-11-05 00:23:19 INFO  [http-nio-8080-exec-10] d.a.a.c.PreparationController - Fetched the list of motifs from the service [Motif(id=1, libelle=Produit en rupture de stock, cmpId=1), Motif(id=2, libelle=Quantité insuffisante, cmpId=1), Motif(id=3, libelle=Produit perimé, cmpId=1), Motif(id=4, libelle=Problème de lot, cmpId=1), Motif(id=5, libelle=Restrictions légales, cmpId=1), Motif(id=6, libelle=Commande annulée, cmpId=1)]
2024-11-05 00:23:19 INFO  [http-nio-8080-exec-1] d.a.a.s.JWTAuthenticationFilter - Entering the JWTAuthenticationFilter
2024-11-05 00:23:19 INFO  [http-nio-8080-exec-1] d.a.a.s.JWTAuthenticationFilter - JWTAuthenticationFilter recieving the token eyJhbGciOiJIUzUxMiJ9.eyJjb21wYW55SWQiOiIxIiwidXNlcm5hbWUiOiJTLkJFTk1BTU1BUiIsIm5hbWUiOiJTaWRhbGkgQkVOIE1BTU1BUiIsImlhdCI6MTczMDc1NTA5NCwiZXhwIjoxNzMwODQxNDk0fQ.KK5-cDsp9cdeWw_5CZ5_pfMdEqZ05vbDHmE82P8lP-T61jVi00zlAdQ4jR_3qlF_0PCtDreq0boPaKiH9lyvTA
2024-11-05 00:23:19 INFO  [http-nio-8080-exec-1] d.a.a.s.JWTAuthenticationFilter - Parsed the username from the token 1:S.BENMAMMAR
2024-11-05 00:23:19 INFO  [http-nio-8080-exec-1] d.a.a.s.CustomUserDetailsService - Entering loadUserByUsername method of UserDetails with 1:S.BENMAMMAR
2024-11-05 00:23:19 INFO  [http-nio-8080-exec-1] d.a.a.s.CustomUserDetailsService - The companyId is 1
2024-11-05 00:23:19 INFO  [http-nio-8080-exec-1] d.a.a.s.CustomUserDetailsService - The userCode is S.BENMAMMAR
2024-11-05 00:23:19 INFO  [http-nio-8080-exec-1] d.a.a.c.PreparationController - Entering the method getAllMotifs from the PreparationController
2024-11-05 00:23:19 INFO  [http-nio-8080-exec-1] d.a.a.s.impl.PreparationServiceImpl - Entering the geAllMotif method from the PreparationService
2024-11-05 00:23:19 INFO  [http-nio-8080-exec-1] d.a.a.s.impl.PreparationServiceImpl - Fetched the motifs from the repo [Motif(id=1, libelle=Produit en rupture de stock, cmpId=1), Motif(id=2, libelle=Quantité insuffisante, cmpId=1), Motif(id=3, libelle=Produit perimé, cmpId=1), Motif(id=4, libelle=Problème de lot, cmpId=1), Motif(id=5, libelle=Restrictions légales, cmpId=1), Motif(id=6, libelle=Commande annulée, cmpId=1)]
2024-11-05 00:23:19 INFO  [http-nio-8080-exec-1] d.a.a.c.PreparationController - Fetched the list of motifs from the service [Motif(id=1, libelle=Produit en rupture de stock, cmpId=1), Motif(id=2, libelle=Quantité insuffisante, cmpId=1), Motif(id=3, libelle=Produit perimé, cmpId=1), Motif(id=4, libelle=Problème de lot, cmpId=1), Motif(id=5, libelle=Restrictions légales, cmpId=1), Motif(id=6, libelle=Commande annulée, cmpId=1)]
2024-11-05 00:23:22 INFO  [http-nio-8080-exec-3] d.a.a.s.JWTAuthenticationFilter - Entering the JWTAuthenticationFilter
2024-11-05 00:23:22 INFO  [http-nio-8080-exec-3] d.a.a.s.JWTAuthenticationFilter - JWTAuthenticationFilter recieving the token eyJhbGciOiJIUzUxMiJ9.eyJjb21wYW55SWQiOiIxIiwidXNlcm5hbWUiOiJTLkJFTk1BTU1BUiIsIm5hbWUiOiJTaWRhbGkgQkVOIE1BTU1BUiIsImlhdCI6MTczMDc1NTA5NCwiZXhwIjoxNzMwODQxNDk0fQ.KK5-cDsp9cdeWw_5CZ5_pfMdEqZ05vbDHmE82P8lP-T61jVi00zlAdQ4jR_3qlF_0PCtDreq0boPaKiH9lyvTA
2024-11-05 00:23:22 INFO  [http-nio-8080-exec-3] d.a.a.s.JWTAuthenticationFilter - Parsed the username from the token 1:S.BENMAMMAR
2024-11-05 00:23:22 INFO  [http-nio-8080-exec-3] d.a.a.s.CustomUserDetailsService - Entering loadUserByUsername method of UserDetails with 1:S.BENMAMMAR
2024-11-05 00:23:22 INFO  [http-nio-8080-exec-3] d.a.a.s.CustomUserDetailsService - The companyId is 1
2024-11-05 00:23:22 INFO  [http-nio-8080-exec-3] d.a.a.s.CustomUserDetailsService - The userCode is S.BENMAMMAR
2024-11-05 00:23:22 INFO  [http-nio-8080-exec-2] d.a.a.s.JWTAuthenticationFilter - Entering the JWTAuthenticationFilter
2024-11-05 00:23:22 INFO  [http-nio-8080-exec-2] d.a.a.s.JWTAuthenticationFilter - JWTAuthenticationFilter recieving the token eyJhbGciOiJIUzUxMiJ9.eyJjb21wYW55SWQiOiIxIiwidXNlcm5hbWUiOiJTLkJFTk1BTU1BUiIsIm5hbWUiOiJTaWRhbGkgQkVOIE1BTU1BUiIsImlhdCI6MTczMDc1NTA5NCwiZXhwIjoxNzMwODQxNDk0fQ.KK5-cDsp9cdeWw_5CZ5_pfMdEqZ05vbDHmE82P8lP-T61jVi00zlAdQ4jR_3qlF_0PCtDreq0boPaKiH9lyvTA
2024-11-05 00:23:22 INFO  [http-nio-8080-exec-3] d.a.a.controllers.UserController - Entering the getPreparationAuthorization method from the UserController
2024-11-05 00:23:22 INFO  [http-nio-8080-exec-3] d.a.a.s.i.AuthorizationServiceImpl - Entering the getPreparationAuthorization method from the AuthorizationService for formCode 481
2024-11-05 00:23:22 INFO  [http-nio-8080-exec-2] d.a.a.s.JWTAuthenticationFilter - Parsed the username from the token 1:S.BENMAMMAR
2024-11-05 00:23:22 INFO  [http-nio-8080-exec-2] d.a.a.s.CustomUserDetailsService - Entering loadUserByUsername method of UserDetails with 1:S.BENMAMMAR
2024-11-05 00:23:22 INFO  [http-nio-8080-exec-2] d.a.a.s.CustomUserDetailsService - The companyId is 1
2024-11-05 00:23:22 INFO  [http-nio-8080-exec-2] d.a.a.s.CustomUserDetailsService - The userCode is S.BENMAMMAR
2024-11-05 00:23:22 INFO  [http-nio-8080-exec-3] d.a.a.controllers.UserController - Preparation Authorization retrieved from the service : AuthorizationDto(code=481, value=1)
2024-11-05 00:23:22 INFO  [http-nio-8080-exec-2] d.a.a.c.PreparationController - Point d'entrée à la méthode getCommandeParPreparateur du PreparationController avec date 
2024-11-05 00:23:22 INFO  [http-nio-8080-exec-2] d.a.a.s.impl.PreparationServiceImpl - Entering the getCommandes method from the PreparationService with date 
2024-11-05 00:23:22 INFO  [http-nio-8080-exec-2] d.a.a.s.impl.PreparationServiceImpl - Récupération de l'id de préparateur à partir du service qui est de : 159
2024-11-05 00:23:22 INFO  [http-nio-8080-exec-2] d.a.a.s.impl.PreparationServiceImpl - Fetching the liste of orders by preparateur from the repo
2024-11-05 00:23:22 INFO  [http-nio-8080-exec-2] d.a.a.s.impl.PreparationServiceImpl - Returning fetched data to controller with length 41
2024-11-05 00:23:22 INFO  [http-nio-8080-exec-2] d.a.a.c.PreparationController - Récupération de la liste des commandes par préparateur à partir du service avec size : 41
2024-11-05 00:23:22 INFO  [http-nio-8080-exec-5] d.a.a.s.JWTAuthenticationFilter - Entering the JWTAuthenticationFilter
2024-11-05 00:23:22 INFO  [http-nio-8080-exec-5] d.a.a.s.JWTAuthenticationFilter - JWTAuthenticationFilter recieving the token eyJhbGciOiJIUzUxMiJ9.eyJjb21wYW55SWQiOiIxIiwidXNlcm5hbWUiOiJTLkJFTk1BTU1BUiIsIm5hbWUiOiJTaWRhbGkgQkVOIE1BTU1BUiIsImlhdCI6MTczMDc1NTA5NCwiZXhwIjoxNzMwODQxNDk0fQ.KK5-cDsp9cdeWw_5CZ5_pfMdEqZ05vbDHmE82P8lP-T61jVi00zlAdQ4jR_3qlF_0PCtDreq0boPaKiH9lyvTA
2024-11-05 00:23:22 INFO  [http-nio-8080-exec-4] d.a.a.s.JWTAuthenticationFilter - Entering the JWTAuthenticationFilter
2024-11-05 00:23:22 INFO  [http-nio-8080-exec-4] d.a.a.s.JWTAuthenticationFilter - JWTAuthenticationFilter recieving the token eyJhbGciOiJIUzUxMiJ9.eyJjb21wYW55SWQiOiIxIiwidXNlcm5hbWUiOiJTLkJFTk1BTU1BUiIsIm5hbWUiOiJTaWRhbGkgQkVOIE1BTU1BUiIsImlhdCI6MTczMDc1NTA5NCwiZXhwIjoxNzMwODQxNDk0fQ.KK5-cDsp9cdeWw_5CZ5_pfMdEqZ05vbDHmE82P8lP-T61jVi00zlAdQ4jR_3qlF_0PCtDreq0boPaKiH9lyvTA
2024-11-05 00:23:22 INFO  [http-nio-8080-exec-5] d.a.a.s.JWTAuthenticationFilter - Parsed the username from the token 1:S.BENMAMMAR
2024-11-05 00:23:22 INFO  [http-nio-8080-exec-5] d.a.a.s.CustomUserDetailsService - Entering loadUserByUsername method of UserDetails with 1:S.BENMAMMAR
2024-11-05 00:23:22 INFO  [http-nio-8080-exec-5] d.a.a.s.CustomUserDetailsService - The companyId is 1
2024-11-05 00:23:22 INFO  [http-nio-8080-exec-5] d.a.a.s.CustomUserDetailsService - The userCode is S.BENMAMMAR
2024-11-05 00:23:22 INFO  [http-nio-8080-exec-4] d.a.a.s.JWTAuthenticationFilter - Parsed the username from the token 1:S.BENMAMMAR
2024-11-05 00:23:22 INFO  [http-nio-8080-exec-4] d.a.a.s.CustomUserDetailsService - Entering loadUserByUsername method of UserDetails with 1:S.BENMAMMAR
2024-11-05 00:23:22 INFO  [http-nio-8080-exec-4] d.a.a.s.CustomUserDetailsService - The companyId is 1
2024-11-05 00:23:22 INFO  [http-nio-8080-exec-4] d.a.a.s.CustomUserDetailsService - The userCode is S.BENMAMMAR
2024-11-05 00:23:22 INFO  [http-nio-8080-exec-4] d.a.a.c.PreparationController - Point d'entrée à la méthode getCommandeParPreparateur du PreparationController avec date 
2024-11-05 00:23:22 INFO  [http-nio-8080-exec-4] d.a.a.s.impl.PreparationServiceImpl - Entering the getCommandes method from the PreparationService with date 
2024-11-05 00:23:22 INFO  [http-nio-8080-exec-5] d.a.a.c.PreparationController - Point d'entrée à la méthode getCommandeParPreparateur du PreparationController avec date 
2024-11-05 00:23:22 INFO  [http-nio-8080-exec-5] d.a.a.s.impl.PreparationServiceImpl - Entering the getCommandes method from the PreparationService with date 
2024-11-05 00:23:22 INFO  [http-nio-8080-exec-4] d.a.a.s.impl.PreparationServiceImpl - Récupération de l'id de préparateur à partir du service qui est de : 159
2024-11-05 00:23:22 INFO  [http-nio-8080-exec-4] d.a.a.s.impl.PreparationServiceImpl - Fetching the liste of orders by preparateur from the repo
2024-11-05 00:23:22 INFO  [http-nio-8080-exec-5] d.a.a.s.impl.PreparationServiceImpl - Récupération de l'id de préparateur à partir du service qui est de : 159
2024-11-05 00:23:22 INFO  [http-nio-8080-exec-5] d.a.a.s.impl.PreparationServiceImpl - Fetching the liste of orders by preparateur from the repo
2024-11-05 00:23:22 INFO  [http-nio-8080-exec-5] d.a.a.s.impl.PreparationServiceImpl - Returning fetched data to controller with length 41
2024-11-05 00:23:22 INFO  [http-nio-8080-exec-5] d.a.a.c.PreparationController - Récupération de la liste des commandes par préparateur à partir du service avec size : 41
2024-11-05 00:23:22 INFO  [http-nio-8080-exec-4] d.a.a.s.impl.PreparationServiceImpl - Returning fetched data to controller with length 41
2024-11-05 00:23:22 INFO  [http-nio-8080-exec-4] d.a.a.c.PreparationController - Récupération de la liste des commandes par préparateur à partir du service avec size : 41
2024-11-05 00:27:10 INFO  [http-nio-8080-exec-6] d.a.a.s.JWTAuthenticationFilter - Entering the JWTAuthenticationFilter
2024-11-05 00:27:10 INFO  [http-nio-8080-exec-6] d.a.a.s.JWTAuthenticationFilter - JWTAuthenticationFilter recieving the token eyJhbGciOiJIUzUxMiJ9.eyJjb21wYW55SWQiOiIxIiwidXNlcm5hbWUiOiJTLkJFTk1BTU1BUiIsIm5hbWUiOiJTaWRhbGkgQkVOIE1BTU1BUiIsImlhdCI6MTczMDc1NTA5NCwiZXhwIjoxNzMwODQxNDk0fQ.KK5-cDsp9cdeWw_5CZ5_pfMdEqZ05vbDHmE82P8lP-T61jVi00zlAdQ4jR_3qlF_0PCtDreq0boPaKiH9lyvTA
2024-11-05 00:27:10 INFO  [http-nio-8080-exec-6] d.a.a.s.JWTAuthenticationFilter - Parsed the username from the token 1:S.BENMAMMAR
2024-11-05 00:27:10 INFO  [http-nio-8080-exec-6] d.a.a.s.CustomUserDetailsService - Entering loadUserByUsername method of UserDetails with 1:S.BENMAMMAR
2024-11-05 00:27:10 INFO  [http-nio-8080-exec-6] d.a.a.s.CustomUserDetailsService - The companyId is 1
2024-11-05 00:27:10 INFO  [http-nio-8080-exec-6] d.a.a.s.CustomUserDetailsService - The userCode is S.BENMAMMAR
2024-11-05 00:27:10 INFO  [http-nio-8080-exec-6] d.a.a.c.PreparationController - Point d'entrée à la méthode getCommandeParPreparateur du PreparationController avec date 
2024-11-05 00:27:10 INFO  [http-nio-8080-exec-6] d.a.a.s.impl.PreparationServiceImpl - Entering the getCommandes method from the PreparationService with date 
2024-11-05 00:27:10 INFO  [http-nio-8080-exec-6] d.a.a.s.impl.PreparationServiceImpl - Récupération de l'id de préparateur à partir du service qui est de : 159
2024-11-05 00:27:10 INFO  [http-nio-8080-exec-6] d.a.a.s.impl.PreparationServiceImpl - Fetching the liste of orders by preparateur from the repo
2024-11-05 00:27:10 INFO  [http-nio-8080-exec-6] d.a.a.s.impl.PreparationServiceImpl - Returning fetched data to controller with length 41
2024-11-05 00:27:10 INFO  [http-nio-8080-exec-6] d.a.a.c.PreparationController - Récupération de la liste des commandes par préparateur à partir du service avec size : 41
2024-11-05 00:27:10 INFO  [http-nio-8080-exec-9] d.a.a.s.JWTAuthenticationFilter - Entering the JWTAuthenticationFilter
2024-11-05 00:27:10 INFO  [http-nio-8080-exec-9] d.a.a.s.JWTAuthenticationFilter - JWTAuthenticationFilter recieving the token eyJhbGciOiJIUzUxMiJ9.eyJjb21wYW55SWQiOiIxIiwidXNlcm5hbWUiOiJTLkJFTk1BTU1BUiIsIm5hbWUiOiJTaWRhbGkgQkVOIE1BTU1BUiIsImlhdCI6MTczMDc1NTA5NCwiZXhwIjoxNzMwODQxNDk0fQ.KK5-cDsp9cdeWw_5CZ5_pfMdEqZ05vbDHmE82P8lP-T61jVi00zlAdQ4jR_3qlF_0PCtDreq0boPaKiH9lyvTA
2024-11-05 00:27:10 INFO  [http-nio-8080-exec-9] d.a.a.s.JWTAuthenticationFilter - Parsed the username from the token 1:S.BENMAMMAR
2024-11-05 00:27:10 INFO  [http-nio-8080-exec-9] d.a.a.s.CustomUserDetailsService - Entering loadUserByUsername method of UserDetails with 1:S.BENMAMMAR
2024-11-05 00:27:10 INFO  [http-nio-8080-exec-9] d.a.a.s.CustomUserDetailsService - The companyId is 1
2024-11-05 00:27:10 INFO  [http-nio-8080-exec-9] d.a.a.s.CustomUserDetailsService - The userCode is S.BENMAMMAR
2024-11-05 00:27:10 INFO  [http-nio-8080-exec-9] d.a.a.c.PreparationController - Point d'entrée à la méthode getCommandeParPreparateur du PreparationController avec date 
2024-11-05 00:27:10 INFO  [http-nio-8080-exec-9] d.a.a.s.impl.PreparationServiceImpl - Entering the getCommandes method from the PreparationService with date 
2024-11-05 00:27:10 INFO  [http-nio-8080-exec-9] d.a.a.s.impl.PreparationServiceImpl - Récupération de l'id de préparateur à partir du service qui est de : 159
2024-11-05 00:27:10 INFO  [http-nio-8080-exec-9] d.a.a.s.impl.PreparationServiceImpl - Fetching the liste of orders by preparateur from the repo
2024-11-05 00:27:10 INFO  [http-nio-8080-exec-9] d.a.a.s.impl.PreparationServiceImpl - Returning fetched data to controller with length 41
2024-11-05 00:27:10 INFO  [http-nio-8080-exec-9] d.a.a.c.PreparationController - Récupération de la liste des commandes par préparateur à partir du service avec size : 41
