2024-12-23 20:36:05 INFO  [background-preinit] o.h.validator.internal.util.Version - HV000001: Hibernate Validator 8.0.1.Final
2024-12-23 20:36:05 INFO  [restartedMain] d.a.a.A2spreparationApplication - Starting A2spreparationApplication using Java 17.0.11 with PID 16836 (C:\Projects\Spring Boot\sb-api-preparation\target\classes started by Mohamed in C:\Projects\Spring Boot\sb-api-preparation)
2024-12-23 20:36:05 INFO  [restartedMain] d.a.a.A2spreparationApplication - No active profile set, falling back to 1 default profile: "default"
2024-12-23 20:36:05 INFO  [restartedMain] o.s.b.d.restart.ChangeableUrls - The Class-Path manifest attribute in C:\Users\Mohamed\.m2\repository\com\oracle\database\jdbc\ojdbc8\23.2.0.0\ojdbc8-23.2.0.0.jar referenced one or more files that do not exist: file:/C:/Users/Mohamed/.m2/repository/com/oracle/database/jdbc/ojdbc8/23.2.0.0/oraclepki.jar
2024-12-23 20:36:05 INFO  [restartedMain] o.s.b.d.e.DevToolsPropertyDefaultsPostProcessor - Devtools property defaults active! Set 'spring.devtools.add-properties' to 'false' to disable
2024-12-23 20:36:05 INFO  [restartedMain] o.s.b.d.e.DevToolsPropertyDefaultsPostProcessor - For additional web related logging consider setting the 'logging.level.web' property to 'DEBUG'
2024-12-23 20:36:06 INFO  [restartedMain] o.s.d.r.c.RepositoryConfigurationDelegate - Multiple Spring Data modules found, entering strict repository configuration mode
2024-12-23 20:36:06 INFO  [restartedMain] o.s.d.r.c.RepositoryConfigurationDelegate - Bootstrapping Spring Data JDBC repositories in DEFAULT mode.
2024-12-23 20:36:07 INFO  [restartedMain] o.s.d.r.c.RepositoryConfigurationExtensionSupport - Spring Data JDBC - Could not safely identify store assignment for repository candidate interface dz.a2s.a2spreparation.repositories.CompanyRepository; If you want this repository to be a JDBC repository, consider annotating your entities with one of these annotations: org.springframework.data.relational.core.mapping.Table.
2024-12-23 20:36:07 INFO  [restartedMain] o.s.d.r.c.RepositoryConfigurationExtensionSupport - Spring Data JDBC - Could not safely identify store assignment for repository candidate interface dz.a2s.a2spreparation.repositories.DiMessagesRepository; If you want this repository to be a JDBC repository, consider annotating your entities with one of these annotations: org.springframework.data.relational.core.mapping.Table.
2024-12-23 20:36:07 INFO  [restartedMain] o.s.d.r.c.RepositoryConfigurationExtensionSupport - Spring Data JDBC - Could not safely identify store assignment for repository candidate interface dz.a2s.a2spreparation.repositories.ParamsRepository; If you want this repository to be a JDBC repository, consider annotating your entities with one of these annotations: org.springframework.data.relational.core.mapping.Table.
2024-12-23 20:36:07 INFO  [restartedMain] o.s.d.r.c.RepositoryConfigurationExtensionSupport - Spring Data JDBC - Could not safely identify store assignment for repository candidate interface dz.a2s.a2spreparation.repositories.StpUserRolesRepository; If you want this repository to be a JDBC repository, consider annotating your entities with one of these annotations: org.springframework.data.relational.core.mapping.Table.
2024-12-23 20:36:07 INFO  [restartedMain] o.s.d.r.c.RepositoryConfigurationExtensionSupport - Spring Data JDBC - Could not safely identify store assignment for repository candidate interface dz.a2s.a2spreparation.repositories.UserEntityRepository; If you want this repository to be a JDBC repository, consider annotating your entities with one of these annotations: org.springframework.data.relational.core.mapping.Table.
2024-12-23 20:36:07 INFO  [restartedMain] o.s.d.r.c.RepositoryConfigurationExtensionSupport - Spring Data JDBC - Could not safely identify store assignment for repository candidate interface dz.a2s.a2spreparation.repositories.views.CommandeRepository; If you want this repository to be a JDBC repository, consider annotating your entities with one of these annotations: org.springframework.data.relational.core.mapping.Table.
2024-12-23 20:36:07 INFO  [restartedMain] o.s.d.r.c.RepositoryConfigurationExtensionSupport - Spring Data JDBC - Could not safely identify store assignment for repository candidate interface dz.a2s.a2spreparation.repositories.views.CommandeZoneRepository; If you want this repository to be a JDBC repository, consider annotating your entities with one of these annotations: org.springframework.data.relational.core.mapping.Table.
2024-12-23 20:36:07 INFO  [restartedMain] o.s.d.r.c.RepositoryConfigurationExtensionSupport - Spring Data JDBC - Could not safely identify store assignment for repository candidate interface dz.a2s.a2spreparation.repositories.views.MotifRepository; If you want this repository to be a JDBC repository, consider annotating your entities with one of these annotations: org.springframework.data.relational.core.mapping.Table.
2024-12-23 20:36:07 INFO  [restartedMain] o.s.d.r.c.RepositoryConfigurationExtensionSupport - Spring Data JDBC - Could not safely identify store assignment for repository candidate interface dz.a2s.a2spreparation.repositories.views.PrpCdePrepContRepository; If you want this repository to be a JDBC repository, consider annotating your entities with one of these annotations: org.springframework.data.relational.core.mapping.Table.
2024-12-23 20:36:07 INFO  [restartedMain] o.s.d.r.c.RepositoryConfigurationExtensionSupport - Spring Data JDBC - Could not safely identify store assignment for repository candidate interface dz.a2s.a2spreparation.repositories.views.PrpCdePrlvPrepContRepository; If you want this repository to be a JDBC repository, consider annotating your entities with one of these annotations: org.springframework.data.relational.core.mapping.Table.
2024-12-23 20:36:07 INFO  [restartedMain] o.s.d.r.c.RepositoryConfigurationExtensionSupport - Spring Data JDBC - Could not safely identify store assignment for repository candidate interface dz.a2s.a2spreparation.repositories.views.PrpCdePrlvRepository; If you want this repository to be a JDBC repository, consider annotating your entities with one of these annotations: org.springframework.data.relational.core.mapping.Table.
2024-12-23 20:36:07 INFO  [restartedMain] o.s.d.r.c.RepositoryConfigurationExtensionSupport - Spring Data JDBC - Could not safely identify store assignment for repository candidate interface dz.a2s.a2spreparation.repositories.views.PrpCdePrlvUsrCodeRepository; If you want this repository to be a JDBC repository, consider annotating your entities with one of these annotations: org.springframework.data.relational.core.mapping.Table.
2024-12-23 20:36:07 INFO  [restartedMain] o.s.d.r.c.RepositoryConfigurationExtensionSupport - Spring Data JDBC - Could not safely identify store assignment for repository candidate interface dz.a2s.a2spreparation.repositories.views.PrpPrepareControleRepository; If you want this repository to be a JDBC repository, consider annotating your entities with one of these annotations: org.springframework.data.relational.core.mapping.Table.
2024-12-23 20:36:07 INFO  [restartedMain] o.s.d.r.c.RepositoryConfigurationExtensionSupport - Spring Data JDBC - Could not safely identify store assignment for repository candidate interface dz.a2s.a2spreparation.repositories.views.StatistiqueRepository; If you want this repository to be a JDBC repository, consider annotating your entities with one of these annotations: org.springframework.data.relational.core.mapping.Table.
2024-12-23 20:36:07 INFO  [restartedMain] o.s.d.r.c.RepositoryConfigurationExtensionSupport - Spring Data JDBC - Could not safely identify store assignment for repository candidate interface dz.a2s.a2spreparation.repositories.views.StatsPreparateurRepository; If you want this repository to be a JDBC repository, consider annotating your entities with one of these annotations: org.springframework.data.relational.core.mapping.Table.
2024-12-23 20:36:07 INFO  [restartedMain] o.s.d.r.c.RepositoryConfigurationExtensionSupport - Spring Data JDBC - Could not safely identify store assignment for repository candidate interface dz.a2s.a2spreparation.repositories.views.VenteDetailsRepository; If you want this repository to be a JDBC repository, consider annotating your entities with one of these annotations: org.springframework.data.relational.core.mapping.Table.
2024-12-23 20:36:07 INFO  [restartedMain] o.s.d.r.c.RepositoryConfigurationExtensionSupport - Spring Data JDBC - Could not safely identify store assignment for repository candidate interface dz.a2s.a2spreparation.repositories.views.VentePrlvDetailsRepository; If you want this repository to be a JDBC repository, consider annotating your entities with one of these annotations: org.springframework.data.relational.core.mapping.Table.
2024-12-23 20:36:07 INFO  [restartedMain] o.s.d.r.c.RepositoryConfigurationExtensionSupport - Spring Data JDBC - Could not safely identify store assignment for repository candidate interface dz.a2s.a2spreparation.repositories.views.VenteZoneDetailsRepository; If you want this repository to be a JDBC repository, consider annotating your entities with one of these annotations: org.springframework.data.relational.core.mapping.Table.
2024-12-23 20:36:07 INFO  [restartedMain] o.s.d.r.c.RepositoryConfigurationDelegate - Finished Spring Data repository scanning in 123 ms. Found 0 JDBC repository interfaces.
2024-12-23 20:36:07 INFO  [restartedMain] o.s.d.r.c.RepositoryConfigurationDelegate - Multiple Spring Data modules found, entering strict repository configuration mode
2024-12-23 20:36:07 INFO  [restartedMain] o.s.d.r.c.RepositoryConfigurationDelegate - Bootstrapping Spring Data JPA repositories in DEFAULT mode.
2024-12-23 20:36:07 INFO  [restartedMain] o.s.d.r.c.RepositoryConfigurationDelegate - Finished Spring Data repository scanning in 99 ms. Found 18 JPA repository interfaces.
2024-12-23 20:36:08 INFO  [restartedMain] o.s.b.w.e.tomcat.TomcatWebServer - Tomcat initialized with port 8080 (http)
2024-12-23 20:36:08 INFO  [restartedMain] o.a.coyote.http11.Http11NioProtocol - Initializing ProtocolHandler ["http-nio-8080"]
2024-12-23 20:36:08 INFO  [restartedMain] o.a.catalina.core.StandardService - Starting service [Tomcat]
2024-12-23 20:36:08 INFO  [restartedMain] o.a.catalina.core.StandardEngine - Starting Servlet engine: [Apache Tomcat/10.1.28]
2024-12-23 20:36:09 INFO  [restartedMain] o.a.c.c.C.[Tomcat].[localhost].[/] - Initializing Spring embedded WebApplicationContext
2024-12-23 20:36:09 INFO  [restartedMain] o.s.b.w.s.c.ServletWebServerApplicationContext - Root WebApplicationContext: initialization completed in 3976 ms
2024-12-23 20:36:10 INFO  [restartedMain] com.zaxxer.hikari.HikariDataSource - HikariPool-1 - Starting...
2024-12-23 20:36:10 INFO  [restartedMain] com.zaxxer.hikari.pool.HikariPool - HikariPool-1 - Added connection oracle.jdbc.driver.T4CConnection@30e7ce4f
2024-12-23 20:36:10 INFO  [restartedMain] com.zaxxer.hikari.HikariDataSource - HikariPool-1 - Start completed.
2024-12-23 20:36:10 INFO  [restartedMain] o.h.jpa.internal.util.LogHelper - HHH000204: Processing PersistenceUnitInfo [name: default]
2024-12-23 20:36:10 INFO  [restartedMain] org.hibernate.Version - HHH000412: Hibernate ORM core version 6.2.0.Final
2024-12-23 20:36:10 INFO  [restartedMain] org.hibernate.cfg.Environment - HHH000406: Using bytecode reflection optimizer
2024-12-23 20:36:10 INFO  [restartedMain] o.h.b.i.BytecodeProviderInitiator - HHH000021: Bytecode provider name : bytebuddy
2024-12-23 20:36:11 INFO  [restartedMain] o.s.o.j.p.SpringPersistenceUnitInfo - No LoadTimeWeaver setup: ignoring JPA class transformer
2024-12-23 20:36:11 INFO  [restartedMain] SQL dialect - HHH000400: Using dialect: org.hibernate.dialect.OracleDialect
2024-12-23 20:36:11 INFO  [restartedMain] o.h.b.i.BytecodeProviderInitiator - HHH000021: Bytecode provider name : bytebuddy
2024-12-23 20:36:11 WARN  [restartedMain] org.hibernate.mapping.RootClass - HHH000038: Composite-id class does not override equals(): dz.a2s.a2spreparation.entities.keys.StpUserRolesId
2024-12-23 20:36:11 WARN  [restartedMain] org.hibernate.mapping.RootClass - HHH000039: Composite-id class does not override hashCode(): dz.a2s.a2spreparation.entities.keys.StpUserRolesId
2024-12-23 20:36:13 INFO  [restartedMain] o.h.e.t.j.p.i.JtaPlatformInitiator - HHH000490: Using JtaPlatform implementation: [org.hibernate.engine.transaction.jta.platform.internal.NoJtaPlatform]
2024-12-23 20:36:13 INFO  [restartedMain] o.s.o.j.LocalContainerEntityManagerFactoryBean - Initialized JPA EntityManagerFactory for persistence unit 'default'
2024-12-23 20:36:14 INFO  [restartedMain] o.s.d.j.r.query.QueryEnhancerFactory - Hibernate is in classpath; If applicable, HQL parser will be used.
2024-12-23 20:36:15 INFO  [restartedMain] o.s.s.c.a.a.c.InitializeUserDetailsBeanManagerConfigurer$InitializeUserDetailsManagerConfigurer - Global AuthenticationManager configured with UserDetailsService bean with name customUserDetailsService
2024-12-23 20:36:15 WARN  [restartedMain] o.s.b.a.o.j.JpaBaseConfiguration$JpaWebConfiguration - spring.jpa.open-in-view is enabled by default. Therefore, database queries may be performed during view rendering. Explicitly configure spring.jpa.open-in-view to disable this warning
2024-12-23 20:36:17 INFO  [restartedMain] o.s.b.a.e.web.EndpointLinksResolver - Exposing 1 endpoint beneath base path '/actuator'
2024-12-23 20:36:18 INFO  [restartedMain] o.s.b.d.a.OptionalLiveReloadServer - LiveReload server is running on port 35729
2024-12-23 20:36:18 INFO  [restartedMain] o.a.coyote.http11.Http11NioProtocol - Starting ProtocolHandler ["http-nio-8080"]
2024-12-23 20:36:18 INFO  [restartedMain] o.s.b.w.e.tomcat.TomcatWebServer - Tomcat started on port 8080 (http) with context path '/'
2024-12-23 20:36:18 INFO  [restartedMain] d.a.a.A2spreparationApplication - Started A2spreparationApplication in 13.97 seconds (process running for 15.046)
2024-12-23 20:39:29 INFO  [http-nio-8080-exec-1] o.a.c.c.C.[Tomcat].[localhost].[/] - Initializing Spring DispatcherServlet 'dispatcherServlet'
2024-12-23 20:39:29 INFO  [http-nio-8080-exec-1] o.s.web.servlet.DispatcherServlet - Initializing Servlet 'dispatcherServlet'
2024-12-23 20:39:29 INFO  [http-nio-8080-exec-1] o.s.web.servlet.DispatcherServlet - Completed initialization in 0 ms
2024-12-23 20:39:29 INFO  [http-nio-8080-exec-1] d.a.a.s.JWTAuthenticationFilter - Entering the JWTAuthenticationFilter
2024-12-23 20:39:30 INFO  [http-nio-8080-exec-3] d.a.a.s.JWTAuthenticationFilter - Entering the JWTAuthenticationFilter
2024-12-23 20:39:32 INFO  [http-nio-8080-exec-2] d.a.a.s.JWTAuthenticationFilter - Entering the JWTAuthenticationFilter
2024-12-23 20:39:36 INFO  [http-nio-8080-exec-4] d.a.a.s.JWTAuthenticationFilter - Entering the JWTAuthenticationFilter
2024-12-23 20:39:41 INFO  [http-nio-8080-exec-5] d.a.a.s.JWTAuthenticationFilter - Entering the JWTAuthenticationFilter
2024-12-23 20:39:42 INFO  [http-nio-8080-exec-9] d.a.a.s.JWTAuthenticationFilter - Entering the JWTAuthenticationFilter
2024-12-23 20:39:44 INFO  [http-nio-8080-exec-7] d.a.a.s.JWTAuthenticationFilter - Entering the JWTAuthenticationFilter
2024-12-23 20:39:55 INFO  [http-nio-8080-exec-6] d.a.a.controllers.AuthController - Entering login method from AuthController with userCode and companyId ADMIN : 1
2024-12-23 20:39:55 INFO  [http-nio-8080-exec-6] d.a.a.controllers.AuthController - Getting the custom username from the loginDto inside the authController 1:ADMIN
2024-12-23 20:39:55 INFO  [http-nio-8080-exec-6] d.a.a.s.CustomUserDetailsService - Entering loadUserByUsername method of UserDetails with 1:ADMIN
2024-12-23 20:39:55 INFO  [http-nio-8080-exec-6] d.a.a.s.CustomUserDetailsService - The companyId is 1
2024-12-23 20:39:55 INFO  [http-nio-8080-exec-6] d.a.a.s.CustomUserDetailsService - The userCode is ADMIN
2024-12-23 20:39:55 INFO  [http-nio-8080-exec-6] d.a.a.controllers.AuthController - Authentication object created UsernamePasswordAuthenticationToken [Principal=dz.a2s.a2spreparation.security.AppUserDetails@f25b23b, Credentials=[PROTECTED], Authenticated=true, Details=null, Granted Authorities=[]]
2024-12-23 20:39:55 INFO  [http-nio-8080-exec-6] d.a.a.security.JWTGenerator - Generating token with authentication object UsernamePasswordAuthenticationToken [Principal=dz.a2s.a2spreparation.security.AppUserDetails@f25b23b, Credentials=[PROTECTED], Authenticated=true, Details=null, Granted Authorities=[]]
2024-12-23 20:39:55 INFO  [http-nio-8080-exec-6] d.a.a.security.JWTGenerator - Generating token for ADMIN
2024-12-23 20:39:55 INFO  [http-nio-8080-exec-6] d.a.a.security.JWTGenerator - Token generated inside JWTGenerator
2024-12-23 20:39:55 INFO  [http-nio-8080-exec-10] d.a.a.s.JWTAuthenticationFilter - Entering the JWTAuthenticationFilter
2024-12-23 20:39:56 INFO  [http-nio-8080-exec-1] d.a.a.s.JWTAuthenticationFilter - Entering the JWTAuthenticationFilter
2024-12-23 20:39:58 INFO  [http-nio-8080-exec-3] d.a.a.s.JWTAuthenticationFilter - Entering the JWTAuthenticationFilter
2024-12-23 20:40:00 INFO  [http-nio-8080-exec-2] d.a.a.controllers.AuthController - Entering login method from AuthController with userCode and companyId ADMIN : 1
2024-12-23 20:40:00 INFO  [http-nio-8080-exec-2] d.a.a.controllers.AuthController - Getting the custom username from the loginDto inside the authController 1:ADMIN
2024-12-23 20:40:00 INFO  [http-nio-8080-exec-2] d.a.a.s.CustomUserDetailsService - Entering loadUserByUsername method of UserDetails with 1:ADMIN
2024-12-23 20:40:00 INFO  [http-nio-8080-exec-2] d.a.a.s.CustomUserDetailsService - The companyId is 1
2024-12-23 20:40:00 INFO  [http-nio-8080-exec-2] d.a.a.s.CustomUserDetailsService - The userCode is ADMIN
2024-12-23 20:40:00 INFO  [http-nio-8080-exec-2] d.a.a.controllers.AuthController - Authentication object created UsernamePasswordAuthenticationToken [Principal=dz.a2s.a2spreparation.security.AppUserDetails@74358c65, Credentials=[PROTECTED], Authenticated=true, Details=null, Granted Authorities=[]]
2024-12-23 20:40:00 INFO  [http-nio-8080-exec-2] d.a.a.security.JWTGenerator - Generating token with authentication object UsernamePasswordAuthenticationToken [Principal=dz.a2s.a2spreparation.security.AppUserDetails@74358c65, Credentials=[PROTECTED], Authenticated=true, Details=null, Granted Authorities=[]]
2024-12-23 20:40:00 INFO  [http-nio-8080-exec-2] d.a.a.security.JWTGenerator - Generating token for ADMIN
2024-12-23 20:40:00 INFO  [http-nio-8080-exec-2] d.a.a.security.JWTGenerator - Token generated inside JWTGenerator
2024-12-23 20:40:02 INFO  [http-nio-8080-exec-4] d.a.a.s.JWTAuthenticationFilter - Entering the JWTAuthenticationFilter
2024-12-23 20:40:17 INFO  [http-nio-8080-exec-5] d.a.a.s.JWTAuthenticationFilter - Entering the JWTAuthenticationFilter
2024-12-23 20:40:18 INFO  [http-nio-8080-exec-9] d.a.a.s.JWTAuthenticationFilter - Entering the JWTAuthenticationFilter
2024-12-23 20:40:20 INFO  [http-nio-8080-exec-7] d.a.a.s.JWTAuthenticationFilter - Entering the JWTAuthenticationFilter
2024-12-23 20:40:24 INFO  [http-nio-8080-exec-8] d.a.a.s.JWTAuthenticationFilter - Entering the JWTAuthenticationFilter
2024-12-23 20:41:57 INFO  [SpringApplicationShutdownHook] o.s.o.j.LocalContainerEntityManagerFactoryBean - Closing JPA EntityManagerFactory for persistence unit 'default'
2024-12-23 20:41:57 INFO  [SpringApplicationShutdownHook] com.zaxxer.hikari.HikariDataSource - HikariPool-1 - Shutdown initiated...
2024-12-23 20:41:57 INFO  [SpringApplicationShutdownHook] com.zaxxer.hikari.HikariDataSource - HikariPool-1 - Shutdown completed.
2024-12-23 20:42:01 INFO  [background-preinit] o.h.validator.internal.util.Version - HV000001: Hibernate Validator 8.0.1.Final
2024-12-23 20:42:01 INFO  [restartedMain] d.a.a.A2spreparationApplication - Starting A2spreparationApplication using Java 17.0.11 with PID 19092 (C:\Projects\Spring Boot\sb-api-preparation\target\classes started by Mohamed in C:\Projects\Spring Boot\sb-api-preparation)
2024-12-23 20:42:01 INFO  [restartedMain] d.a.a.A2spreparationApplication - No active profile set, falling back to 1 default profile: "default"
2024-12-23 20:42:01 INFO  [restartedMain] o.s.b.d.restart.ChangeableUrls - The Class-Path manifest attribute in C:\Users\Mohamed\.m2\repository\com\oracle\database\jdbc\ojdbc8\23.2.0.0\ojdbc8-23.2.0.0.jar referenced one or more files that do not exist: file:/C:/Users/Mohamed/.m2/repository/com/oracle/database/jdbc/ojdbc8/23.2.0.0/oraclepki.jar
2024-12-23 20:42:01 INFO  [restartedMain] o.s.b.d.e.DevToolsPropertyDefaultsPostProcessor - Devtools property defaults active! Set 'spring.devtools.add-properties' to 'false' to disable
2024-12-23 20:42:01 INFO  [restartedMain] o.s.b.d.e.DevToolsPropertyDefaultsPostProcessor - For additional web related logging consider setting the 'logging.level.web' property to 'DEBUG'
2024-12-23 20:42:03 INFO  [restartedMain] o.s.d.r.c.RepositoryConfigurationDelegate - Multiple Spring Data modules found, entering strict repository configuration mode
2024-12-23 20:42:03 INFO  [restartedMain] o.s.d.r.c.RepositoryConfigurationDelegate - Bootstrapping Spring Data JDBC repositories in DEFAULT mode.
2024-12-23 20:42:03 INFO  [restartedMain] o.s.d.r.c.RepositoryConfigurationExtensionSupport - Spring Data JDBC - Could not safely identify store assignment for repository candidate interface dz.a2s.a2spreparation.repositories.CompanyRepository; If you want this repository to be a JDBC repository, consider annotating your entities with one of these annotations: org.springframework.data.relational.core.mapping.Table.
2024-12-23 20:42:03 INFO  [restartedMain] o.s.d.r.c.RepositoryConfigurationExtensionSupport - Spring Data JDBC - Could not safely identify store assignment for repository candidate interface dz.a2s.a2spreparation.repositories.DiMessagesRepository; If you want this repository to be a JDBC repository, consider annotating your entities with one of these annotations: org.springframework.data.relational.core.mapping.Table.
2024-12-23 20:42:03 INFO  [restartedMain] o.s.d.r.c.RepositoryConfigurationExtensionSupport - Spring Data JDBC - Could not safely identify store assignment for repository candidate interface dz.a2s.a2spreparation.repositories.ParamsRepository; If you want this repository to be a JDBC repository, consider annotating your entities with one of these annotations: org.springframework.data.relational.core.mapping.Table.
2024-12-23 20:42:03 INFO  [restartedMain] o.s.d.r.c.RepositoryConfigurationExtensionSupport - Spring Data JDBC - Could not safely identify store assignment for repository candidate interface dz.a2s.a2spreparation.repositories.StpUserRolesRepository; If you want this repository to be a JDBC repository, consider annotating your entities with one of these annotations: org.springframework.data.relational.core.mapping.Table.
2024-12-23 20:42:03 INFO  [restartedMain] o.s.d.r.c.RepositoryConfigurationExtensionSupport - Spring Data JDBC - Could not safely identify store assignment for repository candidate interface dz.a2s.a2spreparation.repositories.UserEntityRepository; If you want this repository to be a JDBC repository, consider annotating your entities with one of these annotations: org.springframework.data.relational.core.mapping.Table.
2024-12-23 20:42:03 INFO  [restartedMain] o.s.d.r.c.RepositoryConfigurationExtensionSupport - Spring Data JDBC - Could not safely identify store assignment for repository candidate interface dz.a2s.a2spreparation.repositories.views.CommandeRepository; If you want this repository to be a JDBC repository, consider annotating your entities with one of these annotations: org.springframework.data.relational.core.mapping.Table.
2024-12-23 20:42:03 INFO  [restartedMain] o.s.d.r.c.RepositoryConfigurationExtensionSupport - Spring Data JDBC - Could not safely identify store assignment for repository candidate interface dz.a2s.a2spreparation.repositories.views.CommandeZoneRepository; If you want this repository to be a JDBC repository, consider annotating your entities with one of these annotations: org.springframework.data.relational.core.mapping.Table.
2024-12-23 20:42:03 INFO  [restartedMain] o.s.d.r.c.RepositoryConfigurationExtensionSupport - Spring Data JDBC - Could not safely identify store assignment for repository candidate interface dz.a2s.a2spreparation.repositories.views.MotifRepository; If you want this repository to be a JDBC repository, consider annotating your entities with one of these annotations: org.springframework.data.relational.core.mapping.Table.
2024-12-23 20:42:03 INFO  [restartedMain] o.s.d.r.c.RepositoryConfigurationExtensionSupport - Spring Data JDBC - Could not safely identify store assignment for repository candidate interface dz.a2s.a2spreparation.repositories.views.PrpCdePrepContRepository; If you want this repository to be a JDBC repository, consider annotating your entities with one of these annotations: org.springframework.data.relational.core.mapping.Table.
2024-12-23 20:42:03 INFO  [restartedMain] o.s.d.r.c.RepositoryConfigurationExtensionSupport - Spring Data JDBC - Could not safely identify store assignment for repository candidate interface dz.a2s.a2spreparation.repositories.views.PrpCdePrlvPrepContRepository; If you want this repository to be a JDBC repository, consider annotating your entities with one of these annotations: org.springframework.data.relational.core.mapping.Table.
2024-12-23 20:42:03 INFO  [restartedMain] o.s.d.r.c.RepositoryConfigurationExtensionSupport - Spring Data JDBC - Could not safely identify store assignment for repository candidate interface dz.a2s.a2spreparation.repositories.views.PrpCdePrlvRepository; If you want this repository to be a JDBC repository, consider annotating your entities with one of these annotations: org.springframework.data.relational.core.mapping.Table.
2024-12-23 20:42:03 INFO  [restartedMain] o.s.d.r.c.RepositoryConfigurationExtensionSupport - Spring Data JDBC - Could not safely identify store assignment for repository candidate interface dz.a2s.a2spreparation.repositories.views.PrpCdePrlvUsrCodeRepository; If you want this repository to be a JDBC repository, consider annotating your entities with one of these annotations: org.springframework.data.relational.core.mapping.Table.
2024-12-23 20:42:03 INFO  [restartedMain] o.s.d.r.c.RepositoryConfigurationExtensionSupport - Spring Data JDBC - Could not safely identify store assignment for repository candidate interface dz.a2s.a2spreparation.repositories.views.PrpPrepareControleRepository; If you want this repository to be a JDBC repository, consider annotating your entities with one of these annotations: org.springframework.data.relational.core.mapping.Table.
2024-12-23 20:42:03 INFO  [restartedMain] o.s.d.r.c.RepositoryConfigurationExtensionSupport - Spring Data JDBC - Could not safely identify store assignment for repository candidate interface dz.a2s.a2spreparation.repositories.views.StatistiqueRepository; If you want this repository to be a JDBC repository, consider annotating your entities with one of these annotations: org.springframework.data.relational.core.mapping.Table.
2024-12-23 20:42:03 INFO  [restartedMain] o.s.d.r.c.RepositoryConfigurationExtensionSupport - Spring Data JDBC - Could not safely identify store assignment for repository candidate interface dz.a2s.a2spreparation.repositories.views.StatsPreparateurRepository; If you want this repository to be a JDBC repository, consider annotating your entities with one of these annotations: org.springframework.data.relational.core.mapping.Table.
2024-12-23 20:42:03 INFO  [restartedMain] o.s.d.r.c.RepositoryConfigurationExtensionSupport - Spring Data JDBC - Could not safely identify store assignment for repository candidate interface dz.a2s.a2spreparation.repositories.views.VenteDetailsRepository; If you want this repository to be a JDBC repository, consider annotating your entities with one of these annotations: org.springframework.data.relational.core.mapping.Table.
2024-12-23 20:42:03 INFO  [restartedMain] o.s.d.r.c.RepositoryConfigurationExtensionSupport - Spring Data JDBC - Could not safely identify store assignment for repository candidate interface dz.a2s.a2spreparation.repositories.views.VentePrlvDetailsRepository; If you want this repository to be a JDBC repository, consider annotating your entities with one of these annotations: org.springframework.data.relational.core.mapping.Table.
2024-12-23 20:42:03 INFO  [restartedMain] o.s.d.r.c.RepositoryConfigurationExtensionSupport - Spring Data JDBC - Could not safely identify store assignment for repository candidate interface dz.a2s.a2spreparation.repositories.views.VenteZoneDetailsRepository; If you want this repository to be a JDBC repository, consider annotating your entities with one of these annotations: org.springframework.data.relational.core.mapping.Table.
2024-12-23 20:42:03 INFO  [restartedMain] o.s.d.r.c.RepositoryConfigurationDelegate - Finished Spring Data repository scanning in 94 ms. Found 0 JDBC repository interfaces.
2024-12-23 20:42:03 INFO  [restartedMain] o.s.d.r.c.RepositoryConfigurationDelegate - Multiple Spring Data modules found, entering strict repository configuration mode
2024-12-23 20:42:03 INFO  [restartedMain] o.s.d.r.c.RepositoryConfigurationDelegate - Bootstrapping Spring Data JPA repositories in DEFAULT mode.
2024-12-23 20:42:03 INFO  [restartedMain] o.s.d.r.c.RepositoryConfigurationDelegate - Finished Spring Data repository scanning in 89 ms. Found 18 JPA repository interfaces.
2024-12-23 20:42:04 INFO  [restartedMain] o.s.b.w.e.tomcat.TomcatWebServer - Tomcat initialized with port 8080 (http)
2024-12-23 20:42:04 INFO  [restartedMain] o.a.coyote.http11.Http11NioProtocol - Initializing ProtocolHandler ["http-nio-8080"]
2024-12-23 20:42:04 INFO  [restartedMain] o.a.catalina.core.StandardService - Starting service [Tomcat]
2024-12-23 20:42:04 INFO  [restartedMain] o.a.catalina.core.StandardEngine - Starting Servlet engine: [Apache Tomcat/10.1.28]
2024-12-23 20:42:04 INFO  [restartedMain] o.a.c.c.C.[Tomcat].[localhost].[/] - Initializing Spring embedded WebApplicationContext
2024-12-23 20:42:04 INFO  [restartedMain] o.s.b.w.s.c.ServletWebServerApplicationContext - Root WebApplicationContext: initialization completed in 3370 ms
2024-12-23 20:42:05 INFO  [restartedMain] com.zaxxer.hikari.HikariDataSource - HikariPool-1 - Starting...
2024-12-23 20:42:06 INFO  [restartedMain] com.zaxxer.hikari.pool.HikariPool - HikariPool-1 - Added connection oracle.jdbc.driver.T4CConnection@2354972b
2024-12-23 20:42:06 INFO  [restartedMain] com.zaxxer.hikari.HikariDataSource - HikariPool-1 - Start completed.
2024-12-23 20:42:06 INFO  [restartedMain] o.h.jpa.internal.util.LogHelper - HHH000204: Processing PersistenceUnitInfo [name: default]
2024-12-23 20:42:06 INFO  [restartedMain] org.hibernate.Version - HHH000412: Hibernate ORM core version 6.2.0.Final
2024-12-23 20:42:06 INFO  [restartedMain] org.hibernate.cfg.Environment - HHH000406: Using bytecode reflection optimizer
2024-12-23 20:42:06 INFO  [restartedMain] o.h.b.i.BytecodeProviderInitiator - HHH000021: Bytecode provider name : bytebuddy
2024-12-23 20:42:07 INFO  [restartedMain] o.s.o.j.p.SpringPersistenceUnitInfo - No LoadTimeWeaver setup: ignoring JPA class transformer
2024-12-23 20:42:07 INFO  [restartedMain] SQL dialect - HHH000400: Using dialect: org.hibernate.dialect.OracleDialect
2024-12-23 20:42:07 INFO  [restartedMain] o.h.b.i.BytecodeProviderInitiator - HHH000021: Bytecode provider name : bytebuddy
2024-12-23 20:42:07 WARN  [restartedMain] org.hibernate.mapping.RootClass - HHH000038: Composite-id class does not override equals(): dz.a2s.a2spreparation.entities.keys.StpUserRolesId
2024-12-23 20:42:07 WARN  [restartedMain] org.hibernate.mapping.RootClass - HHH000039: Composite-id class does not override hashCode(): dz.a2s.a2spreparation.entities.keys.StpUserRolesId
2024-12-23 20:42:08 INFO  [restartedMain] o.h.e.t.j.p.i.JtaPlatformInitiator - HHH000490: Using JtaPlatform implementation: [org.hibernate.engine.transaction.jta.platform.internal.NoJtaPlatform]
2024-12-23 20:42:08 INFO  [restartedMain] o.s.o.j.LocalContainerEntityManagerFactoryBean - Initialized JPA EntityManagerFactory for persistence unit 'default'
2024-12-23 20:42:08 INFO  [restartedMain] o.s.d.j.r.query.QueryEnhancerFactory - Hibernate is in classpath; If applicable, HQL parser will be used.
2024-12-23 20:42:09 INFO  [restartedMain] o.s.s.c.a.a.c.InitializeUserDetailsBeanManagerConfigurer$InitializeUserDetailsManagerConfigurer - Global AuthenticationManager configured with UserDetailsService bean with name customUserDetailsService
2024-12-23 20:42:09 WARN  [restartedMain] o.s.b.a.o.j.JpaBaseConfiguration$JpaWebConfiguration - spring.jpa.open-in-view is enabled by default. Therefore, database queries may be performed during view rendering. Explicitly configure spring.jpa.open-in-view to disable this warning
2024-12-23 20:42:10 INFO  [restartedMain] o.s.b.a.e.web.EndpointLinksResolver - Exposing 1 endpoint beneath base path '/actuator'
2024-12-23 20:42:11 INFO  [restartedMain] o.s.b.d.a.OptionalLiveReloadServer - LiveReload server is running on port 35729
2024-12-23 20:42:11 INFO  [restartedMain] o.a.coyote.http11.Http11NioProtocol - Starting ProtocolHandler ["http-nio-8080"]
2024-12-23 20:42:11 INFO  [restartedMain] o.s.b.w.e.tomcat.TomcatWebServer - Tomcat started on port 8080 (http) with context path '/'
2024-12-23 20:42:11 INFO  [restartedMain] d.a.a.A2spreparationApplication - Started A2spreparationApplication in 10.996 seconds (process running for 11.54)
2024-12-23 20:42:27 INFO  [http-nio-8080-exec-1] o.a.c.c.C.[Tomcat].[localhost].[/] - Initializing Spring DispatcherServlet 'dispatcherServlet'
2024-12-23 20:42:27 INFO  [http-nio-8080-exec-1] o.s.web.servlet.DispatcherServlet - Initializing Servlet 'dispatcherServlet'
2024-12-23 20:42:27 INFO  [http-nio-8080-exec-1] o.s.web.servlet.DispatcherServlet - Completed initialization in 1 ms
2024-12-23 20:42:27 INFO  [http-nio-8080-exec-1] d.a.a.s.JWTAuthenticationFilter - Entering the JWTAuthenticationFilter
2024-12-23 20:42:27 INFO  [http-nio-8080-exec-1] d.a.a.s.JWTAuthenticationFilter - JWTAuthenticationFilter recieving the token null
2024-12-23 20:42:28 INFO  [http-nio-8080-exec-2] d.a.a.s.JWTAuthenticationFilter - Entering the JWTAuthenticationFilter
2024-12-23 20:42:28 INFO  [http-nio-8080-exec-2] d.a.a.s.JWTAuthenticationFilter - JWTAuthenticationFilter recieving the token null
2024-12-23 20:42:30 INFO  [http-nio-8080-exec-3] d.a.a.s.JWTAuthenticationFilter - Entering the JWTAuthenticationFilter
2024-12-23 20:42:30 INFO  [http-nio-8080-exec-3] d.a.a.s.JWTAuthenticationFilter - JWTAuthenticationFilter recieving the token null
2024-12-23 20:42:35 INFO  [http-nio-8080-exec-4] d.a.a.s.JWTAuthenticationFilter - Entering the JWTAuthenticationFilter
2024-12-23 20:42:35 INFO  [http-nio-8080-exec-4] d.a.a.s.JWTAuthenticationFilter - JWTAuthenticationFilter recieving the token null
2024-12-23 20:43:13 INFO  [http-nio-8080-exec-6] d.a.a.s.JWTAuthenticationFilter - Entering the JWTAuthenticationFilter
2024-12-23 20:43:13 INFO  [http-nio-8080-exec-6] d.a.a.s.JWTAuthenticationFilter - JWTAuthenticationFilter recieving the token null
2024-12-23 20:43:14 INFO  [http-nio-8080-exec-7] d.a.a.s.JWTAuthenticationFilter - Entering the JWTAuthenticationFilter
2024-12-23 20:43:14 INFO  [http-nio-8080-exec-7] d.a.a.s.JWTAuthenticationFilter - JWTAuthenticationFilter recieving the token null
2024-12-23 20:43:16 INFO  [http-nio-8080-exec-8] d.a.a.s.JWTAuthenticationFilter - Entering the JWTAuthenticationFilter
2024-12-23 20:43:16 INFO  [http-nio-8080-exec-8] d.a.a.s.JWTAuthenticationFilter - JWTAuthenticationFilter recieving the token null
2024-12-23 20:43:22 INFO  [http-nio-8080-exec-5] d.a.a.s.JWTAuthenticationFilter - Entering the JWTAuthenticationFilter
2024-12-23 20:43:22 INFO  [http-nio-8080-exec-5] d.a.a.s.JWTAuthenticationFilter - JWTAuthenticationFilter recieving the token null
2024-12-23 20:43:26 INFO  [http-nio-8080-exec-9] d.a.a.s.JWTAuthenticationFilter - Entering the JWTAuthenticationFilter
2024-12-23 20:43:26 INFO  [http-nio-8080-exec-9] d.a.a.s.JWTAuthenticationFilter - JWTAuthenticationFilter recieving the token null
2024-12-23 20:43:27 INFO  [http-nio-8080-exec-10] d.a.a.s.JWTAuthenticationFilter - Entering the JWTAuthenticationFilter
2024-12-23 20:43:27 INFO  [http-nio-8080-exec-10] d.a.a.s.JWTAuthenticationFilter - JWTAuthenticationFilter recieving the token null
2024-12-23 20:43:29 INFO  [http-nio-8080-exec-1] d.a.a.s.JWTAuthenticationFilter - Entering the JWTAuthenticationFilter
2024-12-23 20:43:29 INFO  [http-nio-8080-exec-1] d.a.a.s.JWTAuthenticationFilter - JWTAuthenticationFilter recieving the token null
2024-12-23 20:43:33 INFO  [http-nio-8080-exec-2] d.a.a.s.JWTAuthenticationFilter - Entering the JWTAuthenticationFilter
2024-12-23 20:43:33 INFO  [http-nio-8080-exec-2] d.a.a.s.JWTAuthenticationFilter - JWTAuthenticationFilter recieving the token null
2024-12-23 20:45:26 INFO  [http-nio-8080-exec-4] d.a.a.s.JWTAuthenticationFilter - Entering the JWTAuthenticationFilter
2024-12-23 20:45:26 INFO  [http-nio-8080-exec-4] d.a.a.s.JWTAuthenticationFilter - JWTAuthenticationFilter recieving the token null
2024-12-23 20:45:27 INFO  [http-nio-8080-exec-6] d.a.a.s.JWTAuthenticationFilter - Entering the JWTAuthenticationFilter
2024-12-23 20:45:27 INFO  [http-nio-8080-exec-6] d.a.a.s.JWTAuthenticationFilter - JWTAuthenticationFilter recieving the token null
2024-12-23 20:45:29 INFO  [http-nio-8080-exec-7] d.a.a.s.JWTAuthenticationFilter - Entering the JWTAuthenticationFilter
2024-12-23 20:45:29 INFO  [http-nio-8080-exec-7] d.a.a.s.JWTAuthenticationFilter - JWTAuthenticationFilter recieving the token null
2024-12-23 20:45:33 INFO  [http-nio-8080-exec-8] d.a.a.s.JWTAuthenticationFilter - Entering the JWTAuthenticationFilter
2024-12-23 20:45:33 INFO  [http-nio-8080-exec-8] d.a.a.s.JWTAuthenticationFilter - JWTAuthenticationFilter recieving the token null
2024-12-23 20:53:08 INFO  [http-nio-8080-exec-9] d.a.a.s.JWTAuthenticationFilter - Entering the JWTAuthenticationFilter
2024-12-23 20:53:08 INFO  [http-nio-8080-exec-9] d.a.a.s.JWTAuthenticationFilter - JWTAuthenticationFilter recieving the token null
2024-12-23 20:53:09 INFO  [http-nio-8080-exec-10] d.a.a.s.JWTAuthenticationFilter - Entering the JWTAuthenticationFilter
2024-12-23 20:53:09 INFO  [http-nio-8080-exec-10] d.a.a.s.JWTAuthenticationFilter - JWTAuthenticationFilter recieving the token null
2024-12-23 20:53:12 INFO  [http-nio-8080-exec-1] d.a.a.s.JWTAuthenticationFilter - Entering the JWTAuthenticationFilter
2024-12-23 20:53:12 INFO  [http-nio-8080-exec-1] d.a.a.s.JWTAuthenticationFilter - JWTAuthenticationFilter recieving the token null
2024-12-23 20:53:16 INFO  [http-nio-8080-exec-2] d.a.a.s.JWTAuthenticationFilter - Entering the JWTAuthenticationFilter
2024-12-23 20:53:16 INFO  [http-nio-8080-exec-2] d.a.a.s.JWTAuthenticationFilter - JWTAuthenticationFilter recieving the token null
2024-12-23 20:53:18 INFO  [http-nio-8080-exec-3] d.a.a.s.JWTAuthenticationFilter - Entering the JWTAuthenticationFilter
2024-12-23 20:53:18 INFO  [http-nio-8080-exec-3] d.a.a.s.JWTAuthenticationFilter - JWTAuthenticationFilter recieving the token null
2024-12-23 20:53:36 INFO  [http-nio-8080-exec-4] d.a.a.s.JWTAuthenticationFilter - Entering the JWTAuthenticationFilter
2024-12-23 20:53:36 INFO  [http-nio-8080-exec-4] d.a.a.s.JWTAuthenticationFilter - JWTAuthenticationFilter recieving the token null
2024-12-23 20:54:17 INFO  [http-nio-8080-exec-6] d.a.a.s.JWTAuthenticationFilter - Entering the JWTAuthenticationFilter
2024-12-23 20:54:17 INFO  [http-nio-8080-exec-6] d.a.a.s.JWTAuthenticationFilter - JWTAuthenticationFilter recieving the token null
2024-12-23 20:54:46 INFO  [http-nio-8080-exec-7] d.a.a.s.JWTAuthenticationFilter - Entering the JWTAuthenticationFilter
2024-12-23 20:54:46 INFO  [http-nio-8080-exec-7] d.a.a.s.JWTAuthenticationFilter - JWTAuthenticationFilter recieving the token null
2024-12-23 20:55:18 INFO  [http-nio-8080-exec-8] d.a.a.s.JWTAuthenticationFilter - Entering the JWTAuthenticationFilter
2024-12-23 20:55:18 INFO  [http-nio-8080-exec-8] d.a.a.s.JWTAuthenticationFilter - JWTAuthenticationFilter recieving the token null
2024-12-23 20:55:19 INFO  [http-nio-8080-exec-5] d.a.a.s.JWTAuthenticationFilter - Entering the JWTAuthenticationFilter
2024-12-23 20:55:19 INFO  [http-nio-8080-exec-5] d.a.a.s.JWTAuthenticationFilter - JWTAuthenticationFilter recieving the token null
2024-12-23 20:55:21 INFO  [http-nio-8080-exec-9] d.a.a.s.JWTAuthenticationFilter - Entering the JWTAuthenticationFilter
2024-12-23 20:55:21 INFO  [http-nio-8080-exec-9] d.a.a.s.JWTAuthenticationFilter - JWTAuthenticationFilter recieving the token null
2024-12-23 20:55:25 INFO  [http-nio-8080-exec-10] d.a.a.s.JWTAuthenticationFilter - Entering the JWTAuthenticationFilter
2024-12-23 20:55:25 INFO  [http-nio-8080-exec-10] d.a.a.s.JWTAuthenticationFilter - JWTAuthenticationFilter recieving the token null
2024-12-23 20:57:02 INFO  [http-nio-8080-exec-2] d.a.a.s.JWTAuthenticationFilter - Entering the JWTAuthenticationFilter
2024-12-23 20:57:02 INFO  [http-nio-8080-exec-2] d.a.a.s.JWTAuthenticationFilter - JWTAuthenticationFilter recieving the token null
2024-12-23 20:57:03 INFO  [http-nio-8080-exec-3] d.a.a.s.JWTAuthenticationFilter - Entering the JWTAuthenticationFilter
2024-12-23 20:57:03 INFO  [http-nio-8080-exec-3] d.a.a.s.JWTAuthenticationFilter - JWTAuthenticationFilter recieving the token null
2024-12-23 20:57:05 INFO  [http-nio-8080-exec-4] d.a.a.s.JWTAuthenticationFilter - Entering the JWTAuthenticationFilter
2024-12-23 20:57:05 INFO  [http-nio-8080-exec-4] d.a.a.s.JWTAuthenticationFilter - JWTAuthenticationFilter recieving the token null
2024-12-23 20:57:09 INFO  [http-nio-8080-exec-6] d.a.a.s.JWTAuthenticationFilter - Entering the JWTAuthenticationFilter
2024-12-23 20:57:09 INFO  [http-nio-8080-exec-6] d.a.a.s.JWTAuthenticationFilter - JWTAuthenticationFilter recieving the token null
2024-12-23 21:03:39 INFO  [http-nio-8080-exec-8] d.a.a.s.JWTAuthenticationFilter - Entering the JWTAuthenticationFilter
2024-12-23 21:03:39 INFO  [http-nio-8080-exec-8] d.a.a.s.JWTAuthenticationFilter - JWTAuthenticationFilter recieving the token null
2024-12-23 21:03:40 INFO  [http-nio-8080-exec-5] d.a.a.s.JWTAuthenticationFilter - Entering the JWTAuthenticationFilter
2024-12-23 21:03:40 INFO  [http-nio-8080-exec-5] d.a.a.s.JWTAuthenticationFilter - JWTAuthenticationFilter recieving the token null
2024-12-23 21:03:42 INFO  [http-nio-8080-exec-9] d.a.a.s.JWTAuthenticationFilter - Entering the JWTAuthenticationFilter
2024-12-23 21:03:42 INFO  [http-nio-8080-exec-9] d.a.a.s.JWTAuthenticationFilter - JWTAuthenticationFilter recieving the token null
2024-12-23 21:07:29 INFO  [http-nio-8080-exec-1] d.a.a.s.JWTAuthenticationFilter - Entering the JWTAuthenticationFilter
2024-12-23 21:07:29 INFO  [http-nio-8080-exec-1] d.a.a.s.JWTAuthenticationFilter - JWTAuthenticationFilter recieving the token null
2024-12-23 21:07:48 INFO  [http-nio-8080-exec-2] d.a.a.s.JWTAuthenticationFilter - Entering the JWTAuthenticationFilter
2024-12-23 21:07:48 INFO  [http-nio-8080-exec-2] d.a.a.s.JWTAuthenticationFilter - JWTAuthenticationFilter recieving the token null
2024-12-23 21:07:49 INFO  [http-nio-8080-exec-3] d.a.a.s.JWTAuthenticationFilter - Entering the JWTAuthenticationFilter
2024-12-23 21:07:49 INFO  [http-nio-8080-exec-3] d.a.a.s.JWTAuthenticationFilter - JWTAuthenticationFilter recieving the token null
2024-12-23 21:07:51 INFO  [http-nio-8080-exec-4] d.a.a.s.JWTAuthenticationFilter - Entering the JWTAuthenticationFilter
2024-12-23 21:07:51 INFO  [http-nio-8080-exec-4] d.a.a.s.JWTAuthenticationFilter - JWTAuthenticationFilter recieving the token null
2024-12-23 21:07:58 INFO  [http-nio-8080-exec-6] d.a.a.s.JWTAuthenticationFilter - Entering the JWTAuthenticationFilter
2024-12-23 21:07:58 INFO  [http-nio-8080-exec-6] d.a.a.s.JWTAuthenticationFilter - JWTAuthenticationFilter recieving the token null
2024-12-23 21:08:30 INFO  [http-nio-8080-exec-7] d.a.a.s.JWTAuthenticationFilter - Entering the JWTAuthenticationFilter
2024-12-23 21:08:30 INFO  [http-nio-8080-exec-7] d.a.a.s.JWTAuthenticationFilter - JWTAuthenticationFilter recieving the token null
2024-12-23 21:08:32 INFO  [http-nio-8080-exec-8] d.a.a.s.JWTAuthenticationFilter - Entering the JWTAuthenticationFilter
2024-12-23 21:08:32 INFO  [http-nio-8080-exec-8] d.a.a.s.JWTAuthenticationFilter - JWTAuthenticationFilter recieving the token null
2024-12-23 21:08:34 INFO  [http-nio-8080-exec-5] d.a.a.s.JWTAuthenticationFilter - Entering the JWTAuthenticationFilter
2024-12-23 21:08:34 INFO  [http-nio-8080-exec-5] d.a.a.s.JWTAuthenticationFilter - JWTAuthenticationFilter recieving the token null
2024-12-23 21:08:38 INFO  [http-nio-8080-exec-9] d.a.a.s.JWTAuthenticationFilter - Entering the JWTAuthenticationFilter
2024-12-23 21:08:38 INFO  [http-nio-8080-exec-9] d.a.a.s.JWTAuthenticationFilter - JWTAuthenticationFilter recieving the token null
2024-12-23 21:14:30 INFO  [http-nio-8080-exec-1] d.a.a.s.JWTAuthenticationFilter - Entering the JWTAuthenticationFilter
2024-12-23 21:14:30 INFO  [http-nio-8080-exec-1] d.a.a.s.JWTAuthenticationFilter - JWTAuthenticationFilter recieving the token null
2024-12-23 21:14:30 INFO  [http-nio-8080-exec-2] d.a.a.s.JWTAuthenticationFilter - Entering the JWTAuthenticationFilter
2024-12-23 21:14:30 INFO  [http-nio-8080-exec-2] d.a.a.s.JWTAuthenticationFilter - JWTAuthenticationFilter recieving the token null
2024-12-23 21:15:16 INFO  [SpringApplicationShutdownHook] o.s.o.j.LocalContainerEntityManagerFactoryBean - Closing JPA EntityManagerFactory for persistence unit 'default'
2024-12-23 21:15:16 INFO  [SpringApplicationShutdownHook] com.zaxxer.hikari.HikariDataSource - HikariPool-1 - Shutdown initiated...
2024-12-23 21:15:16 INFO  [SpringApplicationShutdownHook] com.zaxxer.hikari.HikariDataSource - HikariPool-1 - Shutdown completed.
2024-12-23 21:15:20 INFO  [background-preinit] o.h.validator.internal.util.Version - HV000001: Hibernate Validator 8.0.1.Final
2024-12-23 21:15:20 INFO  [restartedMain] d.a.a.A2spreparationApplication - Starting A2spreparationApplication using Java 17.0.11 with PID 15188 (C:\Projects\Spring Boot\sb-api-preparation\target\classes started by Mohamed in C:\Projects\Spring Boot\sb-api-preparation)
2024-12-23 21:15:20 INFO  [restartedMain] d.a.a.A2spreparationApplication - No active profile set, falling back to 1 default profile: "default"
2024-12-23 21:15:20 INFO  [restartedMain] o.s.b.d.restart.ChangeableUrls - The Class-Path manifest attribute in C:\Users\Mohamed\.m2\repository\com\oracle\database\jdbc\ojdbc8\23.2.0.0\ojdbc8-23.2.0.0.jar referenced one or more files that do not exist: file:/C:/Users/Mohamed/.m2/repository/com/oracle/database/jdbc/ojdbc8/23.2.0.0/oraclepki.jar
2024-12-23 21:15:20 INFO  [restartedMain] o.s.b.d.e.DevToolsPropertyDefaultsPostProcessor - Devtools property defaults active! Set 'spring.devtools.add-properties' to 'false' to disable
2024-12-23 21:15:20 INFO  [restartedMain] o.s.b.d.e.DevToolsPropertyDefaultsPostProcessor - For additional web related logging consider setting the 'logging.level.web' property to 'DEBUG'
2024-12-23 21:15:22 INFO  [restartedMain] o.s.d.r.c.RepositoryConfigurationDelegate - Multiple Spring Data modules found, entering strict repository configuration mode
2024-12-23 21:15:22 INFO  [restartedMain] o.s.d.r.c.RepositoryConfigurationDelegate - Bootstrapping Spring Data JDBC repositories in DEFAULT mode.
2024-12-23 21:15:22 INFO  [restartedMain] o.s.d.r.c.RepositoryConfigurationExtensionSupport - Spring Data JDBC - Could not safely identify store assignment for repository candidate interface dz.a2s.a2spreparation.repositories.CompanyRepository; If you want this repository to be a JDBC repository, consider annotating your entities with one of these annotations: org.springframework.data.relational.core.mapping.Table.
2024-12-23 21:15:22 INFO  [restartedMain] o.s.d.r.c.RepositoryConfigurationExtensionSupport - Spring Data JDBC - Could not safely identify store assignment for repository candidate interface dz.a2s.a2spreparation.repositories.DiMessagesRepository; If you want this repository to be a JDBC repository, consider annotating your entities with one of these annotations: org.springframework.data.relational.core.mapping.Table.
2024-12-23 21:15:22 INFO  [restartedMain] o.s.d.r.c.RepositoryConfigurationExtensionSupport - Spring Data JDBC - Could not safely identify store assignment for repository candidate interface dz.a2s.a2spreparation.repositories.ParamsRepository; If you want this repository to be a JDBC repository, consider annotating your entities with one of these annotations: org.springframework.data.relational.core.mapping.Table.
2024-12-23 21:15:22 INFO  [restartedMain] o.s.d.r.c.RepositoryConfigurationExtensionSupport - Spring Data JDBC - Could not safely identify store assignment for repository candidate interface dz.a2s.a2spreparation.repositories.StpUserRolesRepository; If you want this repository to be a JDBC repository, consider annotating your entities with one of these annotations: org.springframework.data.relational.core.mapping.Table.
2024-12-23 21:15:22 INFO  [restartedMain] o.s.d.r.c.RepositoryConfigurationExtensionSupport - Spring Data JDBC - Could not safely identify store assignment for repository candidate interface dz.a2s.a2spreparation.repositories.UserEntityRepository; If you want this repository to be a JDBC repository, consider annotating your entities with one of these annotations: org.springframework.data.relational.core.mapping.Table.
2024-12-23 21:15:22 INFO  [restartedMain] o.s.d.r.c.RepositoryConfigurationExtensionSupport - Spring Data JDBC - Could not safely identify store assignment for repository candidate interface dz.a2s.a2spreparation.repositories.views.CommandeRepository; If you want this repository to be a JDBC repository, consider annotating your entities with one of these annotations: org.springframework.data.relational.core.mapping.Table.
2024-12-23 21:15:22 INFO  [restartedMain] o.s.d.r.c.RepositoryConfigurationExtensionSupport - Spring Data JDBC - Could not safely identify store assignment for repository candidate interface dz.a2s.a2spreparation.repositories.views.CommandeZoneRepository; If you want this repository to be a JDBC repository, consider annotating your entities with one of these annotations: org.springframework.data.relational.core.mapping.Table.
2024-12-23 21:15:22 INFO  [restartedMain] o.s.d.r.c.RepositoryConfigurationExtensionSupport - Spring Data JDBC - Could not safely identify store assignment for repository candidate interface dz.a2s.a2spreparation.repositories.views.MotifRepository; If you want this repository to be a JDBC repository, consider annotating your entities with one of these annotations: org.springframework.data.relational.core.mapping.Table.
2024-12-23 21:15:22 INFO  [restartedMain] o.s.d.r.c.RepositoryConfigurationExtensionSupport - Spring Data JDBC - Could not safely identify store assignment for repository candidate interface dz.a2s.a2spreparation.repositories.views.PrpCdePrepContRepository; If you want this repository to be a JDBC repository, consider annotating your entities with one of these annotations: org.springframework.data.relational.core.mapping.Table.
2024-12-23 21:15:22 INFO  [restartedMain] o.s.d.r.c.RepositoryConfigurationExtensionSupport - Spring Data JDBC - Could not safely identify store assignment for repository candidate interface dz.a2s.a2spreparation.repositories.views.PrpCdePrlvPrepContRepository; If you want this repository to be a JDBC repository, consider annotating your entities with one of these annotations: org.springframework.data.relational.core.mapping.Table.
2024-12-23 21:15:22 INFO  [restartedMain] o.s.d.r.c.RepositoryConfigurationExtensionSupport - Spring Data JDBC - Could not safely identify store assignment for repository candidate interface dz.a2s.a2spreparation.repositories.views.PrpCdePrlvRepository; If you want this repository to be a JDBC repository, consider annotating your entities with one of these annotations: org.springframework.data.relational.core.mapping.Table.
2024-12-23 21:15:22 INFO  [restartedMain] o.s.d.r.c.RepositoryConfigurationExtensionSupport - Spring Data JDBC - Could not safely identify store assignment for repository candidate interface dz.a2s.a2spreparation.repositories.views.PrpCdePrlvUsrCodeRepository; If you want this repository to be a JDBC repository, consider annotating your entities with one of these annotations: org.springframework.data.relational.core.mapping.Table.
2024-12-23 21:15:22 INFO  [restartedMain] o.s.d.r.c.RepositoryConfigurationExtensionSupport - Spring Data JDBC - Could not safely identify store assignment for repository candidate interface dz.a2s.a2spreparation.repositories.views.PrpPrepareControleRepository; If you want this repository to be a JDBC repository, consider annotating your entities with one of these annotations: org.springframework.data.relational.core.mapping.Table.
2024-12-23 21:15:22 INFO  [restartedMain] o.s.d.r.c.RepositoryConfigurationExtensionSupport - Spring Data JDBC - Could not safely identify store assignment for repository candidate interface dz.a2s.a2spreparation.repositories.views.StatistiqueRepository; If you want this repository to be a JDBC repository, consider annotating your entities with one of these annotations: org.springframework.data.relational.core.mapping.Table.
2024-12-23 21:15:22 INFO  [restartedMain] o.s.d.r.c.RepositoryConfigurationExtensionSupport - Spring Data JDBC - Could not safely identify store assignment for repository candidate interface dz.a2s.a2spreparation.repositories.views.StatsPreparateurRepository; If you want this repository to be a JDBC repository, consider annotating your entities with one of these annotations: org.springframework.data.relational.core.mapping.Table.
2024-12-23 21:15:22 INFO  [restartedMain] o.s.d.r.c.RepositoryConfigurationExtensionSupport - Spring Data JDBC - Could not safely identify store assignment for repository candidate interface dz.a2s.a2spreparation.repositories.views.VenteDetailsRepository; If you want this repository to be a JDBC repository, consider annotating your entities with one of these annotations: org.springframework.data.relational.core.mapping.Table.
2024-12-23 21:15:22 INFO  [restartedMain] o.s.d.r.c.RepositoryConfigurationExtensionSupport - Spring Data JDBC - Could not safely identify store assignment for repository candidate interface dz.a2s.a2spreparation.repositories.views.VentePrlvDetailsRepository; If you want this repository to be a JDBC repository, consider annotating your entities with one of these annotations: org.springframework.data.relational.core.mapping.Table.
2024-12-23 21:15:22 INFO  [restartedMain] o.s.d.r.c.RepositoryConfigurationExtensionSupport - Spring Data JDBC - Could not safely identify store assignment for repository candidate interface dz.a2s.a2spreparation.repositories.views.VenteZoneDetailsRepository; If you want this repository to be a JDBC repository, consider annotating your entities with one of these annotations: org.springframework.data.relational.core.mapping.Table.
2024-12-23 21:15:22 INFO  [restartedMain] o.s.d.r.c.RepositoryConfigurationDelegate - Finished Spring Data repository scanning in 103 ms. Found 0 JDBC repository interfaces.
2024-12-23 21:15:22 INFO  [restartedMain] o.s.d.r.c.RepositoryConfigurationDelegate - Multiple Spring Data modules found, entering strict repository configuration mode
2024-12-23 21:15:22 INFO  [restartedMain] o.s.d.r.c.RepositoryConfigurationDelegate - Bootstrapping Spring Data JPA repositories in DEFAULT mode.
2024-12-23 21:15:22 INFO  [restartedMain] o.s.d.r.c.RepositoryConfigurationDelegate - Finished Spring Data repository scanning in 98 ms. Found 18 JPA repository interfaces.
2024-12-23 21:15:24 INFO  [restartedMain] o.s.b.w.e.tomcat.TomcatWebServer - Tomcat initialized with port 8080 (http)
2024-12-23 21:15:24 INFO  [restartedMain] o.a.coyote.http11.Http11NioProtocol - Initializing ProtocolHandler ["http-nio-8080"]
2024-12-23 21:15:24 INFO  [restartedMain] o.a.catalina.core.StandardService - Starting service [Tomcat]
2024-12-23 21:15:24 INFO  [restartedMain] o.a.catalina.core.StandardEngine - Starting Servlet engine: [Apache Tomcat/10.1.28]
2024-12-23 21:15:24 INFO  [restartedMain] o.a.c.c.C.[Tomcat].[localhost].[/] - Initializing Spring embedded WebApplicationContext
2024-12-23 21:15:24 INFO  [restartedMain] o.s.b.w.s.c.ServletWebServerApplicationContext - Root WebApplicationContext: initialization completed in 4068 ms
2024-12-23 21:15:25 INFO  [restartedMain] com.zaxxer.hikari.HikariDataSource - HikariPool-1 - Starting...
2024-12-23 21:15:26 INFO  [restartedMain] com.zaxxer.hikari.pool.HikariPool - HikariPool-1 - Added connection oracle.jdbc.driver.T4CConnection@3eae32ec
2024-12-23 21:15:26 INFO  [restartedMain] com.zaxxer.hikari.HikariDataSource - HikariPool-1 - Start completed.
2024-12-23 21:15:26 INFO  [restartedMain] o.h.jpa.internal.util.LogHelper - HHH000204: Processing PersistenceUnitInfo [name: default]
2024-12-23 21:15:26 INFO  [restartedMain] org.hibernate.Version - HHH000412: Hibernate ORM core version 6.2.0.Final
2024-12-23 21:15:26 INFO  [restartedMain] org.hibernate.cfg.Environment - HHH000406: Using bytecode reflection optimizer
2024-12-23 21:15:27 INFO  [restartedMain] o.h.b.i.BytecodeProviderInitiator - HHH000021: Bytecode provider name : bytebuddy
2024-12-23 21:15:27 INFO  [restartedMain] o.s.o.j.p.SpringPersistenceUnitInfo - No LoadTimeWeaver setup: ignoring JPA class transformer
2024-12-23 21:15:27 INFO  [restartedMain] SQL dialect - HHH000400: Using dialect: org.hibernate.dialect.OracleDialect
2024-12-23 21:15:27 INFO  [restartedMain] o.h.b.i.BytecodeProviderInitiator - HHH000021: Bytecode provider name : bytebuddy
2024-12-23 21:15:28 WARN  [restartedMain] org.hibernate.mapping.RootClass - HHH000038: Composite-id class does not override equals(): dz.a2s.a2spreparation.entities.keys.StpUserRolesId
2024-12-23 21:15:28 WARN  [restartedMain] org.hibernate.mapping.RootClass - HHH000039: Composite-id class does not override hashCode(): dz.a2s.a2spreparation.entities.keys.StpUserRolesId
2024-12-23 21:15:29 INFO  [restartedMain] o.h.e.t.j.p.i.JtaPlatformInitiator - HHH000490: Using JtaPlatform implementation: [org.hibernate.engine.transaction.jta.platform.internal.NoJtaPlatform]
2024-12-23 21:15:29 INFO  [restartedMain] o.s.o.j.LocalContainerEntityManagerFactoryBean - Initialized JPA EntityManagerFactory for persistence unit 'default'
2024-12-23 21:15:29 INFO  [restartedMain] o.s.d.j.r.query.QueryEnhancerFactory - Hibernate is in classpath; If applicable, HQL parser will be used.
2024-12-23 21:15:30 INFO  [restartedMain] o.s.s.c.a.a.c.InitializeUserDetailsBeanManagerConfigurer$InitializeUserDetailsManagerConfigurer - Global AuthenticationManager configured with UserDetailsService bean with name customUserDetailsService
2024-12-23 21:15:31 WARN  [restartedMain] o.s.b.a.o.j.JpaBaseConfiguration$JpaWebConfiguration - spring.jpa.open-in-view is enabled by default. Therefore, database queries may be performed during view rendering. Explicitly configure spring.jpa.open-in-view to disable this warning
2024-12-23 21:15:32 INFO  [restartedMain] o.s.b.a.e.web.EndpointLinksResolver - Exposing 1 endpoint beneath base path '/actuator'
2024-12-23 21:15:33 INFO  [restartedMain] o.s.b.d.a.OptionalLiveReloadServer - LiveReload server is running on port 35729
2024-12-23 21:15:33 INFO  [restartedMain] o.a.coyote.http11.Http11NioProtocol - Starting ProtocolHandler ["http-nio-8080"]
2024-12-23 21:15:33 INFO  [restartedMain] o.s.b.w.e.tomcat.TomcatWebServer - Tomcat started on port 8080 (http) with context path '/'
2024-12-23 21:15:33 INFO  [restartedMain] d.a.a.A2spreparationApplication - Started A2spreparationApplication in 13.679 seconds (process running for 14.196)
2024-12-23 21:15:51 INFO  [http-nio-8080-exec-1] o.a.c.c.C.[Tomcat].[localhost].[/] - Initializing Spring DispatcherServlet 'dispatcherServlet'
2024-12-23 21:15:51 INFO  [http-nio-8080-exec-1] o.s.web.servlet.DispatcherServlet - Initializing Servlet 'dispatcherServlet'
2024-12-23 21:15:51 INFO  [http-nio-8080-exec-1] o.s.web.servlet.DispatcherServlet - Completed initialization in 1 ms
2024-12-23 21:15:51 INFO  [http-nio-8080-exec-1] d.a.a.s.JWTAuthenticationFilter - Entering the JWTAuthenticationFilter
2024-12-23 21:15:51 INFO  [http-nio-8080-exec-1] d.a.a.s.JWTAuthenticationFilter - /api/user/my-info
2024-12-23 21:15:51 INFO  [http-nio-8080-exec-1] d.a.a.s.JWTAuthenticationFilter - JWTAuthenticationFilter recieving the token null
2024-12-23 21:15:52 INFO  [http-nio-8080-exec-2] d.a.a.s.JWTAuthenticationFilter - Entering the JWTAuthenticationFilter
2024-12-23 21:15:52 INFO  [http-nio-8080-exec-2] d.a.a.s.JWTAuthenticationFilter - /api/user/my-info
2024-12-23 21:15:52 INFO  [http-nio-8080-exec-2] d.a.a.s.JWTAuthenticationFilter - JWTAuthenticationFilter recieving the token null
2024-12-23 21:16:22 INFO  [http-nio-8080-exec-3] d.a.a.s.JWTAuthenticationFilter - Entering the JWTAuthenticationFilter
2024-12-23 21:18:12 WARN  [HikariPool-1 housekeeper] com.zaxxer.hikari.pool.HikariPool - HikariPool-1 - Thread starvation or clock leap detected (housekeeper delta=2m16s324ms44s600ns).
2024-12-23 21:18:12 INFO  [http-nio-8080-exec-4] d.a.a.s.JWTAuthenticationFilter - Entering the JWTAuthenticationFilter
2024-12-23 21:18:12 INFO  [http-nio-8080-exec-4] d.a.a.s.JWTAuthenticationFilter - /api/user/my-info
2024-12-23 21:18:12 INFO  [http-nio-8080-exec-4] d.a.a.s.JWTAuthenticationFilter - JWTAuthenticationFilter recieving the token null
2024-12-23 21:18:12 INFO  [http-nio-8080-exec-3] d.a.a.s.JWTAuthenticationFilter - /api/user/my-info
2024-12-23 21:18:12 INFO  [http-nio-8080-exec-3] d.a.a.s.JWTAuthenticationFilter - JWTAuthenticationFilter recieving the token null
2024-12-23 21:18:48 INFO  [SpringApplicationShutdownHook] o.s.o.j.LocalContainerEntityManagerFactoryBean - Closing JPA EntityManagerFactory for persistence unit 'default'
2024-12-23 21:18:48 INFO  [SpringApplicationShutdownHook] com.zaxxer.hikari.HikariDataSource - HikariPool-1 - Shutdown initiated...
2024-12-23 21:18:48 INFO  [SpringApplicationShutdownHook] com.zaxxer.hikari.HikariDataSource - HikariPool-1 - Shutdown completed.
2024-12-23 21:18:51 INFO  [background-preinit] o.h.validator.internal.util.Version - HV000001: Hibernate Validator 8.0.1.Final
2024-12-23 21:18:51 INFO  [restartedMain] d.a.a.A2spreparationApplication - Starting A2spreparationApplication using Java 17.0.11 with PID 24580 (C:\Projects\Spring Boot\sb-api-preparation\target\classes started by Mohamed in C:\Projects\Spring Boot\sb-api-preparation)
2024-12-23 21:18:51 INFO  [restartedMain] d.a.a.A2spreparationApplication - No active profile set, falling back to 1 default profile: "default"
2024-12-23 21:18:52 INFO  [restartedMain] o.s.b.d.restart.ChangeableUrls - The Class-Path manifest attribute in C:\Users\Mohamed\.m2\repository\com\oracle\database\jdbc\ojdbc8\23.2.0.0\ojdbc8-23.2.0.0.jar referenced one or more files that do not exist: file:/C:/Users/Mohamed/.m2/repository/com/oracle/database/jdbc/ojdbc8/23.2.0.0/oraclepki.jar
2024-12-23 21:18:52 INFO  [restartedMain] o.s.b.d.e.DevToolsPropertyDefaultsPostProcessor - Devtools property defaults active! Set 'spring.devtools.add-properties' to 'false' to disable
2024-12-23 21:18:52 INFO  [restartedMain] o.s.b.d.e.DevToolsPropertyDefaultsPostProcessor - For additional web related logging consider setting the 'logging.level.web' property to 'DEBUG'
2024-12-23 21:18:53 INFO  [restartedMain] o.s.d.r.c.RepositoryConfigurationDelegate - Multiple Spring Data modules found, entering strict repository configuration mode
2024-12-23 21:18:53 INFO  [restartedMain] o.s.d.r.c.RepositoryConfigurationDelegate - Bootstrapping Spring Data JDBC repositories in DEFAULT mode.
2024-12-23 21:18:53 INFO  [restartedMain] o.s.d.r.c.RepositoryConfigurationExtensionSupport - Spring Data JDBC - Could not safely identify store assignment for repository candidate interface dz.a2s.a2spreparation.repositories.CompanyRepository; If you want this repository to be a JDBC repository, consider annotating your entities with one of these annotations: org.springframework.data.relational.core.mapping.Table.
2024-12-23 21:18:53 INFO  [restartedMain] o.s.d.r.c.RepositoryConfigurationExtensionSupport - Spring Data JDBC - Could not safely identify store assignment for repository candidate interface dz.a2s.a2spreparation.repositories.DiMessagesRepository; If you want this repository to be a JDBC repository, consider annotating your entities with one of these annotations: org.springframework.data.relational.core.mapping.Table.
2024-12-23 21:18:53 INFO  [restartedMain] o.s.d.r.c.RepositoryConfigurationExtensionSupport - Spring Data JDBC - Could not safely identify store assignment for repository candidate interface dz.a2s.a2spreparation.repositories.ParamsRepository; If you want this repository to be a JDBC repository, consider annotating your entities with one of these annotations: org.springframework.data.relational.core.mapping.Table.
2024-12-23 21:18:53 INFO  [restartedMain] o.s.d.r.c.RepositoryConfigurationExtensionSupport - Spring Data JDBC - Could not safely identify store assignment for repository candidate interface dz.a2s.a2spreparation.repositories.StpUserRolesRepository; If you want this repository to be a JDBC repository, consider annotating your entities with one of these annotations: org.springframework.data.relational.core.mapping.Table.
2024-12-23 21:18:53 INFO  [restartedMain] o.s.d.r.c.RepositoryConfigurationExtensionSupport - Spring Data JDBC - Could not safely identify store assignment for repository candidate interface dz.a2s.a2spreparation.repositories.UserEntityRepository; If you want this repository to be a JDBC repository, consider annotating your entities with one of these annotations: org.springframework.data.relational.core.mapping.Table.
2024-12-23 21:18:53 INFO  [restartedMain] o.s.d.r.c.RepositoryConfigurationExtensionSupport - Spring Data JDBC - Could not safely identify store assignment for repository candidate interface dz.a2s.a2spreparation.repositories.views.CommandeRepository; If you want this repository to be a JDBC repository, consider annotating your entities with one of these annotations: org.springframework.data.relational.core.mapping.Table.
2024-12-23 21:18:53 INFO  [restartedMain] o.s.d.r.c.RepositoryConfigurationExtensionSupport - Spring Data JDBC - Could not safely identify store assignment for repository candidate interface dz.a2s.a2spreparation.repositories.views.CommandeZoneRepository; If you want this repository to be a JDBC repository, consider annotating your entities with one of these annotations: org.springframework.data.relational.core.mapping.Table.
2024-12-23 21:18:53 INFO  [restartedMain] o.s.d.r.c.RepositoryConfigurationExtensionSupport - Spring Data JDBC - Could not safely identify store assignment for repository candidate interface dz.a2s.a2spreparation.repositories.views.MotifRepository; If you want this repository to be a JDBC repository, consider annotating your entities with one of these annotations: org.springframework.data.relational.core.mapping.Table.
2024-12-23 21:18:53 INFO  [restartedMain] o.s.d.r.c.RepositoryConfigurationExtensionSupport - Spring Data JDBC - Could not safely identify store assignment for repository candidate interface dz.a2s.a2spreparation.repositories.views.PrpCdePrepContRepository; If you want this repository to be a JDBC repository, consider annotating your entities with one of these annotations: org.springframework.data.relational.core.mapping.Table.
2024-12-23 21:18:53 INFO  [restartedMain] o.s.d.r.c.RepositoryConfigurationExtensionSupport - Spring Data JDBC - Could not safely identify store assignment for repository candidate interface dz.a2s.a2spreparation.repositories.views.PrpCdePrlvPrepContRepository; If you want this repository to be a JDBC repository, consider annotating your entities with one of these annotations: org.springframework.data.relational.core.mapping.Table.
2024-12-23 21:18:53 INFO  [restartedMain] o.s.d.r.c.RepositoryConfigurationExtensionSupport - Spring Data JDBC - Could not safely identify store assignment for repository candidate interface dz.a2s.a2spreparation.repositories.views.PrpCdePrlvRepository; If you want this repository to be a JDBC repository, consider annotating your entities with one of these annotations: org.springframework.data.relational.core.mapping.Table.
2024-12-23 21:18:53 INFO  [restartedMain] o.s.d.r.c.RepositoryConfigurationExtensionSupport - Spring Data JDBC - Could not safely identify store assignment for repository candidate interface dz.a2s.a2spreparation.repositories.views.PrpCdePrlvUsrCodeRepository; If you want this repository to be a JDBC repository, consider annotating your entities with one of these annotations: org.springframework.data.relational.core.mapping.Table.
2024-12-23 21:18:53 INFO  [restartedMain] o.s.d.r.c.RepositoryConfigurationExtensionSupport - Spring Data JDBC - Could not safely identify store assignment for repository candidate interface dz.a2s.a2spreparation.repositories.views.PrpPrepareControleRepository; If you want this repository to be a JDBC repository, consider annotating your entities with one of these annotations: org.springframework.data.relational.core.mapping.Table.
2024-12-23 21:18:53 INFO  [restartedMain] o.s.d.r.c.RepositoryConfigurationExtensionSupport - Spring Data JDBC - Could not safely identify store assignment for repository candidate interface dz.a2s.a2spreparation.repositories.views.StatistiqueRepository; If you want this repository to be a JDBC repository, consider annotating your entities with one of these annotations: org.springframework.data.relational.core.mapping.Table.
2024-12-23 21:18:53 INFO  [restartedMain] o.s.d.r.c.RepositoryConfigurationExtensionSupport - Spring Data JDBC - Could not safely identify store assignment for repository candidate interface dz.a2s.a2spreparation.repositories.views.StatsPreparateurRepository; If you want this repository to be a JDBC repository, consider annotating your entities with one of these annotations: org.springframework.data.relational.core.mapping.Table.
2024-12-23 21:18:53 INFO  [restartedMain] o.s.d.r.c.RepositoryConfigurationExtensionSupport - Spring Data JDBC - Could not safely identify store assignment for repository candidate interface dz.a2s.a2spreparation.repositories.views.VenteDetailsRepository; If you want this repository to be a JDBC repository, consider annotating your entities with one of these annotations: org.springframework.data.relational.core.mapping.Table.
2024-12-23 21:18:53 INFO  [restartedMain] o.s.d.r.c.RepositoryConfigurationExtensionSupport - Spring Data JDBC - Could not safely identify store assignment for repository candidate interface dz.a2s.a2spreparation.repositories.views.VentePrlvDetailsRepository; If you want this repository to be a JDBC repository, consider annotating your entities with one of these annotations: org.springframework.data.relational.core.mapping.Table.
2024-12-23 21:18:53 INFO  [restartedMain] o.s.d.r.c.RepositoryConfigurationExtensionSupport - Spring Data JDBC - Could not safely identify store assignment for repository candidate interface dz.a2s.a2spreparation.repositories.views.VenteZoneDetailsRepository; If you want this repository to be a JDBC repository, consider annotating your entities with one of these annotations: org.springframework.data.relational.core.mapping.Table.
2024-12-23 21:18:53 INFO  [restartedMain] o.s.d.r.c.RepositoryConfigurationDelegate - Finished Spring Data repository scanning in 89 ms. Found 0 JDBC repository interfaces.
2024-12-23 21:18:53 INFO  [restartedMain] o.s.d.r.c.RepositoryConfigurationDelegate - Multiple Spring Data modules found, entering strict repository configuration mode
2024-12-23 21:18:53 INFO  [restartedMain] o.s.d.r.c.RepositoryConfigurationDelegate - Bootstrapping Spring Data JPA repositories in DEFAULT mode.
2024-12-23 21:18:53 INFO  [restartedMain] o.s.d.r.c.RepositoryConfigurationDelegate - Finished Spring Data repository scanning in 82 ms. Found 18 JPA repository interfaces.
2024-12-23 21:18:55 INFO  [restartedMain] o.s.b.w.e.tomcat.TomcatWebServer - Tomcat initialized with port 8080 (http)
2024-12-23 21:18:55 INFO  [restartedMain] o.a.coyote.http11.Http11NioProtocol - Initializing ProtocolHandler ["http-nio-8080"]
2024-12-23 21:18:55 INFO  [restartedMain] o.a.catalina.core.StandardService - Starting service [Tomcat]
2024-12-23 21:18:55 INFO  [restartedMain] o.a.catalina.core.StandardEngine - Starting Servlet engine: [Apache Tomcat/10.1.28]
2024-12-23 21:18:55 INFO  [restartedMain] o.a.c.c.C.[Tomcat].[localhost].[/] - Initializing Spring embedded WebApplicationContext
2024-12-23 21:18:55 INFO  [restartedMain] o.s.b.w.s.c.ServletWebServerApplicationContext - Root WebApplicationContext: initialization completed in 3621 ms
2024-12-23 21:18:56 INFO  [restartedMain] com.zaxxer.hikari.HikariDataSource - HikariPool-1 - Starting...
2024-12-23 21:18:57 INFO  [restartedMain] com.zaxxer.hikari.pool.HikariPool - HikariPool-1 - Added connection oracle.jdbc.driver.T4CConnection@f873032
2024-12-23 21:18:57 INFO  [restartedMain] com.zaxxer.hikari.HikariDataSource - HikariPool-1 - Start completed.
2024-12-23 21:18:57 INFO  [restartedMain] o.h.jpa.internal.util.LogHelper - HHH000204: Processing PersistenceUnitInfo [name: default]
2024-12-23 21:18:57 INFO  [restartedMain] org.hibernate.Version - HHH000412: Hibernate ORM core version 6.2.0.Final
2024-12-23 21:18:57 INFO  [restartedMain] org.hibernate.cfg.Environment - HHH000406: Using bytecode reflection optimizer
2024-12-23 21:18:57 INFO  [restartedMain] o.h.b.i.BytecodeProviderInitiator - HHH000021: Bytecode provider name : bytebuddy
2024-12-23 21:18:57 INFO  [restartedMain] o.s.o.j.p.SpringPersistenceUnitInfo - No LoadTimeWeaver setup: ignoring JPA class transformer
2024-12-23 21:18:58 INFO  [restartedMain] SQL dialect - HHH000400: Using dialect: org.hibernate.dialect.OracleDialect
2024-12-23 21:18:58 INFO  [restartedMain] o.h.b.i.BytecodeProviderInitiator - HHH000021: Bytecode provider name : bytebuddy
2024-12-23 21:18:58 WARN  [restartedMain] org.hibernate.mapping.RootClass - HHH000038: Composite-id class does not override equals(): dz.a2s.a2spreparation.entities.keys.StpUserRolesId
2024-12-23 21:18:58 WARN  [restartedMain] org.hibernate.mapping.RootClass - HHH000039: Composite-id class does not override hashCode(): dz.a2s.a2spreparation.entities.keys.StpUserRolesId
2024-12-23 21:18:59 INFO  [restartedMain] o.h.e.t.j.p.i.JtaPlatformInitiator - HHH000490: Using JtaPlatform implementation: [org.hibernate.engine.transaction.jta.platform.internal.NoJtaPlatform]
2024-12-23 21:18:59 INFO  [restartedMain] o.s.o.j.LocalContainerEntityManagerFactoryBean - Initialized JPA EntityManagerFactory for persistence unit 'default'
2024-12-23 21:19:00 INFO  [restartedMain] o.s.d.j.r.query.QueryEnhancerFactory - Hibernate is in classpath; If applicable, HQL parser will be used.
2024-12-23 21:19:00 INFO  [restartedMain] o.s.s.c.a.a.c.InitializeUserDetailsBeanManagerConfigurer$InitializeUserDetailsManagerConfigurer - Global AuthenticationManager configured with UserDetailsService bean with name customUserDetailsService
2024-12-23 21:19:01 WARN  [restartedMain] o.s.b.a.o.j.JpaBaseConfiguration$JpaWebConfiguration - spring.jpa.open-in-view is enabled by default. Therefore, database queries may be performed during view rendering. Explicitly configure spring.jpa.open-in-view to disable this warning
2024-12-23 21:19:02 INFO  [restartedMain] o.s.b.a.e.web.EndpointLinksResolver - Exposing 1 endpoint beneath base path '/actuator'
2024-12-23 21:19:03 INFO  [restartedMain] o.s.b.d.a.OptionalLiveReloadServer - LiveReload server is running on port 35729
2024-12-23 21:19:03 INFO  [restartedMain] o.a.coyote.http11.Http11NioProtocol - Starting ProtocolHandler ["http-nio-8080"]
2024-12-23 21:19:03 INFO  [restartedMain] o.s.b.w.e.tomcat.TomcatWebServer - Tomcat started on port 8080 (http) with context path '/'
2024-12-23 21:19:03 INFO  [restartedMain] d.a.a.A2spreparationApplication - Started A2spreparationApplication in 12.337 seconds (process running for 12.847)
2024-12-23 21:19:11 INFO  [http-nio-8080-exec-1] o.a.c.c.C.[Tomcat].[localhost].[/] - Initializing Spring DispatcherServlet 'dispatcherServlet'
2024-12-23 21:19:11 INFO  [http-nio-8080-exec-1] o.s.web.servlet.DispatcherServlet - Initializing Servlet 'dispatcherServlet'
2024-12-23 21:19:11 INFO  [http-nio-8080-exec-1] o.s.web.servlet.DispatcherServlet - Completed initialization in 2 ms
2024-12-23 21:19:11 INFO  [http-nio-8080-exec-1] d.a.a.s.JWTAuthenticationFilter - Entering the JWTAuthenticationFilter
2024-12-23 21:19:11 INFO  [http-nio-8080-exec-1] d.a.a.s.JWTAuthenticationFilter - /api/user/my-info
2024-12-23 21:19:11 INFO  [http-nio-8080-exec-1] d.a.a.s.JWTAuthenticationFilter - null
2024-12-23 21:19:11 INFO  [http-nio-8080-exec-1] d.a.a.s.JWTAuthenticationFilter - JWTAuthenticationFilter recieving the token null
2024-12-23 21:20:29 INFO  [SpringApplicationShutdownHook] o.s.o.j.LocalContainerEntityManagerFactoryBean - Closing JPA EntityManagerFactory for persistence unit 'default'
2024-12-23 21:20:29 INFO  [SpringApplicationShutdownHook] com.zaxxer.hikari.HikariDataSource - HikariPool-1 - Shutdown initiated...
2024-12-23 21:20:29 INFO  [SpringApplicationShutdownHook] com.zaxxer.hikari.HikariDataSource - HikariPool-1 - Shutdown completed.
2024-12-23 21:20:32 INFO  [background-preinit] o.h.validator.internal.util.Version - HV000001: Hibernate Validator 8.0.1.Final
2024-12-23 21:20:33 INFO  [restartedMain] d.a.a.A2spreparationApplication - Starting A2spreparationApplication using Java 17.0.11 with PID 27928 (C:\Projects\Spring Boot\sb-api-preparation\target\classes started by Mohamed in C:\Projects\Spring Boot\sb-api-preparation)
2024-12-23 21:20:33 INFO  [restartedMain] d.a.a.A2spreparationApplication - No active profile set, falling back to 1 default profile: "default"
2024-12-23 21:20:33 INFO  [restartedMain] o.s.b.d.restart.ChangeableUrls - The Class-Path manifest attribute in C:\Users\Mohamed\.m2\repository\com\oracle\database\jdbc\ojdbc8\23.2.0.0\ojdbc8-23.2.0.0.jar referenced one or more files that do not exist: file:/C:/Users/Mohamed/.m2/repository/com/oracle/database/jdbc/ojdbc8/23.2.0.0/oraclepki.jar
2024-12-23 21:20:33 INFO  [restartedMain] o.s.b.d.e.DevToolsPropertyDefaultsPostProcessor - Devtools property defaults active! Set 'spring.devtools.add-properties' to 'false' to disable
2024-12-23 21:20:33 INFO  [restartedMain] o.s.b.d.e.DevToolsPropertyDefaultsPostProcessor - For additional web related logging consider setting the 'logging.level.web' property to 'DEBUG'
2024-12-23 21:20:34 INFO  [restartedMain] o.s.d.r.c.RepositoryConfigurationDelegate - Multiple Spring Data modules found, entering strict repository configuration mode
2024-12-23 21:20:34 INFO  [restartedMain] o.s.d.r.c.RepositoryConfigurationDelegate - Bootstrapping Spring Data JDBC repositories in DEFAULT mode.
2024-12-23 21:20:34 INFO  [restartedMain] o.s.d.r.c.RepositoryConfigurationExtensionSupport - Spring Data JDBC - Could not safely identify store assignment for repository candidate interface dz.a2s.a2spreparation.repositories.CompanyRepository; If you want this repository to be a JDBC repository, consider annotating your entities with one of these annotations: org.springframework.data.relational.core.mapping.Table.
2024-12-23 21:20:34 INFO  [restartedMain] o.s.d.r.c.RepositoryConfigurationExtensionSupport - Spring Data JDBC - Could not safely identify store assignment for repository candidate interface dz.a2s.a2spreparation.repositories.DiMessagesRepository; If you want this repository to be a JDBC repository, consider annotating your entities with one of these annotations: org.springframework.data.relational.core.mapping.Table.
2024-12-23 21:20:34 INFO  [restartedMain] o.s.d.r.c.RepositoryConfigurationExtensionSupport - Spring Data JDBC - Could not safely identify store assignment for repository candidate interface dz.a2s.a2spreparation.repositories.ParamsRepository; If you want this repository to be a JDBC repository, consider annotating your entities with one of these annotations: org.springframework.data.relational.core.mapping.Table.
2024-12-23 21:20:34 INFO  [restartedMain] o.s.d.r.c.RepositoryConfigurationExtensionSupport - Spring Data JDBC - Could not safely identify store assignment for repository candidate interface dz.a2s.a2spreparation.repositories.StpUserRolesRepository; If you want this repository to be a JDBC repository, consider annotating your entities with one of these annotations: org.springframework.data.relational.core.mapping.Table.
2024-12-23 21:20:34 INFO  [restartedMain] o.s.d.r.c.RepositoryConfigurationExtensionSupport - Spring Data JDBC - Could not safely identify store assignment for repository candidate interface dz.a2s.a2spreparation.repositories.UserEntityRepository; If you want this repository to be a JDBC repository, consider annotating your entities with one of these annotations: org.springframework.data.relational.core.mapping.Table.
2024-12-23 21:20:34 INFO  [restartedMain] o.s.d.r.c.RepositoryConfigurationExtensionSupport - Spring Data JDBC - Could not safely identify store assignment for repository candidate interface dz.a2s.a2spreparation.repositories.views.CommandeRepository; If you want this repository to be a JDBC repository, consider annotating your entities with one of these annotations: org.springframework.data.relational.core.mapping.Table.
2024-12-23 21:20:34 INFO  [restartedMain] o.s.d.r.c.RepositoryConfigurationExtensionSupport - Spring Data JDBC - Could not safely identify store assignment for repository candidate interface dz.a2s.a2spreparation.repositories.views.CommandeZoneRepository; If you want this repository to be a JDBC repository, consider annotating your entities with one of these annotations: org.springframework.data.relational.core.mapping.Table.
2024-12-23 21:20:34 INFO  [restartedMain] o.s.d.r.c.RepositoryConfigurationExtensionSupport - Spring Data JDBC - Could not safely identify store assignment for repository candidate interface dz.a2s.a2spreparation.repositories.views.MotifRepository; If you want this repository to be a JDBC repository, consider annotating your entities with one of these annotations: org.springframework.data.relational.core.mapping.Table.
2024-12-23 21:20:34 INFO  [restartedMain] o.s.d.r.c.RepositoryConfigurationExtensionSupport - Spring Data JDBC - Could not safely identify store assignment for repository candidate interface dz.a2s.a2spreparation.repositories.views.PrpCdePrepContRepository; If you want this repository to be a JDBC repository, consider annotating your entities with one of these annotations: org.springframework.data.relational.core.mapping.Table.
2024-12-23 21:20:34 INFO  [restartedMain] o.s.d.r.c.RepositoryConfigurationExtensionSupport - Spring Data JDBC - Could not safely identify store assignment for repository candidate interface dz.a2s.a2spreparation.repositories.views.PrpCdePrlvPrepContRepository; If you want this repository to be a JDBC repository, consider annotating your entities with one of these annotations: org.springframework.data.relational.core.mapping.Table.
2024-12-23 21:20:34 INFO  [restartedMain] o.s.d.r.c.RepositoryConfigurationExtensionSupport - Spring Data JDBC - Could not safely identify store assignment for repository candidate interface dz.a2s.a2spreparation.repositories.views.PrpCdePrlvRepository; If you want this repository to be a JDBC repository, consider annotating your entities with one of these annotations: org.springframework.data.relational.core.mapping.Table.
2024-12-23 21:20:34 INFO  [restartedMain] o.s.d.r.c.RepositoryConfigurationExtensionSupport - Spring Data JDBC - Could not safely identify store assignment for repository candidate interface dz.a2s.a2spreparation.repositories.views.PrpCdePrlvUsrCodeRepository; If you want this repository to be a JDBC repository, consider annotating your entities with one of these annotations: org.springframework.data.relational.core.mapping.Table.
2024-12-23 21:20:34 INFO  [restartedMain] o.s.d.r.c.RepositoryConfigurationExtensionSupport - Spring Data JDBC - Could not safely identify store assignment for repository candidate interface dz.a2s.a2spreparation.repositories.views.PrpPrepareControleRepository; If you want this repository to be a JDBC repository, consider annotating your entities with one of these annotations: org.springframework.data.relational.core.mapping.Table.
2024-12-23 21:20:34 INFO  [restartedMain] o.s.d.r.c.RepositoryConfigurationExtensionSupport - Spring Data JDBC - Could not safely identify store assignment for repository candidate interface dz.a2s.a2spreparation.repositories.views.StatistiqueRepository; If you want this repository to be a JDBC repository, consider annotating your entities with one of these annotations: org.springframework.data.relational.core.mapping.Table.
2024-12-23 21:20:34 INFO  [restartedMain] o.s.d.r.c.RepositoryConfigurationExtensionSupport - Spring Data JDBC - Could not safely identify store assignment for repository candidate interface dz.a2s.a2spreparation.repositories.views.StatsPreparateurRepository; If you want this repository to be a JDBC repository, consider annotating your entities with one of these annotations: org.springframework.data.relational.core.mapping.Table.
2024-12-23 21:20:34 INFO  [restartedMain] o.s.d.r.c.RepositoryConfigurationExtensionSupport - Spring Data JDBC - Could not safely identify store assignment for repository candidate interface dz.a2s.a2spreparation.repositories.views.VenteDetailsRepository; If you want this repository to be a JDBC repository, consider annotating your entities with one of these annotations: org.springframework.data.relational.core.mapping.Table.
2024-12-23 21:20:34 INFO  [restartedMain] o.s.d.r.c.RepositoryConfigurationExtensionSupport - Spring Data JDBC - Could not safely identify store assignment for repository candidate interface dz.a2s.a2spreparation.repositories.views.VentePrlvDetailsRepository; If you want this repository to be a JDBC repository, consider annotating your entities with one of these annotations: org.springframework.data.relational.core.mapping.Table.
2024-12-23 21:20:34 INFO  [restartedMain] o.s.d.r.c.RepositoryConfigurationExtensionSupport - Spring Data JDBC - Could not safely identify store assignment for repository candidate interface dz.a2s.a2spreparation.repositories.views.VenteZoneDetailsRepository; If you want this repository to be a JDBC repository, consider annotating your entities with one of these annotations: org.springframework.data.relational.core.mapping.Table.
2024-12-23 21:20:34 INFO  [restartedMain] o.s.d.r.c.RepositoryConfigurationDelegate - Finished Spring Data repository scanning in 73 ms. Found 0 JDBC repository interfaces.
2024-12-23 21:20:34 INFO  [restartedMain] o.s.d.r.c.RepositoryConfigurationDelegate - Multiple Spring Data modules found, entering strict repository configuration mode
2024-12-23 21:20:34 INFO  [restartedMain] o.s.d.r.c.RepositoryConfigurationDelegate - Bootstrapping Spring Data JPA repositories in DEFAULT mode.
2024-12-23 21:20:34 INFO  [restartedMain] o.s.d.r.c.RepositoryConfigurationDelegate - Finished Spring Data repository scanning in 92 ms. Found 18 JPA repository interfaces.
2024-12-23 21:20:36 INFO  [restartedMain] o.s.b.w.e.tomcat.TomcatWebServer - Tomcat initialized with port 8080 (http)
2024-12-23 21:20:36 INFO  [restartedMain] o.a.coyote.http11.Http11NioProtocol - Initializing ProtocolHandler ["http-nio-8080"]
2024-12-23 21:20:36 INFO  [restartedMain] o.a.catalina.core.StandardService - Starting service [Tomcat]
2024-12-23 21:20:36 INFO  [restartedMain] o.a.catalina.core.StandardEngine - Starting Servlet engine: [Apache Tomcat/10.1.28]
2024-12-23 21:20:36 INFO  [restartedMain] o.a.c.c.C.[Tomcat].[localhost].[/] - Initializing Spring embedded WebApplicationContext
2024-12-23 21:20:36 INFO  [restartedMain] o.s.b.w.s.c.ServletWebServerApplicationContext - Root WebApplicationContext: initialization completed in 3695 ms
2024-12-23 21:20:37 INFO  [restartedMain] com.zaxxer.hikari.HikariDataSource - HikariPool-1 - Starting...
2024-12-23 21:20:38 INFO  [restartedMain] com.zaxxer.hikari.pool.HikariPool - HikariPool-1 - Added connection oracle.jdbc.driver.T4CConnection@f873032
2024-12-23 21:20:38 INFO  [restartedMain] com.zaxxer.hikari.HikariDataSource - HikariPool-1 - Start completed.
2024-12-23 21:20:38 INFO  [restartedMain] o.h.jpa.internal.util.LogHelper - HHH000204: Processing PersistenceUnitInfo [name: default]
2024-12-23 21:20:38 INFO  [restartedMain] org.hibernate.Version - HHH000412: Hibernate ORM core version 6.2.0.Final
2024-12-23 21:20:38 INFO  [restartedMain] org.hibernate.cfg.Environment - HHH000406: Using bytecode reflection optimizer
2024-12-23 21:20:39 INFO  [restartedMain] o.h.b.i.BytecodeProviderInitiator - HHH000021: Bytecode provider name : bytebuddy
2024-12-23 21:20:39 INFO  [restartedMain] o.s.o.j.p.SpringPersistenceUnitInfo - No LoadTimeWeaver setup: ignoring JPA class transformer
2024-12-23 21:20:39 INFO  [restartedMain] SQL dialect - HHH000400: Using dialect: org.hibernate.dialect.OracleDialect
2024-12-23 21:20:39 INFO  [restartedMain] o.h.b.i.BytecodeProviderInitiator - HHH000021: Bytecode provider name : bytebuddy
2024-12-23 21:20:40 WARN  [restartedMain] org.hibernate.mapping.RootClass - HHH000038: Composite-id class does not override equals(): dz.a2s.a2spreparation.entities.keys.StpUserRolesId
2024-12-23 21:20:40 WARN  [restartedMain] org.hibernate.mapping.RootClass - HHH000039: Composite-id class does not override hashCode(): dz.a2s.a2spreparation.entities.keys.StpUserRolesId
2024-12-23 21:20:41 INFO  [restartedMain] o.h.e.t.j.p.i.JtaPlatformInitiator - HHH000490: Using JtaPlatform implementation: [org.hibernate.engine.transaction.jta.platform.internal.NoJtaPlatform]
2024-12-23 21:20:41 INFO  [restartedMain] o.s.o.j.LocalContainerEntityManagerFactoryBean - Initialized JPA EntityManagerFactory for persistence unit 'default'
2024-12-23 21:20:41 INFO  [restartedMain] o.s.d.j.r.query.QueryEnhancerFactory - Hibernate is in classpath; If applicable, HQL parser will be used.
2024-12-23 21:20:42 INFO  [restartedMain] o.s.s.c.a.a.c.InitializeUserDetailsBeanManagerConfigurer$InitializeUserDetailsManagerConfigurer - Global AuthenticationManager configured with UserDetailsService bean with name customUserDetailsService
2024-12-23 21:20:42 WARN  [restartedMain] o.s.b.a.o.j.JpaBaseConfiguration$JpaWebConfiguration - spring.jpa.open-in-view is enabled by default. Therefore, database queries may be performed during view rendering. Explicitly configure spring.jpa.open-in-view to disable this warning
2024-12-23 21:20:44 INFO  [restartedMain] o.s.b.a.e.web.EndpointLinksResolver - Exposing 1 endpoint beneath base path '/actuator'
2024-12-23 21:20:45 INFO  [restartedMain] o.s.b.d.a.OptionalLiveReloadServer - LiveReload server is running on port 35729
2024-12-23 21:20:45 INFO  [restartedMain] o.a.coyote.http11.Http11NioProtocol - Starting ProtocolHandler ["http-nio-8080"]
2024-12-23 21:20:45 INFO  [restartedMain] o.s.b.w.e.tomcat.TomcatWebServer - Tomcat started on port 8080 (http) with context path '/'
2024-12-23 21:20:45 INFO  [restartedMain] d.a.a.A2spreparationApplication - Started A2spreparationApplication in 12.782 seconds (process running for 13.33)
2024-12-23 21:21:17 INFO  [SpringApplicationShutdownHook] o.s.o.j.LocalContainerEntityManagerFactoryBean - Closing JPA EntityManagerFactory for persistence unit 'default'
2024-12-23 21:21:17 INFO  [SpringApplicationShutdownHook] com.zaxxer.hikari.HikariDataSource - HikariPool-1 - Shutdown initiated...
2024-12-23 21:21:17 INFO  [SpringApplicationShutdownHook] com.zaxxer.hikari.HikariDataSource - HikariPool-1 - Shutdown completed.
