2025-04-30 12:20:01 INFO  [background-preinit] o.h.validator.internal.util.Version - HV000001: Hibernate Validator 8.0.1.Final
2025-04-30 12:20:01 INFO  [restartedMain] d.a.a.A2spreparationApplication - Starting A2spreparationApplication using Java 17.0.11 with PID 7472 (C:\Projects\Spring Boot\sb-api-preparation\target\classes started by Mohamed in C:\Projects\Spring Boot\sb-api-preparation)
2025-04-30 12:20:01 INFO  [restartedMain] d.a.a.A2spreparationApplication - No active profile set, falling back to 1 default profile: "default"
2025-04-30 12:20:01 INFO  [restartedMain] o.s.b.d.restart.ChangeableUrls - The Class-Path manifest attribute in C:\Users\Mohamed\.m2\repository\com\oracle\database\jdbc\ojdbc8\23.2.0.0\ojdbc8-23.2.0.0.jar referenced one or more files that do not exist: file:/C:/Users/Mohamed/.m2/repository/com/oracle/database/jdbc/ojdbc8/23.2.0.0/oraclepki.jar
2025-04-30 12:20:01 INFO  [restartedMain] o.s.b.d.e.DevToolsPropertyDefaultsPostProcessor - Devtools property defaults active! Set 'spring.devtools.add-properties' to 'false' to disable
2025-04-30 12:20:01 INFO  [restartedMain] o.s.b.d.e.DevToolsPropertyDefaultsPostProcessor - For additional web related logging consider setting the 'logging.level.web' property to 'DEBUG'
2025-04-30 12:20:03 INFO  [restartedMain] o.s.d.r.c.RepositoryConfigurationDelegate - Multiple Spring Data modules found, entering strict repository configuration mode
2025-04-30 12:20:03 INFO  [restartedMain] o.s.d.r.c.RepositoryConfigurationDelegate - Bootstrapping Spring Data JDBC repositories in DEFAULT mode.
2025-04-30 12:20:03 INFO  [restartedMain] o.s.d.r.c.RepositoryConfigurationExtensionSupport - Spring Data JDBC - Could not safely identify store assignment for repository candidate interface dz.a2s.a2spreparation.repositories.CompanyRepository; If you want this repository to be a JDBC repository, consider annotating your entities with one of these annotations: org.springframework.data.relational.core.mapping.Table.
2025-04-30 12:20:03 INFO  [restartedMain] o.s.d.r.c.RepositoryConfigurationExtensionSupport - Spring Data JDBC - Could not safely identify store assignment for repository candidate interface dz.a2s.a2spreparation.repositories.DiMessagesRepository; If you want this repository to be a JDBC repository, consider annotating your entities with one of these annotations: org.springframework.data.relational.core.mapping.Table.
2025-04-30 12:20:03 INFO  [restartedMain] o.s.d.r.c.RepositoryConfigurationExtensionSupport - Spring Data JDBC - Could not safely identify store assignment for repository candidate interface dz.a2s.a2spreparation.repositories.ParamsRepository; If you want this repository to be a JDBC repository, consider annotating your entities with one of these annotations: org.springframework.data.relational.core.mapping.Table.
2025-04-30 12:20:03 INFO  [restartedMain] o.s.d.r.c.RepositoryConfigurationExtensionSupport - Spring Data JDBC - Could not safely identify store assignment for repository candidate interface dz.a2s.a2spreparation.repositories.StpUserRolesRepository; If you want this repository to be a JDBC repository, consider annotating your entities with one of these annotations: org.springframework.data.relational.core.mapping.Table.
2025-04-30 12:20:03 INFO  [restartedMain] o.s.d.r.c.RepositoryConfigurationExtensionSupport - Spring Data JDBC - Could not safely identify store assignment for repository candidate interface dz.a2s.a2spreparation.repositories.UserEntityRepository; If you want this repository to be a JDBC repository, consider annotating your entities with one of these annotations: org.springframework.data.relational.core.mapping.Table.
2025-04-30 12:20:03 INFO  [restartedMain] o.s.d.r.c.RepositoryConfigurationExtensionSupport - Spring Data JDBC - Could not safely identify store assignment for repository candidate interface dz.a2s.a2spreparation.repositories.views.CommandeRepository; If you want this repository to be a JDBC repository, consider annotating your entities with one of these annotations: org.springframework.data.relational.core.mapping.Table.
2025-04-30 12:20:03 INFO  [restartedMain] o.s.d.r.c.RepositoryConfigurationExtensionSupport - Spring Data JDBC - Could not safely identify store assignment for repository candidate interface dz.a2s.a2spreparation.repositories.views.CommandeZoneRepository; If you want this repository to be a JDBC repository, consider annotating your entities with one of these annotations: org.springframework.data.relational.core.mapping.Table.
2025-04-30 12:20:03 INFO  [restartedMain] o.s.d.r.c.RepositoryConfigurationExtensionSupport - Spring Data JDBC - Could not safely identify store assignment for repository candidate interface dz.a2s.a2spreparation.repositories.views.MotifRepository; If you want this repository to be a JDBC repository, consider annotating your entities with one of these annotations: org.springframework.data.relational.core.mapping.Table.
2025-04-30 12:20:03 INFO  [restartedMain] o.s.d.r.c.RepositoryConfigurationExtensionSupport - Spring Data JDBC - Could not safely identify store assignment for repository candidate interface dz.a2s.a2spreparation.repositories.views.PrpCdePrepContRepository; If you want this repository to be a JDBC repository, consider annotating your entities with one of these annotations: org.springframework.data.relational.core.mapping.Table.
2025-04-30 12:20:03 INFO  [restartedMain] o.s.d.r.c.RepositoryConfigurationExtensionSupport - Spring Data JDBC - Could not safely identify store assignment for repository candidate interface dz.a2s.a2spreparation.repositories.views.PrpCdePrlvPrepContRepository; If you want this repository to be a JDBC repository, consider annotating your entities with one of these annotations: org.springframework.data.relational.core.mapping.Table.
2025-04-30 12:20:03 INFO  [restartedMain] o.s.d.r.c.RepositoryConfigurationExtensionSupport - Spring Data JDBC - Could not safely identify store assignment for repository candidate interface dz.a2s.a2spreparation.repositories.views.PrpCdePrlvRepository; If you want this repository to be a JDBC repository, consider annotating your entities with one of these annotations: org.springframework.data.relational.core.mapping.Table.
2025-04-30 12:20:03 INFO  [restartedMain] o.s.d.r.c.RepositoryConfigurationExtensionSupport - Spring Data JDBC - Could not safely identify store assignment for repository candidate interface dz.a2s.a2spreparation.repositories.views.PrpCdePrlvUsrCodeRepository; If you want this repository to be a JDBC repository, consider annotating your entities with one of these annotations: org.springframework.data.relational.core.mapping.Table.
2025-04-30 12:20:03 INFO  [restartedMain] o.s.d.r.c.RepositoryConfigurationExtensionSupport - Spring Data JDBC - Could not safely identify store assignment for repository candidate interface dz.a2s.a2spreparation.repositories.views.PrpPrepareControleRepository; If you want this repository to be a JDBC repository, consider annotating your entities with one of these annotations: org.springframework.data.relational.core.mapping.Table.
2025-04-30 12:20:03 INFO  [restartedMain] o.s.d.r.c.RepositoryConfigurationExtensionSupport - Spring Data JDBC - Could not safely identify store assignment for repository candidate interface dz.a2s.a2spreparation.repositories.views.StatistiqueRepository; If you want this repository to be a JDBC repository, consider annotating your entities with one of these annotations: org.springframework.data.relational.core.mapping.Table.
2025-04-30 12:20:03 INFO  [restartedMain] o.s.d.r.c.RepositoryConfigurationExtensionSupport - Spring Data JDBC - Could not safely identify store assignment for repository candidate interface dz.a2s.a2spreparation.repositories.views.StatsPreparateurRepository; If you want this repository to be a JDBC repository, consider annotating your entities with one of these annotations: org.springframework.data.relational.core.mapping.Table.
2025-04-30 12:20:03 INFO  [restartedMain] o.s.d.r.c.RepositoryConfigurationExtensionSupport - Spring Data JDBC - Could not safely identify store assignment for repository candidate interface dz.a2s.a2spreparation.repositories.views.VenteDetailsRepository; If you want this repository to be a JDBC repository, consider annotating your entities with one of these annotations: org.springframework.data.relational.core.mapping.Table.
2025-04-30 12:20:03 INFO  [restartedMain] o.s.d.r.c.RepositoryConfigurationExtensionSupport - Spring Data JDBC - Could not safely identify store assignment for repository candidate interface dz.a2s.a2spreparation.repositories.views.VentePrlvDetailsRepository; If you want this repository to be a JDBC repository, consider annotating your entities with one of these annotations: org.springframework.data.relational.core.mapping.Table.
2025-04-30 12:20:03 INFO  [restartedMain] o.s.d.r.c.RepositoryConfigurationExtensionSupport - Spring Data JDBC - Could not safely identify store assignment for repository candidate interface dz.a2s.a2spreparation.repositories.views.VenteZoneDetailsRepository; If you want this repository to be a JDBC repository, consider annotating your entities with one of these annotations: org.springframework.data.relational.core.mapping.Table.
2025-04-30 12:20:03 INFO  [restartedMain] o.s.d.r.c.RepositoryConfigurationDelegate - Finished Spring Data repository scanning in 68 ms. Found 0 JDBC repository interfaces.
2025-04-30 12:20:03 INFO  [restartedMain] o.s.d.r.c.RepositoryConfigurationDelegate - Multiple Spring Data modules found, entering strict repository configuration mode
2025-04-30 12:20:03 INFO  [restartedMain] o.s.d.r.c.RepositoryConfigurationDelegate - Bootstrapping Spring Data JPA repositories in DEFAULT mode.
2025-04-30 12:20:03 INFO  [restartedMain] o.s.d.r.c.RepositoryConfigurationDelegate - Finished Spring Data repository scanning in 97 ms. Found 18 JPA repository interfaces.
2025-04-30 12:20:04 INFO  [restartedMain] o.s.b.w.e.tomcat.TomcatWebServer - Tomcat initialized with port 8080 (http)
2025-04-30 12:20:04 INFO  [restartedMain] o.a.coyote.http11.Http11NioProtocol - Initializing ProtocolHandler ["http-nio-8080"]
2025-04-30 12:20:04 INFO  [restartedMain] o.a.catalina.core.StandardService - Starting service [Tomcat]
2025-04-30 12:20:04 INFO  [restartedMain] o.a.catalina.core.StandardEngine - Starting Servlet engine: [Apache Tomcat/10.1.28]
2025-04-30 12:20:05 INFO  [restartedMain] o.a.c.c.C.[Tomcat].[localhost].[/] - Initializing Spring embedded WebApplicationContext
2025-04-30 12:20:05 INFO  [restartedMain] o.s.b.w.s.c.ServletWebServerApplicationContext - Root WebApplicationContext: initialization completed in 3223 ms
2025-04-30 12:20:05 INFO  [restartedMain] com.zaxxer.hikari.HikariDataSource - HikariPool-1 - Starting...
2025-04-30 12:20:06 INFO  [restartedMain] com.zaxxer.hikari.pool.HikariPool - HikariPool-1 - Added connection oracle.jdbc.driver.T4CConnection@2a38d28d
2025-04-30 12:20:06 INFO  [restartedMain] com.zaxxer.hikari.HikariDataSource - HikariPool-1 - Start completed.
2025-04-30 12:20:06 INFO  [restartedMain] o.h.jpa.internal.util.LogHelper - HHH000204: Processing PersistenceUnitInfo [name: default]
2025-04-30 12:20:06 INFO  [restartedMain] org.hibernate.Version - HHH000412: Hibernate ORM core version 6.2.0.Final
2025-04-30 12:20:06 INFO  [restartedMain] org.hibernate.cfg.Environment - HHH000406: Using bytecode reflection optimizer
2025-04-30 12:20:06 INFO  [restartedMain] o.h.b.i.BytecodeProviderInitiator - HHH000021: Bytecode provider name : bytebuddy
2025-04-30 12:20:06 INFO  [restartedMain] o.s.o.j.p.SpringPersistenceUnitInfo - No LoadTimeWeaver setup: ignoring JPA class transformer
2025-04-30 12:20:06 INFO  [restartedMain] SQL dialect - HHH000400: Using dialect: org.hibernate.dialect.OracleDialect
2025-04-30 12:20:07 INFO  [restartedMain] o.h.b.i.BytecodeProviderInitiator - HHH000021: Bytecode provider name : bytebuddy
2025-04-30 12:20:07 WARN  [restartedMain] org.hibernate.mapping.RootClass - HHH000038: Composite-id class does not override equals(): dz.a2s.a2spreparation.entities.keys.StpUserRolesId
2025-04-30 12:20:07 WARN  [restartedMain] org.hibernate.mapping.RootClass - HHH000039: Composite-id class does not override hashCode(): dz.a2s.a2spreparation.entities.keys.StpUserRolesId
2025-04-30 12:20:08 INFO  [restartedMain] o.h.e.t.j.p.i.JtaPlatformInitiator - HHH000490: Using JtaPlatform implementation: [org.hibernate.engine.transaction.jta.platform.internal.NoJtaPlatform]
2025-04-30 12:20:08 INFO  [restartedMain] o.s.o.j.LocalContainerEntityManagerFactoryBean - Initialized JPA EntityManagerFactory for persistence unit 'default'
2025-04-30 12:20:08 INFO  [restartedMain] o.s.d.j.r.query.QueryEnhancerFactory - Hibernate is in classpath; If applicable, HQL parser will be used.
2025-04-30 12:20:09 INFO  [restartedMain] o.s.s.c.a.a.c.InitializeUserDetailsBeanManagerConfigurer$InitializeUserDetailsManagerConfigurer - Global AuthenticationManager configured with UserDetailsService bean with name customUserDetailsService
2025-04-30 12:20:09 WARN  [restartedMain] o.s.b.a.o.j.JpaBaseConfiguration$JpaWebConfiguration - spring.jpa.open-in-view is enabled by default. Therefore, database queries may be performed during view rendering. Explicitly configure spring.jpa.open-in-view to disable this warning
2025-04-30 12:20:11 INFO  [restartedMain] o.s.b.a.e.web.EndpointLinksResolver - Exposing 1 endpoint beneath base path '/actuator'
2025-04-30 12:20:12 INFO  [restartedMain] o.s.b.d.a.OptionalLiveReloadServer - LiveReload server is running on port 35729
2025-04-30 12:20:12 INFO  [restartedMain] o.a.coyote.http11.Http11NioProtocol - Starting ProtocolHandler ["http-nio-8080"]
2025-04-30 12:20:12 INFO  [restartedMain] o.s.b.w.e.tomcat.TomcatWebServer - Tomcat started on port 8080 (http) with context path '/'
2025-04-30 12:20:12 INFO  [restartedMain] d.a.a.A2spreparationApplication - Started A2spreparationApplication in 11.522 seconds (process running for 12.12)
2025-04-30 12:20:29 INFO  [http-nio-8080-exec-1] o.a.c.c.C.[Tomcat].[localhost].[/] - Initializing Spring DispatcherServlet 'dispatcherServlet'
2025-04-30 12:20:29 INFO  [http-nio-8080-exec-1] o.s.web.servlet.DispatcherServlet - Initializing Servlet 'dispatcherServlet'
2025-04-30 12:20:29 INFO  [http-nio-8080-exec-1] o.s.web.servlet.DispatcherServlet - Completed initialization in 2 ms
2025-04-30 12:20:29 INFO  [http-nio-8080-exec-1] d.a.a.s.JWTAuthenticationFilter - Entering the JWTAuthenticationFilter
2025-04-30 12:20:29 INFO  [http-nio-8080-exec-1] d.a.a.s.JWTAuthenticationFilter - Parsed the username from the token 1:ADMIN
2025-04-30 12:20:29 INFO  [http-nio-8080-exec-1] d.a.a.s.CustomUserDetailsService - Entering loadUserByUsername method of UserDetails with 1:ADMIN
2025-04-30 12:20:29 INFO  [http-nio-8080-exec-1] d.a.a.s.CustomUserDetailsService - The companyId is 1
2025-04-30 12:20:29 INFO  [http-nio-8080-exec-1] d.a.a.s.CustomUserDetailsService - The userCode is ADMIN
2025-04-30 12:20:30 INFO  [http-nio-8080-exec-1] d.a.a.controllers.CompanyController - Entering getMethod method from CompanyController
2025-04-30 12:20:30 INFO  [http-nio-8080-exec-1] d.a.a.controllers.CompanyController - Returning the value of the method 1
2025-04-30 12:20:33 INFO  [http-nio-8080-exec-2] d.a.a.s.JWTAuthenticationFilter - Entering the JWTAuthenticationFilter
2025-04-30 12:20:33 INFO  [http-nio-8080-exec-2] d.a.a.controllers.CompanyController - findAllCompanies from the CompanyController
2025-04-30 12:20:33 INFO  [http-nio-8080-exec-2] d.a.a.s.impl.CompanyServiceImpl - findAll method from companyService
2025-04-30 12:20:33 INFO  [http-nio-8080-exec-2] d.a.a.controllers.CompanyController - Companies fetched from the service [Company(id=1, label=SARL ADVANCED SOFTWARE SOLUTION, location=ALGER), Company(id=2, label=SARL ORAN, location=ORAN), Company(id=3, label=SETIF, location=SETIF), Company(id=4, label=COSMETIQUE, location=ALGER), Company(id=5, label=PARAPHARM, location=ALGER)]
2025-04-30 12:20:42 INFO  [http-nio-8080-exec-3] d.a.a.controllers.AuthController - Entering login method from AuthController with userCode and companyId admin : 1
2025-04-30 12:20:42 INFO  [http-nio-8080-exec-3] d.a.a.controllers.AuthController - Getting the custom username from the loginDto inside the authController 1:admin
2025-04-30 12:20:42 INFO  [http-nio-8080-exec-3] d.a.a.s.CustomUserDetailsService - Entering loadUserByUsername method of UserDetails with 1:admin
2025-04-30 12:20:42 INFO  [http-nio-8080-exec-3] d.a.a.s.CustomUserDetailsService - The companyId is 1
2025-04-30 12:20:42 INFO  [http-nio-8080-exec-3] d.a.a.s.CustomUserDetailsService - The userCode is admin
2025-04-30 12:20:42 INFO  [http-nio-8080-exec-3] d.a.a.e.GlobalExceptionHandler - Entering handleBadCredentialsException from the GloablHandleExceptions with message Les identifications sont erronées
2025-04-30 12:20:42 INFO  [http-nio-8080-exec-3] d.a.a.e.GlobalExceptionHandler - Returning the following error Nom d'utilisateur ou mot de passe incorrecte
2025-04-30 12:20:42 WARN  [http-nio-8080-exec-3] o.s.w.s.m.m.a.ExceptionHandlerExceptionResolver - Resolved [org.springframework.security.authentication.BadCredentialsException: Les identifications sont erronées]
2025-04-30 12:21:35 INFO  [SpringApplicationShutdownHook] o.s.o.j.LocalContainerEntityManagerFactoryBean - Closing JPA EntityManagerFactory for persistence unit 'default'
2025-04-30 12:21:35 INFO  [SpringApplicationShutdownHook] com.zaxxer.hikari.HikariDataSource - HikariPool-1 - Shutdown initiated...
2025-04-30 12:21:35 INFO  [SpringApplicationShutdownHook] com.zaxxer.hikari.HikariDataSource - HikariPool-1 - Shutdown completed.
2025-04-30 12:21:39 INFO  [background-preinit] o.h.validator.internal.util.Version - HV000001: Hibernate Validator 8.0.1.Final
2025-04-30 12:21:40 INFO  [restartedMain] d.a.a.A2spreparationApplication - Starting A2spreparationApplication using Java 17.0.11 with PID 7612 (C:\Projects\Spring Boot\sb-api-preparation\target\classes started by Mohamed in C:\Projects\Spring Boot\sb-api-preparation)
2025-04-30 12:21:40 INFO  [restartedMain] d.a.a.A2spreparationApplication - No active profile set, falling back to 1 default profile: "default"
2025-04-30 12:21:40 INFO  [restartedMain] o.s.b.d.restart.ChangeableUrls - The Class-Path manifest attribute in C:\Users\Mohamed\.m2\repository\com\oracle\database\jdbc\ojdbc8\23.2.0.0\ojdbc8-23.2.0.0.jar referenced one or more files that do not exist: file:/C:/Users/Mohamed/.m2/repository/com/oracle/database/jdbc/ojdbc8/23.2.0.0/oraclepki.jar
2025-04-30 12:21:40 INFO  [restartedMain] o.s.b.d.e.DevToolsPropertyDefaultsPostProcessor - Devtools property defaults active! Set 'spring.devtools.add-properties' to 'false' to disable
2025-04-30 12:21:40 INFO  [restartedMain] o.s.b.d.e.DevToolsPropertyDefaultsPostProcessor - For additional web related logging consider setting the 'logging.level.web' property to 'DEBUG'
2025-04-30 12:21:41 INFO  [restartedMain] o.s.d.r.c.RepositoryConfigurationDelegate - Multiple Spring Data modules found, entering strict repository configuration mode
2025-04-30 12:21:41 INFO  [restartedMain] o.s.d.r.c.RepositoryConfigurationDelegate - Bootstrapping Spring Data JDBC repositories in DEFAULT mode.
2025-04-30 12:21:41 INFO  [restartedMain] o.s.d.r.c.RepositoryConfigurationExtensionSupport - Spring Data JDBC - Could not safely identify store assignment for repository candidate interface dz.a2s.a2spreparation.repositories.CompanyRepository; If you want this repository to be a JDBC repository, consider annotating your entities with one of these annotations: org.springframework.data.relational.core.mapping.Table.
2025-04-30 12:21:41 INFO  [restartedMain] o.s.d.r.c.RepositoryConfigurationExtensionSupport - Spring Data JDBC - Could not safely identify store assignment for repository candidate interface dz.a2s.a2spreparation.repositories.DiMessagesRepository; If you want this repository to be a JDBC repository, consider annotating your entities with one of these annotations: org.springframework.data.relational.core.mapping.Table.
2025-04-30 12:21:41 INFO  [restartedMain] o.s.d.r.c.RepositoryConfigurationExtensionSupport - Spring Data JDBC - Could not safely identify store assignment for repository candidate interface dz.a2s.a2spreparation.repositories.ParamsRepository; If you want this repository to be a JDBC repository, consider annotating your entities with one of these annotations: org.springframework.data.relational.core.mapping.Table.
2025-04-30 12:21:41 INFO  [restartedMain] o.s.d.r.c.RepositoryConfigurationExtensionSupport - Spring Data JDBC - Could not safely identify store assignment for repository candidate interface dz.a2s.a2spreparation.repositories.StpUserRolesRepository; If you want this repository to be a JDBC repository, consider annotating your entities with one of these annotations: org.springframework.data.relational.core.mapping.Table.
2025-04-30 12:21:41 INFO  [restartedMain] o.s.d.r.c.RepositoryConfigurationExtensionSupport - Spring Data JDBC - Could not safely identify store assignment for repository candidate interface dz.a2s.a2spreparation.repositories.UserEntityRepository; If you want this repository to be a JDBC repository, consider annotating your entities with one of these annotations: org.springframework.data.relational.core.mapping.Table.
2025-04-30 12:21:41 INFO  [restartedMain] o.s.d.r.c.RepositoryConfigurationExtensionSupport - Spring Data JDBC - Could not safely identify store assignment for repository candidate interface dz.a2s.a2spreparation.repositories.views.CommandeRepository; If you want this repository to be a JDBC repository, consider annotating your entities with one of these annotations: org.springframework.data.relational.core.mapping.Table.
2025-04-30 12:21:41 INFO  [restartedMain] o.s.d.r.c.RepositoryConfigurationExtensionSupport - Spring Data JDBC - Could not safely identify store assignment for repository candidate interface dz.a2s.a2spreparation.repositories.views.CommandeZoneRepository; If you want this repository to be a JDBC repository, consider annotating your entities with one of these annotations: org.springframework.data.relational.core.mapping.Table.
2025-04-30 12:21:41 INFO  [restartedMain] o.s.d.r.c.RepositoryConfigurationExtensionSupport - Spring Data JDBC - Could not safely identify store assignment for repository candidate interface dz.a2s.a2spreparation.repositories.views.MotifRepository; If you want this repository to be a JDBC repository, consider annotating your entities with one of these annotations: org.springframework.data.relational.core.mapping.Table.
2025-04-30 12:21:41 INFO  [restartedMain] o.s.d.r.c.RepositoryConfigurationExtensionSupport - Spring Data JDBC - Could not safely identify store assignment for repository candidate interface dz.a2s.a2spreparation.repositories.views.PrpCdePrepContRepository; If you want this repository to be a JDBC repository, consider annotating your entities with one of these annotations: org.springframework.data.relational.core.mapping.Table.
2025-04-30 12:21:41 INFO  [restartedMain] o.s.d.r.c.RepositoryConfigurationExtensionSupport - Spring Data JDBC - Could not safely identify store assignment for repository candidate interface dz.a2s.a2spreparation.repositories.views.PrpCdePrlvPrepContRepository; If you want this repository to be a JDBC repository, consider annotating your entities with one of these annotations: org.springframework.data.relational.core.mapping.Table.
2025-04-30 12:21:41 INFO  [restartedMain] o.s.d.r.c.RepositoryConfigurationExtensionSupport - Spring Data JDBC - Could not safely identify store assignment for repository candidate interface dz.a2s.a2spreparation.repositories.views.PrpCdePrlvRepository; If you want this repository to be a JDBC repository, consider annotating your entities with one of these annotations: org.springframework.data.relational.core.mapping.Table.
2025-04-30 12:21:41 INFO  [restartedMain] o.s.d.r.c.RepositoryConfigurationExtensionSupport - Spring Data JDBC - Could not safely identify store assignment for repository candidate interface dz.a2s.a2spreparation.repositories.views.PrpCdePrlvUsrCodeRepository; If you want this repository to be a JDBC repository, consider annotating your entities with one of these annotations: org.springframework.data.relational.core.mapping.Table.
2025-04-30 12:21:41 INFO  [restartedMain] o.s.d.r.c.RepositoryConfigurationExtensionSupport - Spring Data JDBC - Could not safely identify store assignment for repository candidate interface dz.a2s.a2spreparation.repositories.views.PrpPrepareControleRepository; If you want this repository to be a JDBC repository, consider annotating your entities with one of these annotations: org.springframework.data.relational.core.mapping.Table.
2025-04-30 12:21:41 INFO  [restartedMain] o.s.d.r.c.RepositoryConfigurationExtensionSupport - Spring Data JDBC - Could not safely identify store assignment for repository candidate interface dz.a2s.a2spreparation.repositories.views.StatistiqueRepository; If you want this repository to be a JDBC repository, consider annotating your entities with one of these annotations: org.springframework.data.relational.core.mapping.Table.
2025-04-30 12:21:41 INFO  [restartedMain] o.s.d.r.c.RepositoryConfigurationExtensionSupport - Spring Data JDBC - Could not safely identify store assignment for repository candidate interface dz.a2s.a2spreparation.repositories.views.StatsPreparateurRepository; If you want this repository to be a JDBC repository, consider annotating your entities with one of these annotations: org.springframework.data.relational.core.mapping.Table.
2025-04-30 12:21:41 INFO  [restartedMain] o.s.d.r.c.RepositoryConfigurationExtensionSupport - Spring Data JDBC - Could not safely identify store assignment for repository candidate interface dz.a2s.a2spreparation.repositories.views.VenteDetailsRepository; If you want this repository to be a JDBC repository, consider annotating your entities with one of these annotations: org.springframework.data.relational.core.mapping.Table.
2025-04-30 12:21:41 INFO  [restartedMain] o.s.d.r.c.RepositoryConfigurationExtensionSupport - Spring Data JDBC - Could not safely identify store assignment for repository candidate interface dz.a2s.a2spreparation.repositories.views.VentePrlvDetailsRepository; If you want this repository to be a JDBC repository, consider annotating your entities with one of these annotations: org.springframework.data.relational.core.mapping.Table.
2025-04-30 12:21:41 INFO  [restartedMain] o.s.d.r.c.RepositoryConfigurationExtensionSupport - Spring Data JDBC - Could not safely identify store assignment for repository candidate interface dz.a2s.a2spreparation.repositories.views.VenteZoneDetailsRepository; If you want this repository to be a JDBC repository, consider annotating your entities with one of these annotations: org.springframework.data.relational.core.mapping.Table.
2025-04-30 12:21:41 INFO  [restartedMain] o.s.d.r.c.RepositoryConfigurationDelegate - Finished Spring Data repository scanning in 67 ms. Found 0 JDBC repository interfaces.
2025-04-30 12:21:41 INFO  [restartedMain] o.s.d.r.c.RepositoryConfigurationDelegate - Multiple Spring Data modules found, entering strict repository configuration mode
2025-04-30 12:21:41 INFO  [restartedMain] o.s.d.r.c.RepositoryConfigurationDelegate - Bootstrapping Spring Data JPA repositories in DEFAULT mode.
2025-04-30 12:21:41 INFO  [restartedMain] o.s.d.r.c.RepositoryConfigurationDelegate - Finished Spring Data repository scanning in 64 ms. Found 18 JPA repository interfaces.
2025-04-30 12:21:42 INFO  [restartedMain] o.s.b.w.e.tomcat.TomcatWebServer - Tomcat initialized with port 8080 (http)
2025-04-30 12:21:42 INFO  [restartedMain] o.a.coyote.http11.Http11NioProtocol - Initializing ProtocolHandler ["http-nio-8080"]
2025-04-30 12:21:42 INFO  [restartedMain] o.a.catalina.core.StandardService - Starting service [Tomcat]
2025-04-30 12:21:42 INFO  [restartedMain] o.a.catalina.core.StandardEngine - Starting Servlet engine: [Apache Tomcat/10.1.28]
2025-04-30 12:21:42 INFO  [restartedMain] o.a.c.c.C.[Tomcat].[localhost].[/] - Initializing Spring embedded WebApplicationContext
2025-04-30 12:21:42 INFO  [restartedMain] o.s.b.w.s.c.ServletWebServerApplicationContext - Root WebApplicationContext: initialization completed in 2662 ms
2025-04-30 12:21:43 INFO  [restartedMain] com.zaxxer.hikari.HikariDataSource - HikariPool-1 - Starting...
2025-04-30 12:21:43 INFO  [restartedMain] com.zaxxer.hikari.pool.HikariPool - HikariPool-1 - Added connection oracle.jdbc.driver.T4CConnection@69ddadd9
2025-04-30 12:21:43 INFO  [restartedMain] com.zaxxer.hikari.HikariDataSource - HikariPool-1 - Start completed.
2025-04-30 12:21:44 INFO  [restartedMain] o.h.jpa.internal.util.LogHelper - HHH000204: Processing PersistenceUnitInfo [name: default]
2025-04-30 12:21:44 INFO  [restartedMain] org.hibernate.Version - HHH000412: Hibernate ORM core version 6.2.0.Final
2025-04-30 12:21:44 INFO  [restartedMain] org.hibernate.cfg.Environment - HHH000406: Using bytecode reflection optimizer
2025-04-30 12:21:44 INFO  [restartedMain] o.h.b.i.BytecodeProviderInitiator - HHH000021: Bytecode provider name : bytebuddy
2025-04-30 12:21:44 INFO  [restartedMain] o.s.o.j.p.SpringPersistenceUnitInfo - No LoadTimeWeaver setup: ignoring JPA class transformer
2025-04-30 12:21:44 INFO  [restartedMain] SQL dialect - HHH000400: Using dialect: org.hibernate.dialect.OracleDialect
2025-04-30 12:21:45 INFO  [restartedMain] o.h.b.i.BytecodeProviderInitiator - HHH000021: Bytecode provider name : bytebuddy
2025-04-30 12:21:45 WARN  [restartedMain] org.hibernate.mapping.RootClass - HHH000038: Composite-id class does not override equals(): dz.a2s.a2spreparation.entities.keys.StpUserRolesId
2025-04-30 12:21:45 WARN  [restartedMain] org.hibernate.mapping.RootClass - HHH000039: Composite-id class does not override hashCode(): dz.a2s.a2spreparation.entities.keys.StpUserRolesId
2025-04-30 12:21:46 INFO  [restartedMain] o.h.e.t.j.p.i.JtaPlatformInitiator - HHH000490: Using JtaPlatform implementation: [org.hibernate.engine.transaction.jta.platform.internal.NoJtaPlatform]
2025-04-30 12:21:46 INFO  [restartedMain] o.s.o.j.LocalContainerEntityManagerFactoryBean - Initialized JPA EntityManagerFactory for persistence unit 'default'
2025-04-30 12:21:46 INFO  [restartedMain] o.s.d.j.r.query.QueryEnhancerFactory - Hibernate is in classpath; If applicable, HQL parser will be used.
2025-04-30 12:21:46 INFO  [restartedMain] o.s.s.c.a.a.c.InitializeUserDetailsBeanManagerConfigurer$InitializeUserDetailsManagerConfigurer - Global AuthenticationManager configured with UserDetailsService bean with name customUserDetailsService
2025-04-30 12:21:47 WARN  [restartedMain] o.s.b.a.o.j.JpaBaseConfiguration$JpaWebConfiguration - spring.jpa.open-in-view is enabled by default. Therefore, database queries may be performed during view rendering. Explicitly configure spring.jpa.open-in-view to disable this warning
2025-04-30 12:21:48 INFO  [restartedMain] o.s.b.a.e.web.EndpointLinksResolver - Exposing 1 endpoint beneath base path '/actuator'
2025-04-30 12:21:49 INFO  [restartedMain] o.s.b.d.a.OptionalLiveReloadServer - LiveReload server is running on port 35729
2025-04-30 12:21:49 INFO  [restartedMain] o.a.coyote.http11.Http11NioProtocol - Starting ProtocolHandler ["http-nio-8080"]
2025-04-30 12:21:49 INFO  [restartedMain] o.s.b.w.e.tomcat.TomcatWebServer - Tomcat started on port 8080 (http) with context path '/'
2025-04-30 12:21:49 INFO  [restartedMain] d.a.a.A2spreparationApplication - Started A2spreparationApplication in 10.226 seconds (process running for 10.695)
2025-04-30 12:21:55 INFO  [http-nio-8080-exec-1] o.a.c.c.C.[Tomcat].[localhost].[/] - Initializing Spring DispatcherServlet 'dispatcherServlet'
2025-04-30 12:21:55 INFO  [http-nio-8080-exec-1] o.s.web.servlet.DispatcherServlet - Initializing Servlet 'dispatcherServlet'
2025-04-30 12:21:55 INFO  [http-nio-8080-exec-1] o.s.web.servlet.DispatcherServlet - Completed initialization in 2 ms
2025-04-30 12:21:55 INFO  [http-nio-8080-exec-1] d.a.a.controllers.AuthController - Entering login method from AuthController with userCode and companyId admin : 1
2025-04-30 12:21:55 INFO  [http-nio-8080-exec-1] d.a.a.controllers.AuthController - Getting the custom username from the loginDto inside the authController 1:admin
2025-04-30 12:21:55 INFO  [http-nio-8080-exec-1] d.a.a.s.CustomUserDetailsService - Entering loadUserByUsername method of UserDetails with 1:admin
2025-04-30 12:21:55 INFO  [http-nio-8080-exec-1] d.a.a.s.CustomUserDetailsService - The companyId is 1
2025-04-30 12:21:55 INFO  [http-nio-8080-exec-1] d.a.a.s.CustomUserDetailsService - The userCode is admin
2025-04-30 12:21:55 INFO  [http-nio-8080-exec-1] d.a.a.controllers.AuthController - Authentication object created UsernamePasswordAuthenticationToken [Principal=dz.a2s.a2spreparation.security.AppUserDetails@6ba64d79, Credentials=[PROTECTED], Authenticated=true, Details=null, Granted Authorities=[]]
2025-04-30 12:21:55 INFO  [http-nio-8080-exec-1] d.a.a.security.JWTGenerator - Generating token with authentication object UsernamePasswordAuthenticationToken [Principal=dz.a2s.a2spreparation.security.AppUserDetails@6ba64d79, Credentials=[PROTECTED], Authenticated=true, Details=null, Granted Authorities=[]]
2025-04-30 12:21:55 INFO  [http-nio-8080-exec-1] d.a.a.security.JWTGenerator - Generating token for ADMIN
2025-04-30 12:21:55 INFO  [http-nio-8080-exec-1] d.a.a.security.JWTGenerator - Token generated inside JWTGenerator
2025-04-30 12:21:55 INFO  [http-nio-8080-exec-2] d.a.a.s.JWTAuthenticationFilter - Entering the JWTAuthenticationFilter
2025-04-30 12:21:55 INFO  [http-nio-8080-exec-2] d.a.a.s.JWTAuthenticationFilter - Parsed the username from the token 1:ADMIN
2025-04-30 12:21:55 INFO  [http-nio-8080-exec-2] d.a.a.s.CustomUserDetailsService - Entering loadUserByUsername method of UserDetails with 1:ADMIN
2025-04-30 12:21:55 INFO  [http-nio-8080-exec-2] d.a.a.s.CustomUserDetailsService - The companyId is 1
2025-04-30 12:21:55 INFO  [http-nio-8080-exec-2] d.a.a.s.CustomUserDetailsService - The userCode is ADMIN
2025-04-30 12:21:55 INFO  [http-nio-8080-exec-2] d.a.a.controllers.CompanyController - Entering getMethod method from CompanyController
2025-04-30 12:21:55 INFO  [http-nio-8080-exec-2] d.a.a.controllers.CompanyController - Returning the value of the method 1
2025-04-30 12:21:59 INFO  [http-nio-8080-exec-3] d.a.a.s.JWTAuthenticationFilter - Entering the JWTAuthenticationFilter
2025-04-30 12:21:59 INFO  [http-nio-8080-exec-3] d.a.a.controllers.CompanyController - findAllCompanies from the CompanyController
2025-04-30 12:21:59 INFO  [http-nio-8080-exec-3] d.a.a.s.impl.CompanyServiceImpl - findAll method from companyService
2025-04-30 12:22:00 INFO  [http-nio-8080-exec-3] d.a.a.controllers.CompanyController - Companies fetched from the service [Company(id=1, label=SARL ADVANCED SOFTWARE SOLUTION, location=ALGER), Company(id=2, label=SARL ORAN, location=ORAN), Company(id=3, label=SETIF, location=SETIF), Company(id=4, label=COSMETIQUE, location=ALGER), Company(id=5, label=PARAPHARM, location=ALGER)]
2025-04-30 12:22:18 INFO  [File Watcher] o.s.b.d.a.LocalDevToolsAutoConfiguration$RestartingClassPathChangeChangedEventListener - Restarting due to 132 class path changes (0 additions, 132 deletions, 0 modifications)
2025-04-30 12:22:18 INFO  [Thread-7] o.a.coyote.http11.Http11NioProtocol - Stopping ProtocolHandler ["http-nio-8080"]
2025-04-30 12:22:19 INFO  [Thread-7] o.s.o.j.LocalContainerEntityManagerFactoryBean - Closing JPA EntityManagerFactory for persistence unit 'default'
2025-04-30 12:22:19 INFO  [Thread-7] com.zaxxer.hikari.HikariDataSource - HikariPool-1 - Shutdown initiated...
2025-04-30 12:22:19 INFO  [Thread-7] com.zaxxer.hikari.HikariDataSource - HikariPool-1 - Shutdown completed.
2025-04-30 12:22:40 INFO  [background-preinit] o.h.validator.internal.util.Version - HV000001: Hibernate Validator 8.0.1.Final
2025-04-30 12:22:40 INFO  [main] d.a.a.A2spreparationApplicationTests - Starting A2spreparationApplicationTests using Java 17.0.11 with PID 21852 (started by Mohamed in C:\Projects\Spring Boot\sb-api-preparation)
2025-04-30 12:22:40 INFO  [main] d.a.a.A2spreparationApplicationTests - No active profile set, falling back to 1 default profile: "default"
2025-04-30 12:22:41 INFO  [main] o.s.d.r.c.RepositoryConfigurationDelegate - Multiple Spring Data modules found, entering strict repository configuration mode
2025-04-30 12:22:41 INFO  [main] o.s.d.r.c.RepositoryConfigurationDelegate - Bootstrapping Spring Data JDBC repositories in DEFAULT mode.
2025-04-30 12:22:41 INFO  [main] o.s.d.r.c.RepositoryConfigurationExtensionSupport - Spring Data JDBC - Could not safely identify store assignment for repository candidate interface dz.a2s.a2spreparation.repositories.CompanyRepository; If you want this repository to be a JDBC repository, consider annotating your entities with one of these annotations: org.springframework.data.relational.core.mapping.Table.
2025-04-30 12:22:41 INFO  [main] o.s.d.r.c.RepositoryConfigurationExtensionSupport - Spring Data JDBC - Could not safely identify store assignment for repository candidate interface dz.a2s.a2spreparation.repositories.DiMessagesRepository; If you want this repository to be a JDBC repository, consider annotating your entities with one of these annotations: org.springframework.data.relational.core.mapping.Table.
2025-04-30 12:22:41 INFO  [main] o.s.d.r.c.RepositoryConfigurationExtensionSupport - Spring Data JDBC - Could not safely identify store assignment for repository candidate interface dz.a2s.a2spreparation.repositories.ParamsRepository; If you want this repository to be a JDBC repository, consider annotating your entities with one of these annotations: org.springframework.data.relational.core.mapping.Table.
2025-04-30 12:22:41 INFO  [main] o.s.d.r.c.RepositoryConfigurationExtensionSupport - Spring Data JDBC - Could not safely identify store assignment for repository candidate interface dz.a2s.a2spreparation.repositories.StpUserRolesRepository; If you want this repository to be a JDBC repository, consider annotating your entities with one of these annotations: org.springframework.data.relational.core.mapping.Table.
2025-04-30 12:22:41 INFO  [main] o.s.d.r.c.RepositoryConfigurationExtensionSupport - Spring Data JDBC - Could not safely identify store assignment for repository candidate interface dz.a2s.a2spreparation.repositories.UserEntityRepository; If you want this repository to be a JDBC repository, consider annotating your entities with one of these annotations: org.springframework.data.relational.core.mapping.Table.
2025-04-30 12:22:41 INFO  [main] o.s.d.r.c.RepositoryConfigurationExtensionSupport - Spring Data JDBC - Could not safely identify store assignment for repository candidate interface dz.a2s.a2spreparation.repositories.views.CommandeRepository; If you want this repository to be a JDBC repository, consider annotating your entities with one of these annotations: org.springframework.data.relational.core.mapping.Table.
2025-04-30 12:22:41 INFO  [main] o.s.d.r.c.RepositoryConfigurationExtensionSupport - Spring Data JDBC - Could not safely identify store assignment for repository candidate interface dz.a2s.a2spreparation.repositories.views.CommandeZoneRepository; If you want this repository to be a JDBC repository, consider annotating your entities with one of these annotations: org.springframework.data.relational.core.mapping.Table.
2025-04-30 12:22:41 INFO  [main] o.s.d.r.c.RepositoryConfigurationExtensionSupport - Spring Data JDBC - Could not safely identify store assignment for repository candidate interface dz.a2s.a2spreparation.repositories.views.MotifRepository; If you want this repository to be a JDBC repository, consider annotating your entities with one of these annotations: org.springframework.data.relational.core.mapping.Table.
2025-04-30 12:22:41 INFO  [main] o.s.d.r.c.RepositoryConfigurationExtensionSupport - Spring Data JDBC - Could not safely identify store assignment for repository candidate interface dz.a2s.a2spreparation.repositories.views.PrpCdePrepContRepository; If you want this repository to be a JDBC repository, consider annotating your entities with one of these annotations: org.springframework.data.relational.core.mapping.Table.
2025-04-30 12:22:41 INFO  [main] o.s.d.r.c.RepositoryConfigurationExtensionSupport - Spring Data JDBC - Could not safely identify store assignment for repository candidate interface dz.a2s.a2spreparation.repositories.views.PrpCdePrlvPrepContRepository; If you want this repository to be a JDBC repository, consider annotating your entities with one of these annotations: org.springframework.data.relational.core.mapping.Table.
2025-04-30 12:22:41 INFO  [main] o.s.d.r.c.RepositoryConfigurationExtensionSupport - Spring Data JDBC - Could not safely identify store assignment for repository candidate interface dz.a2s.a2spreparation.repositories.views.PrpCdePrlvRepository; If you want this repository to be a JDBC repository, consider annotating your entities with one of these annotations: org.springframework.data.relational.core.mapping.Table.
2025-04-30 12:22:41 INFO  [main] o.s.d.r.c.RepositoryConfigurationExtensionSupport - Spring Data JDBC - Could not safely identify store assignment for repository candidate interface dz.a2s.a2spreparation.repositories.views.PrpCdePrlvUsrCodeRepository; If you want this repository to be a JDBC repository, consider annotating your entities with one of these annotations: org.springframework.data.relational.core.mapping.Table.
2025-04-30 12:22:41 INFO  [main] o.s.d.r.c.RepositoryConfigurationExtensionSupport - Spring Data JDBC - Could not safely identify store assignment for repository candidate interface dz.a2s.a2spreparation.repositories.views.PrpPrepareControleRepository; If you want this repository to be a JDBC repository, consider annotating your entities with one of these annotations: org.springframework.data.relational.core.mapping.Table.
2025-04-30 12:22:41 INFO  [main] o.s.d.r.c.RepositoryConfigurationExtensionSupport - Spring Data JDBC - Could not safely identify store assignment for repository candidate interface dz.a2s.a2spreparation.repositories.views.StatistiqueRepository; If you want this repository to be a JDBC repository, consider annotating your entities with one of these annotations: org.springframework.data.relational.core.mapping.Table.
2025-04-30 12:22:41 INFO  [main] o.s.d.r.c.RepositoryConfigurationExtensionSupport - Spring Data JDBC - Could not safely identify store assignment for repository candidate interface dz.a2s.a2spreparation.repositories.views.StatsPreparateurRepository; If you want this repository to be a JDBC repository, consider annotating your entities with one of these annotations: org.springframework.data.relational.core.mapping.Table.
2025-04-30 12:22:41 INFO  [main] o.s.d.r.c.RepositoryConfigurationExtensionSupport - Spring Data JDBC - Could not safely identify store assignment for repository candidate interface dz.a2s.a2spreparation.repositories.views.VenteDetailsRepository; If you want this repository to be a JDBC repository, consider annotating your entities with one of these annotations: org.springframework.data.relational.core.mapping.Table.
2025-04-30 12:22:41 INFO  [main] o.s.d.r.c.RepositoryConfigurationExtensionSupport - Spring Data JDBC - Could not safely identify store assignment for repository candidate interface dz.a2s.a2spreparation.repositories.views.VentePrlvDetailsRepository; If you want this repository to be a JDBC repository, consider annotating your entities with one of these annotations: org.springframework.data.relational.core.mapping.Table.
2025-04-30 12:22:41 INFO  [main] o.s.d.r.c.RepositoryConfigurationExtensionSupport - Spring Data JDBC - Could not safely identify store assignment for repository candidate interface dz.a2s.a2spreparation.repositories.views.VenteZoneDetailsRepository; If you want this repository to be a JDBC repository, consider annotating your entities with one of these annotations: org.springframework.data.relational.core.mapping.Table.
2025-04-30 12:22:41 INFO  [main] o.s.d.r.c.RepositoryConfigurationDelegate - Finished Spring Data repository scanning in 83 ms. Found 0 JDBC repository interfaces.
2025-04-30 12:22:41 INFO  [main] o.s.d.r.c.RepositoryConfigurationDelegate - Multiple Spring Data modules found, entering strict repository configuration mode
2025-04-30 12:22:41 INFO  [main] o.s.d.r.c.RepositoryConfigurationDelegate - Bootstrapping Spring Data JPA repositories in DEFAULT mode.
2025-04-30 12:22:41 INFO  [main] o.s.d.r.c.RepositoryConfigurationDelegate - Finished Spring Data repository scanning in 100 ms. Found 18 JPA repository interfaces.
2025-04-30 12:22:43 INFO  [main] com.zaxxer.hikari.HikariDataSource - HikariPool-1 - Starting...
2025-04-30 12:22:43 INFO  [main] com.zaxxer.hikari.pool.HikariPool - HikariPool-1 - Added connection oracle.jdbc.driver.T4CConnection@6ae42248
2025-04-30 12:22:43 INFO  [main] com.zaxxer.hikari.HikariDataSource - HikariPool-1 - Start completed.
2025-04-30 12:22:43 INFO  [main] o.h.jpa.internal.util.LogHelper - HHH000204: Processing PersistenceUnitInfo [name: default]
2025-04-30 12:22:43 INFO  [main] org.hibernate.Version - HHH000412: Hibernate ORM core version 6.2.0.Final
2025-04-30 12:22:43 INFO  [main] org.hibernate.cfg.Environment - HHH000406: Using bytecode reflection optimizer
2025-04-30 12:22:43 INFO  [main] o.h.b.i.BytecodeProviderInitiator - HHH000021: Bytecode provider name : bytebuddy
2025-04-30 12:22:44 INFO  [main] o.s.o.j.p.SpringPersistenceUnitInfo - No LoadTimeWeaver setup: ignoring JPA class transformer
2025-04-30 12:22:44 INFO  [main] SQL dialect - HHH000400: Using dialect: org.hibernate.dialect.OracleDialect
2025-04-30 12:22:44 INFO  [main] o.h.b.i.BytecodeProviderInitiator - HHH000021: Bytecode provider name : bytebuddy
2025-04-30 12:22:44 WARN  [main] org.hibernate.mapping.RootClass - HHH000038: Composite-id class does not override equals(): dz.a2s.a2spreparation.entities.keys.StpUserRolesId
2025-04-30 12:22:44 WARN  [main] org.hibernate.mapping.RootClass - HHH000039: Composite-id class does not override hashCode(): dz.a2s.a2spreparation.entities.keys.StpUserRolesId
2025-04-30 12:22:45 INFO  [main] o.h.e.t.j.p.i.JtaPlatformInitiator - HHH000490: Using JtaPlatform implementation: [org.hibernate.engine.transaction.jta.platform.internal.NoJtaPlatform]
2025-04-30 12:22:45 INFO  [main] o.s.o.j.LocalContainerEntityManagerFactoryBean - Initialized JPA EntityManagerFactory for persistence unit 'default'
2025-04-30 12:22:46 INFO  [main] o.s.d.j.r.query.QueryEnhancerFactory - Hibernate is in classpath; If applicable, HQL parser will be used.
2025-04-30 12:22:46 INFO  [main] o.s.s.c.a.a.c.InitializeUserDetailsBeanManagerConfigurer$InitializeUserDetailsManagerConfigurer - Global AuthenticationManager configured with UserDetailsService bean with name customUserDetailsService
2025-04-30 12:22:47 WARN  [main] o.s.b.a.o.j.JpaBaseConfiguration$JpaWebConfiguration - spring.jpa.open-in-view is enabled by default. Therefore, database queries may be performed during view rendering. Explicitly configure spring.jpa.open-in-view to disable this warning
2025-04-30 12:22:48 INFO  [main] o.s.b.a.e.web.EndpointLinksResolver - Exposing 1 endpoint beneath base path '/actuator'
2025-04-30 12:22:50 INFO  [main] d.a.a.A2spreparationApplicationTests - Started A2spreparationApplicationTests in 10.269 seconds (process running for 11.999)
2025-04-30 12:22:50 INFO  [SpringApplicationShutdownHook] o.s.o.j.LocalContainerEntityManagerFactoryBean - Closing JPA EntityManagerFactory for persistence unit 'default'
2025-04-30 12:22:50 INFO  [SpringApplicationShutdownHook] com.zaxxer.hikari.HikariDataSource - HikariPool-1 - Shutdown initiated...
2025-04-30 12:22:50 INFO  [SpringApplicationShutdownHook] com.zaxxer.hikari.HikariDataSource - HikariPool-1 - Shutdown completed.
