2024-12-19 09:41:10 INFO  [background-preinit] o.h.validator.internal.util.Version - HV000001: Hibernate Validator 8.0.1.Final
2024-12-19 09:41:10 INFO  [restartedMain] d.a.a.A2spreparationApplication - Starting A2spreparationApplication using Java 17.0.11 with PID 20336 (C:\Projects\Spring Boot\sb-api-preparation\target\classes started by Mohamed in C:\Projects\Spring Boot\sb-api-preparation)
2024-12-19 09:41:10 INFO  [restartedMain] d.a.a.A2spreparationApplication - No active profile set, falling back to 1 default profile: "default"
2024-12-19 09:41:10 INFO  [restartedMain] o.s.b.d.restart.ChangeableUrls - The Class-Path manifest attribute in C:\Users\Mohamed\.m2\repository\com\oracle\database\jdbc\ojdbc8\23.2.0.0\ojdbc8-23.2.0.0.jar referenced one or more files that do not exist: file:/C:/Users/Mohamed/.m2/repository/com/oracle/database/jdbc/ojdbc8/23.2.0.0/oraclepki.jar
2024-12-19 09:41:10 INFO  [restartedMain] o.s.b.d.e.DevToolsPropertyDefaultsPostProcessor - Devtools property defaults active! Set 'spring.devtools.add-properties' to 'false' to disable
2024-12-19 09:41:10 INFO  [restartedMain] o.s.b.d.e.DevToolsPropertyDefaultsPostProcessor - For additional web related logging consider setting the 'logging.level.web' property to 'DEBUG'
2024-12-19 09:41:12 INFO  [restartedMain] o.s.d.r.c.RepositoryConfigurationDelegate - Multiple Spring Data modules found, entering strict repository configuration mode
2024-12-19 09:41:12 INFO  [restartedMain] o.s.d.r.c.RepositoryConfigurationDelegate - Bootstrapping Spring Data JDBC repositories in DEFAULT mode.
2024-12-19 09:41:12 INFO  [restartedMain] o.s.d.r.c.RepositoryConfigurationExtensionSupport - Spring Data JDBC - Could not safely identify store assignment for repository candidate interface dz.a2s.a2sinventaire.repositories.CompanyRepository; If you want this repository to be a JDBC repository, consider annotating your entities with one of these annotations: org.springframework.data.relational.core.mapping.Table.
2024-12-19 09:41:12 INFO  [restartedMain] o.s.d.r.c.RepositoryConfigurationExtensionSupport - Spring Data JDBC - Could not safely identify store assignment for repository candidate interface dz.a2s.a2sinventaire.repositories.DiMessagesRepository; If you want this repository to be a JDBC repository, consider annotating your entities with one of these annotations: org.springframework.data.relational.core.mapping.Table.
2024-12-19 09:41:12 INFO  [restartedMain] o.s.d.r.c.RepositoryConfigurationExtensionSupport - Spring Data JDBC - Could not safely identify store assignment for repository candidate interface dz.a2s.a2sinventaire.repositories.ParamsRepository; If you want this repository to be a JDBC repository, consider annotating your entities with one of these annotations: org.springframework.data.relational.core.mapping.Table.
2024-12-19 09:41:12 INFO  [restartedMain] o.s.d.r.c.RepositoryConfigurationExtensionSupport - Spring Data JDBC - Could not safely identify store assignment for repository candidate interface dz.a2s.a2sinventaire.repositories.StpUserRolesRepository; If you want this repository to be a JDBC repository, consider annotating your entities with one of these annotations: org.springframework.data.relational.core.mapping.Table.
2024-12-19 09:41:12 INFO  [restartedMain] o.s.d.r.c.RepositoryConfigurationExtensionSupport - Spring Data JDBC - Could not safely identify store assignment for repository candidate interface dz.a2s.a2sinventaire.repositories.UserEntityRepository; If you want this repository to be a JDBC repository, consider annotating your entities with one of these annotations: org.springframework.data.relational.core.mapping.Table.
2024-12-19 09:41:12 INFO  [restartedMain] o.s.d.r.c.RepositoryConfigurationExtensionSupport - Spring Data JDBC - Could not safely identify store assignment for repository candidate interface dz.a2s.a2sinventaire.repositories.views.CommandeRepository; If you want this repository to be a JDBC repository, consider annotating your entities with one of these annotations: org.springframework.data.relational.core.mapping.Table.
2024-12-19 09:41:12 INFO  [restartedMain] o.s.d.r.c.RepositoryConfigurationExtensionSupport - Spring Data JDBC - Could not safely identify store assignment for repository candidate interface dz.a2s.a2sinventaire.repositories.views.CommandeZoneRepository; If you want this repository to be a JDBC repository, consider annotating your entities with one of these annotations: org.springframework.data.relational.core.mapping.Table.
2024-12-19 09:41:12 INFO  [restartedMain] o.s.d.r.c.RepositoryConfigurationExtensionSupport - Spring Data JDBC - Could not safely identify store assignment for repository candidate interface dz.a2s.a2sinventaire.repositories.views.MotifRepository; If you want this repository to be a JDBC repository, consider annotating your entities with one of these annotations: org.springframework.data.relational.core.mapping.Table.
2024-12-19 09:41:12 INFO  [restartedMain] o.s.d.r.c.RepositoryConfigurationExtensionSupport - Spring Data JDBC - Could not safely identify store assignment for repository candidate interface dz.a2s.a2sinventaire.repositories.views.PrpCdePrepContRepository; If you want this repository to be a JDBC repository, consider annotating your entities with one of these annotations: org.springframework.data.relational.core.mapping.Table.
2024-12-19 09:41:12 INFO  [restartedMain] o.s.d.r.c.RepositoryConfigurationExtensionSupport - Spring Data JDBC - Could not safely identify store assignment for repository candidate interface dz.a2s.a2sinventaire.repositories.views.PrpCdePrlvPrepContRepository; If you want this repository to be a JDBC repository, consider annotating your entities with one of these annotations: org.springframework.data.relational.core.mapping.Table.
2024-12-19 09:41:12 INFO  [restartedMain] o.s.d.r.c.RepositoryConfigurationExtensionSupport - Spring Data JDBC - Could not safely identify store assignment for repository candidate interface dz.a2s.a2sinventaire.repositories.views.PrpCdePrlvRepository; If you want this repository to be a JDBC repository, consider annotating your entities with one of these annotations: org.springframework.data.relational.core.mapping.Table.
2024-12-19 09:41:12 INFO  [restartedMain] o.s.d.r.c.RepositoryConfigurationExtensionSupport - Spring Data JDBC - Could not safely identify store assignment for repository candidate interface dz.a2s.a2sinventaire.repositories.views.PrpCdePrlvUsrCodeRepository; If you want this repository to be a JDBC repository, consider annotating your entities with one of these annotations: org.springframework.data.relational.core.mapping.Table.
2024-12-19 09:41:12 INFO  [restartedMain] o.s.d.r.c.RepositoryConfigurationExtensionSupport - Spring Data JDBC - Could not safely identify store assignment for repository candidate interface dz.a2s.a2sinventaire.repositories.views.PrpPrepareControleRepository; If you want this repository to be a JDBC repository, consider annotating your entities with one of these annotations: org.springframework.data.relational.core.mapping.Table.
2024-12-19 09:41:12 INFO  [restartedMain] o.s.d.r.c.RepositoryConfigurationExtensionSupport - Spring Data JDBC - Could not safely identify store assignment for repository candidate interface dz.a2s.a2sinventaire.repositories.views.StatistiqueRepository; If you want this repository to be a JDBC repository, consider annotating your entities with one of these annotations: org.springframework.data.relational.core.mapping.Table.
2024-12-19 09:41:12 INFO  [restartedMain] o.s.d.r.c.RepositoryConfigurationExtensionSupport - Spring Data JDBC - Could not safely identify store assignment for repository candidate interface dz.a2s.a2sinventaire.repositories.views.StatsPreparateurRepository; If you want this repository to be a JDBC repository, consider annotating your entities with one of these annotations: org.springframework.data.relational.core.mapping.Table.
2024-12-19 09:41:12 INFO  [restartedMain] o.s.d.r.c.RepositoryConfigurationExtensionSupport - Spring Data JDBC - Could not safely identify store assignment for repository candidate interface dz.a2s.a2sinventaire.repositories.views.VenteDetailsRepository; If you want this repository to be a JDBC repository, consider annotating your entities with one of these annotations: org.springframework.data.relational.core.mapping.Table.
2024-12-19 09:41:12 INFO  [restartedMain] o.s.d.r.c.RepositoryConfigurationExtensionSupport - Spring Data JDBC - Could not safely identify store assignment for repository candidate interface dz.a2s.a2sinventaire.repositories.views.VentePrlvDetailsRepository; If you want this repository to be a JDBC repository, consider annotating your entities with one of these annotations: org.springframework.data.relational.core.mapping.Table.
2024-12-19 09:41:12 INFO  [restartedMain] o.s.d.r.c.RepositoryConfigurationExtensionSupport - Spring Data JDBC - Could not safely identify store assignment for repository candidate interface dz.a2s.a2sinventaire.repositories.views.VenteZoneDetailsRepository; If you want this repository to be a JDBC repository, consider annotating your entities with one of these annotations: org.springframework.data.relational.core.mapping.Table.
2024-12-19 09:41:12 INFO  [restartedMain] o.s.d.r.c.RepositoryConfigurationDelegate - Finished Spring Data repository scanning in 91 ms. Found 0 JDBC repository interfaces.
2024-12-19 09:41:12 INFO  [restartedMain] o.s.d.r.c.RepositoryConfigurationDelegate - Multiple Spring Data modules found, entering strict repository configuration mode
2024-12-19 09:41:12 INFO  [restartedMain] o.s.d.r.c.RepositoryConfigurationDelegate - Bootstrapping Spring Data JPA repositories in DEFAULT mode.
2024-12-19 09:41:12 INFO  [restartedMain] o.s.d.r.c.RepositoryConfigurationDelegate - Finished Spring Data repository scanning in 74 ms. Found 18 JPA repository interfaces.
2024-12-19 09:41:14 INFO  [restartedMain] o.s.b.w.e.tomcat.TomcatWebServer - Tomcat initialized with port 8080 (http)
2024-12-19 09:41:14 INFO  [restartedMain] o.a.coyote.http11.Http11NioProtocol - Initializing ProtocolHandler ["http-nio-8080"]
2024-12-19 09:41:14 INFO  [restartedMain] o.a.catalina.core.StandardService - Starting service [Tomcat]
2024-12-19 09:41:14 INFO  [restartedMain] o.a.catalina.core.StandardEngine - Starting Servlet engine: [Apache Tomcat/10.1.28]
2024-12-19 09:41:14 INFO  [restartedMain] o.a.c.c.C.[Tomcat].[localhost].[/] - Initializing Spring embedded WebApplicationContext
2024-12-19 09:41:14 INFO  [restartedMain] o.s.b.w.s.c.ServletWebServerApplicationContext - Root WebApplicationContext: initialization completed in 4404 ms
2024-12-19 09:41:15 INFO  [restartedMain] com.zaxxer.hikari.HikariDataSource - HikariPool-1 - Starting...
2024-12-19 09:41:16 INFO  [restartedMain] com.zaxxer.hikari.pool.HikariPool - HikariPool-1 - Added connection oracle.jdbc.driver.T4CConnection@d8faff7
2024-12-19 09:41:16 INFO  [restartedMain] com.zaxxer.hikari.HikariDataSource - HikariPool-1 - Start completed.
2024-12-19 09:41:16 INFO  [restartedMain] o.h.jpa.internal.util.LogHelper - HHH000204: Processing PersistenceUnitInfo [name: default]
2024-12-19 09:41:16 INFO  [restartedMain] org.hibernate.Version - HHH000412: Hibernate ORM core version 6.2.0.Final
2024-12-19 09:41:16 INFO  [restartedMain] org.hibernate.cfg.Environment - HHH000406: Using bytecode reflection optimizer
2024-12-19 09:41:16 INFO  [restartedMain] o.h.b.i.BytecodeProviderInitiator - HHH000021: Bytecode provider name : bytebuddy
2024-12-19 09:41:17 INFO  [restartedMain] o.s.o.j.p.SpringPersistenceUnitInfo - No LoadTimeWeaver setup: ignoring JPA class transformer
2024-12-19 09:41:17 INFO  [restartedMain] SQL dialect - HHH000400: Using dialect: org.hibernate.dialect.OracleDialect
2024-12-19 09:41:17 INFO  [restartedMain] o.h.b.i.BytecodeProviderInitiator - HHH000021: Bytecode provider name : bytebuddy
2024-12-19 09:41:18 WARN  [restartedMain] org.hibernate.mapping.RootClass - HHH000038: Composite-id class does not override equals(): dz.a2s.a2sinventaire.entities.keys.StpUserRolesId
2024-12-19 09:41:18 WARN  [restartedMain] org.hibernate.mapping.RootClass - HHH000039: Composite-id class does not override hashCode(): dz.a2s.a2sinventaire.entities.keys.StpUserRolesId
2024-12-19 09:41:18 INFO  [restartedMain] o.h.e.t.j.p.i.JtaPlatformInitiator - HHH000490: Using JtaPlatform implementation: [org.hibernate.engine.transaction.jta.platform.internal.NoJtaPlatform]
2024-12-19 09:41:18 INFO  [restartedMain] o.s.o.j.LocalContainerEntityManagerFactoryBean - Initialized JPA EntityManagerFactory for persistence unit 'default'
2024-12-19 09:41:19 INFO  [restartedMain] o.s.d.j.r.query.QueryEnhancerFactory - Hibernate is in classpath; If applicable, HQL parser will be used.
2024-12-19 09:41:20 INFO  [restartedMain] o.s.s.c.a.a.c.InitializeUserDetailsBeanManagerConfigurer$InitializeUserDetailsManagerConfigurer - Global AuthenticationManager configured with UserDetailsService bean with name customUserDetailsService
2024-12-19 09:41:21 WARN  [restartedMain] o.s.b.a.o.j.JpaBaseConfiguration$JpaWebConfiguration - spring.jpa.open-in-view is enabled by default. Therefore, database queries may be performed during view rendering. Explicitly configure spring.jpa.open-in-view to disable this warning
2024-12-19 09:41:22 INFO  [restartedMain] o.s.b.a.e.web.EndpointLinksResolver - Exposing 1 endpoint beneath base path '/actuator'
2024-12-19 09:41:23 INFO  [restartedMain] o.s.b.d.a.OptionalLiveReloadServer - LiveReload server is running on port 35729
2024-12-19 09:41:23 INFO  [restartedMain] o.a.coyote.http11.Http11NioProtocol - Starting ProtocolHandler ["http-nio-8080"]
2024-12-19 09:41:23 INFO  [restartedMain] o.s.b.w.e.tomcat.TomcatWebServer - Tomcat started on port 8080 (http) with context path '/'
2024-12-19 09:41:23 INFO  [restartedMain] d.a.a.A2spreparationApplication - Started A2spreparationApplication in 14.17 seconds (process running for 14.802)
2024-12-19 09:43:40 INFO  [http-nio-8080-exec-1] o.a.c.c.C.[Tomcat].[localhost].[/] - Initializing Spring DispatcherServlet 'dispatcherServlet'
2024-12-19 09:43:40 INFO  [http-nio-8080-exec-1] o.s.web.servlet.DispatcherServlet - Initializing Servlet 'dispatcherServlet'
2024-12-19 09:43:40 INFO  [http-nio-8080-exec-1] o.s.web.servlet.DispatcherServlet - Completed initialization in 2 ms
2024-12-19 09:43:40 INFO  [http-nio-8080-exec-1] d.a.a.s.JWTAuthenticationFilter - Entering the JWTAuthenticationFilter
2024-12-19 09:43:40 INFO  [http-nio-8080-exec-1] d.a.a.controllers.CompanyController - findAllCompanies from the CompanyController
2024-12-19 09:43:40 INFO  [http-nio-8080-exec-1] d.a.a.s.impl.CompanyServiceImpl - findAll method from companyService
2024-12-19 09:43:40 INFO  [http-nio-8080-exec-1] d.a.a.controllers.CompanyController - Companies fetched from the service [Company(id=1, label=SARL ADVANCED SOFTWARE SOLUTION, location=ALGER), Company(id=2, label=SARL ORAN, location=ORAN), Company(id=3, label=SETIF, location=SETIF), Company(id=4, label=COSMETIQUE, location=ALGER), Company(id=5, label=PARAPHARM, location=ALGER)]
2024-12-19 09:43:48 INFO  [http-nio-8080-exec-2] d.a.a.controllers.AuthController - Entering login method from AuthController with userCode and companyId S.BENMAMMAR : 1
2024-12-19 09:43:48 INFO  [http-nio-8080-exec-2] d.a.a.controllers.AuthController - Getting the custom username from the loginRequest inside the authController 1:S.BENMAMMAR
2024-12-19 09:43:48 INFO  [http-nio-8080-exec-2] d.a.a.s.CustomUserDetailsService - Entering loadUserByUsername method of UserDetails with 1:S.BENMAMMAR
2024-12-19 09:43:48 INFO  [http-nio-8080-exec-2] d.a.a.s.CustomUserDetailsService - The companyId is 1
2024-12-19 09:43:48 INFO  [http-nio-8080-exec-2] d.a.a.s.CustomUserDetailsService - The userCode is S.BENMAMMAR
2024-12-19 09:43:48 INFO  [http-nio-8080-exec-2] d.a.a.controllers.AuthController - Authentication object created UsernamePasswordAuthenticationToken [Principal=dz.a2s.a2sinventaire.security.AppUserDetails@7fc942da, Credentials=[PROTECTED], Authenticated=true, Details=null, Granted Authorities=[]]
2024-12-19 09:43:48 INFO  [http-nio-8080-exec-2] d.a.a.security.JWTGenerator - Generating token with authentication object UsernamePasswordAuthenticationToken [Principal=dz.a2s.a2sinventaire.security.AppUserDetails@7fc942da, Credentials=[PROTECTED], Authenticated=true, Details=null, Granted Authorities=[]]
2024-12-19 09:43:48 INFO  [http-nio-8080-exec-2] d.a.a.security.JWTGenerator - Generating token for S.BENMAMMAR
2024-12-19 09:43:48 INFO  [http-nio-8080-exec-2] d.a.a.security.JWTGenerator - Token generated inside JWTGenerator
2024-12-19 09:43:49 INFO  [http-nio-8080-exec-4] d.a.a.s.JWTAuthenticationFilter - Entering the JWTAuthenticationFilter
2024-12-19 09:43:49 INFO  [http-nio-8080-exec-4] d.a.a.s.JWTAuthenticationFilter - Parsed the username from the token 1:S.BENMAMMAR
2024-12-19 09:43:49 INFO  [http-nio-8080-exec-4] d.a.a.s.CustomUserDetailsService - Entering loadUserByUsername method of UserDetails with 1:S.BENMAMMAR
2024-12-19 09:43:49 INFO  [http-nio-8080-exec-4] d.a.a.s.CustomUserDetailsService - The companyId is 1
2024-12-19 09:43:49 INFO  [http-nio-8080-exec-4] d.a.a.s.CustomUserDetailsService - The userCode is S.BENMAMMAR
2024-12-19 09:43:49 INFO  [http-nio-8080-exec-4] d.a.a.controllers.CompanyController - Entering getMethod method from CompanyController
2024-12-19 09:43:49 INFO  [http-nio-8080-exec-4] d.a.a.controllers.CompanyController - Returning the value of the method 1
2024-12-19 09:43:51 INFO  [http-nio-8080-exec-3] d.a.a.s.JWTAuthenticationFilter - Entering the JWTAuthenticationFilter
2024-12-19 09:43:51 INFO  [http-nio-8080-exec-3] d.a.a.s.JWTAuthenticationFilter - Parsed the username from the token 1:S.BENMAMMAR
2024-12-19 09:43:51 INFO  [http-nio-8080-exec-3] d.a.a.s.CustomUserDetailsService - Entering loadUserByUsername method of UserDetails with 1:S.BENMAMMAR
2024-12-19 09:43:51 INFO  [http-nio-8080-exec-3] d.a.a.s.CustomUserDetailsService - The companyId is 1
2024-12-19 09:43:51 INFO  [http-nio-8080-exec-3] d.a.a.s.CustomUserDetailsService - The userCode is S.BENMAMMAR
2024-12-19 09:43:51 INFO  [http-nio-8080-exec-9] d.a.a.s.JWTAuthenticationFilter - Entering the JWTAuthenticationFilter
2024-12-19 09:43:51 INFO  [http-nio-8080-exec-3] d.a.a.controllers.CompanyController - Entering getMethod method from CompanyController
2024-12-19 09:43:51 INFO  [http-nio-8080-exec-9] d.a.a.s.JWTAuthenticationFilter - Parsed the username from the token 1:S.BENMAMMAR
2024-12-19 09:43:51 INFO  [http-nio-8080-exec-9] d.a.a.s.CustomUserDetailsService - Entering loadUserByUsername method of UserDetails with 1:S.BENMAMMAR
2024-12-19 09:43:51 INFO  [http-nio-8080-exec-9] d.a.a.s.CustomUserDetailsService - The companyId is 1
2024-12-19 09:43:51 INFO  [http-nio-8080-exec-9] d.a.a.s.CustomUserDetailsService - The userCode is S.BENMAMMAR
2024-12-19 09:43:51 INFO  [http-nio-8080-exec-3] d.a.a.controllers.CompanyController - Returning the value of the method 1
2024-12-19 09:43:51 INFO  [http-nio-8080-exec-9] d.a.a.controllers.UserController - Entering getAffectationAuthorization from the UserController
2024-12-19 09:43:51 INFO  [http-nio-8080-exec-9] d.a.a.s.i.AuthorizationServiceImpl - Entering the getAffectationAuthorization method from the AuthorizationService for formCode 480
2024-12-19 09:43:51 INFO  [http-nio-8080-exec-9] d.a.a.s.i.AuthorizationServiceImpl - Valeur de retour de la requête relative à l'autorisation d'affectation 1
2024-12-19 09:43:51 INFO  [http-nio-8080-exec-9] d.a.a.controllers.UserController - Affectation Authorization recieved from the service : AuthorizationDto(code=480, value=1)
2024-12-19 09:43:51 INFO  [http-nio-8080-exec-5] d.a.a.s.JWTAuthenticationFilter - Entering the JWTAuthenticationFilter
2024-12-19 09:43:51 INFO  [http-nio-8080-exec-5] d.a.a.s.JWTAuthenticationFilter - Parsed the username from the token 1:S.BENMAMMAR
2024-12-19 09:43:51 INFO  [http-nio-8080-exec-5] d.a.a.s.CustomUserDetailsService - Entering loadUserByUsername method of UserDetails with 1:S.BENMAMMAR
2024-12-19 09:43:51 INFO  [http-nio-8080-exec-5] d.a.a.s.CustomUserDetailsService - The companyId is 1
2024-12-19 09:43:51 INFO  [http-nio-8080-exec-5] d.a.a.s.CustomUserDetailsService - The userCode is S.BENMAMMAR
2024-12-19 09:43:51 INFO  [http-nio-8080-exec-5] d.a.a.c.AffectationController - Entering the getListeCmdPrp from the AffectationController with reqDate 2024-12-19
2024-12-19 09:43:51 INFO  [http-nio-8080-exec-5] d.a.a.c.AffectationController - Fetching liste des commandes from the service
2024-12-19 09:43:51 INFO  [http-nio-8080-exec-5] d.a.a.s.impl.AffectationServiceImpl - Entering getListCommande method from the AffectationService with date 2024-12-19
2024-12-19 09:43:51 INFO  [http-nio-8080-exec-5] d.a.a.s.impl.AffectationServiceImpl - Récupération de la companyId 1
2024-12-19 09:43:51 INFO  [http-nio-8080-exec-5] d.a.a.s.impl.AffectationServiceImpl - Liste des commandes récupérés à partir du repo = 0
2024-12-19 09:43:51 INFO  [http-nio-8080-exec-5] d.a.a.s.impl.AffectationServiceImpl - Mappage des entités vers les DTOs
2024-12-19 09:43:51 INFO  [http-nio-8080-exec-5] d.a.a.s.impl.AffectationServiceImpl - Mappage de la liste des entités terminé avec size 0
2024-12-19 09:43:51 INFO  [http-nio-8080-exec-5] d.a.a.c.AffectationController - Data fetched from the service length = 0
2024-12-19 09:45:22 INFO  [http-nio-8080-exec-8] d.a.a.s.JWTAuthenticationFilter - Entering the JWTAuthenticationFilter
2024-12-19 09:45:22 INFO  [http-nio-8080-exec-8] d.a.a.s.JWTAuthenticationFilter - Parsed the username from the token 1:S.BENMAMMAR
2024-12-19 09:45:22 INFO  [http-nio-8080-exec-8] d.a.a.s.CustomUserDetailsService - Entering loadUserByUsername method of UserDetails with 1:S.BENMAMMAR
2024-12-19 09:45:22 INFO  [http-nio-8080-exec-8] d.a.a.s.CustomUserDetailsService - The companyId is 1
2024-12-19 09:45:22 INFO  [http-nio-8080-exec-8] d.a.a.s.CustomUserDetailsService - The userCode is S.BENMAMMAR
2024-12-19 09:45:22 INFO  [http-nio-8080-exec-8] d.a.a.c.AffectationController - Entering the getListeCmdPrp from the AffectationController with reqDate 
2024-12-19 09:45:22 INFO  [http-nio-8080-exec-8] d.a.a.c.AffectationController - Fetching liste des commandes from the service
2024-12-19 09:45:22 INFO  [http-nio-8080-exec-8] d.a.a.s.impl.AffectationServiceImpl - Entering getListCommande method from the AffectationService with date 
2024-12-19 09:45:22 INFO  [http-nio-8080-exec-8] d.a.a.s.impl.AffectationServiceImpl - Récupération de la companyId 1
2024-12-19 09:45:23 INFO  [http-nio-8080-exec-8] d.a.a.s.impl.AffectationServiceImpl - Liste des commandes récupérés à partir du repo = 1170
2024-12-19 09:45:23 INFO  [http-nio-8080-exec-8] d.a.a.s.impl.AffectationServiceImpl - Mappage des entités vers les DTOs
2024-12-19 09:45:23 INFO  [http-nio-8080-exec-8] d.a.a.s.impl.AffectationServiceImpl - Mappage de la liste des entités terminé avec size 1170
2024-12-19 09:45:23 INFO  [http-nio-8080-exec-8] d.a.a.c.AffectationController - Data fetched from the service length = 1170
2024-12-19 09:45:25 INFO  [http-nio-8080-exec-10] d.a.a.s.JWTAuthenticationFilter - Entering the JWTAuthenticationFilter
2024-12-19 09:45:25 INFO  [http-nio-8080-exec-10] d.a.a.s.JWTAuthenticationFilter - Parsed the username from the token 1:S.BENMAMMAR
2024-12-19 09:45:25 INFO  [http-nio-8080-exec-10] d.a.a.s.CustomUserDetailsService - Entering loadUserByUsername method of UserDetails with 1:S.BENMAMMAR
2024-12-19 09:45:25 INFO  [http-nio-8080-exec-10] d.a.a.s.CustomUserDetailsService - The companyId is 1
2024-12-19 09:45:25 INFO  [http-nio-8080-exec-10] d.a.a.s.CustomUserDetailsService - The userCode is S.BENMAMMAR
2024-12-19 09:45:25 INFO  [http-nio-8080-exec-10] d.a.a.c.PreparationController - Entering the getDetailsVente method from the PreparationController
2024-12-19 09:45:25 INFO  [http-nio-8080-exec-10] d.a.a.s.impl.PreparationServiceImpl - Entering the getDetailsVente method from the PreparationService
2024-12-19 09:45:25 INFO  [http-nio-8080-exec-10] d.a.a.s.impl.PreparationServiceImpl - Retruning results from the PreparationService with length 1
2024-12-19 09:46:58 INFO  [SpringApplicationShutdownHook] o.s.o.j.LocalContainerEntityManagerFactoryBean - Closing JPA EntityManagerFactory for persistence unit 'default'
2024-12-19 09:46:58 INFO  [SpringApplicationShutdownHook] com.zaxxer.hikari.HikariDataSource - HikariPool-1 - Shutdown initiated...
2024-12-19 09:46:58 INFO  [SpringApplicationShutdownHook] com.zaxxer.hikari.HikariDataSource - HikariPool-1 - Shutdown completed.
2024-12-19 09:47:35 INFO  [background-preinit] o.h.validator.internal.util.Version - HV000001: Hibernate Validator 8.0.1.Final
2024-12-19 09:47:35 INFO  [main] d.a.a.A2spreparationApplicationTests - Starting A2spreparationApplicationTests using Java 17.0.11 with PID 10480 (started by Mohamed in C:\Projects\Spring Boot\sb-api-preparation)
2024-12-19 09:47:35 INFO  [main] d.a.a.A2spreparationApplicationTests - No active profile set, falling back to 1 default profile: "default"
2024-12-19 09:47:37 INFO  [main] o.s.d.r.c.RepositoryConfigurationDelegate - Multiple Spring Data modules found, entering strict repository configuration mode
2024-12-19 09:47:37 INFO  [main] o.s.d.r.c.RepositoryConfigurationDelegate - Bootstrapping Spring Data JDBC repositories in DEFAULT mode.
2024-12-19 09:47:37 INFO  [main] o.s.d.r.c.RepositoryConfigurationExtensionSupport - Spring Data JDBC - Could not safely identify store assignment for repository candidate interface dz.a2s.a2sinventaire.repositories.CompanyRepository; If you want this repository to be a JDBC repository, consider annotating your entities with one of these annotations: org.springframework.data.relational.core.mapping.Table.
2024-12-19 09:47:37 INFO  [main] o.s.d.r.c.RepositoryConfigurationExtensionSupport - Spring Data JDBC - Could not safely identify store assignment for repository candidate interface dz.a2s.a2sinventaire.repositories.DiMessagesRepository; If you want this repository to be a JDBC repository, consider annotating your entities with one of these annotations: org.springframework.data.relational.core.mapping.Table.
2024-12-19 09:47:37 INFO  [main] o.s.d.r.c.RepositoryConfigurationExtensionSupport - Spring Data JDBC - Could not safely identify store assignment for repository candidate interface dz.a2s.a2sinventaire.repositories.ParamsRepository; If you want this repository to be a JDBC repository, consider annotating your entities with one of these annotations: org.springframework.data.relational.core.mapping.Table.
2024-12-19 09:47:37 INFO  [main] o.s.d.r.c.RepositoryConfigurationExtensionSupport - Spring Data JDBC - Could not safely identify store assignment for repository candidate interface dz.a2s.a2sinventaire.repositories.StpUserRolesRepository; If you want this repository to be a JDBC repository, consider annotating your entities with one of these annotations: org.springframework.data.relational.core.mapping.Table.
2024-12-19 09:47:37 INFO  [main] o.s.d.r.c.RepositoryConfigurationExtensionSupport - Spring Data JDBC - Could not safely identify store assignment for repository candidate interface dz.a2s.a2sinventaire.repositories.UserEntityRepository; If you want this repository to be a JDBC repository, consider annotating your entities with one of these annotations: org.springframework.data.relational.core.mapping.Table.
2024-12-19 09:47:37 INFO  [main] o.s.d.r.c.RepositoryConfigurationExtensionSupport - Spring Data JDBC - Could not safely identify store assignment for repository candidate interface dz.a2s.a2sinventaire.repositories.views.CommandeRepository; If you want this repository to be a JDBC repository, consider annotating your entities with one of these annotations: org.springframework.data.relational.core.mapping.Table.
2024-12-19 09:47:37 INFO  [main] o.s.d.r.c.RepositoryConfigurationExtensionSupport - Spring Data JDBC - Could not safely identify store assignment for repository candidate interface dz.a2s.a2sinventaire.repositories.views.CommandeZoneRepository; If you want this repository to be a JDBC repository, consider annotating your entities with one of these annotations: org.springframework.data.relational.core.mapping.Table.
2024-12-19 09:47:37 INFO  [main] o.s.d.r.c.RepositoryConfigurationExtensionSupport - Spring Data JDBC - Could not safely identify store assignment for repository candidate interface dz.a2s.a2sinventaire.repositories.views.MotifRepository; If you want this repository to be a JDBC repository, consider annotating your entities with one of these annotations: org.springframework.data.relational.core.mapping.Table.
2024-12-19 09:47:37 INFO  [main] o.s.d.r.c.RepositoryConfigurationExtensionSupport - Spring Data JDBC - Could not safely identify store assignment for repository candidate interface dz.a2s.a2sinventaire.repositories.views.PrpCdePrepContRepository; If you want this repository to be a JDBC repository, consider annotating your entities with one of these annotations: org.springframework.data.relational.core.mapping.Table.
2024-12-19 09:47:37 INFO  [main] o.s.d.r.c.RepositoryConfigurationExtensionSupport - Spring Data JDBC - Could not safely identify store assignment for repository candidate interface dz.a2s.a2sinventaire.repositories.views.PrpCdePrlvPrepContRepository; If you want this repository to be a JDBC repository, consider annotating your entities with one of these annotations: org.springframework.data.relational.core.mapping.Table.
2024-12-19 09:47:37 INFO  [main] o.s.d.r.c.RepositoryConfigurationExtensionSupport - Spring Data JDBC - Could not safely identify store assignment for repository candidate interface dz.a2s.a2sinventaire.repositories.views.PrpCdePrlvRepository; If you want this repository to be a JDBC repository, consider annotating your entities with one of these annotations: org.springframework.data.relational.core.mapping.Table.
2024-12-19 09:47:37 INFO  [main] o.s.d.r.c.RepositoryConfigurationExtensionSupport - Spring Data JDBC - Could not safely identify store assignment for repository candidate interface dz.a2s.a2sinventaire.repositories.views.PrpCdePrlvUsrCodeRepository; If you want this repository to be a JDBC repository, consider annotating your entities with one of these annotations: org.springframework.data.relational.core.mapping.Table.
2024-12-19 09:47:37 INFO  [main] o.s.d.r.c.RepositoryConfigurationExtensionSupport - Spring Data JDBC - Could not safely identify store assignment for repository candidate interface dz.a2s.a2sinventaire.repositories.views.PrpPrepareControleRepository; If you want this repository to be a JDBC repository, consider annotating your entities with one of these annotations: org.springframework.data.relational.core.mapping.Table.
2024-12-19 09:47:37 INFO  [main] o.s.d.r.c.RepositoryConfigurationExtensionSupport - Spring Data JDBC - Could not safely identify store assignment for repository candidate interface dz.a2s.a2sinventaire.repositories.views.StatistiqueRepository; If you want this repository to be a JDBC repository, consider annotating your entities with one of these annotations: org.springframework.data.relational.core.mapping.Table.
2024-12-19 09:47:37 INFO  [main] o.s.d.r.c.RepositoryConfigurationExtensionSupport - Spring Data JDBC - Could not safely identify store assignment for repository candidate interface dz.a2s.a2sinventaire.repositories.views.StatsPreparateurRepository; If you want this repository to be a JDBC repository, consider annotating your entities with one of these annotations: org.springframework.data.relational.core.mapping.Table.
2024-12-19 09:47:37 INFO  [main] o.s.d.r.c.RepositoryConfigurationExtensionSupport - Spring Data JDBC - Could not safely identify store assignment for repository candidate interface dz.a2s.a2sinventaire.repositories.views.VenteDetailsRepository; If you want this repository to be a JDBC repository, consider annotating your entities with one of these annotations: org.springframework.data.relational.core.mapping.Table.
2024-12-19 09:47:37 INFO  [main] o.s.d.r.c.RepositoryConfigurationExtensionSupport - Spring Data JDBC - Could not safely identify store assignment for repository candidate interface dz.a2s.a2sinventaire.repositories.views.VentePrlvDetailsRepository; If you want this repository to be a JDBC repository, consider annotating your entities with one of these annotations: org.springframework.data.relational.core.mapping.Table.
2024-12-19 09:47:37 INFO  [main] o.s.d.r.c.RepositoryConfigurationExtensionSupport - Spring Data JDBC - Could not safely identify store assignment for repository candidate interface dz.a2s.a2sinventaire.repositories.views.VenteZoneDetailsRepository; If you want this repository to be a JDBC repository, consider annotating your entities with one of these annotations: org.springframework.data.relational.core.mapping.Table.
2024-12-19 09:47:37 INFO  [main] o.s.d.r.c.RepositoryConfigurationDelegate - Finished Spring Data repository scanning in 84 ms. Found 0 JDBC repository interfaces.
2024-12-19 09:47:37 INFO  [main] o.s.d.r.c.RepositoryConfigurationDelegate - Multiple Spring Data modules found, entering strict repository configuration mode
2024-12-19 09:47:37 INFO  [main] o.s.d.r.c.RepositoryConfigurationDelegate - Bootstrapping Spring Data JPA repositories in DEFAULT mode.
2024-12-19 09:47:37 INFO  [main] o.s.d.r.c.RepositoryConfigurationDelegate - Finished Spring Data repository scanning in 91 ms. Found 18 JPA repository interfaces.
2024-12-19 09:47:39 INFO  [main] com.zaxxer.hikari.HikariDataSource - HikariPool-1 - Starting...
2024-12-19 09:47:39 INFO  [main] com.zaxxer.hikari.pool.HikariPool - HikariPool-1 - Added connection oracle.jdbc.driver.T4CConnection@64665781
2024-12-19 09:47:39 INFO  [main] com.zaxxer.hikari.HikariDataSource - HikariPool-1 - Start completed.
2024-12-19 09:47:39 INFO  [main] o.h.jpa.internal.util.LogHelper - HHH000204: Processing PersistenceUnitInfo [name: default]
2024-12-19 09:47:39 INFO  [main] org.hibernate.Version - HHH000412: Hibernate ORM core version 6.2.0.Final
2024-12-19 09:47:39 INFO  [main] org.hibernate.cfg.Environment - HHH000406: Using bytecode reflection optimizer
2024-12-19 09:47:40 INFO  [main] o.h.b.i.BytecodeProviderInitiator - HHH000021: Bytecode provider name : bytebuddy
2024-12-19 09:47:40 INFO  [main] o.s.o.j.p.SpringPersistenceUnitInfo - No LoadTimeWeaver setup: ignoring JPA class transformer
2024-12-19 09:47:40 INFO  [main] SQL dialect - HHH000400: Using dialect: org.hibernate.dialect.OracleDialect
2024-12-19 09:47:40 INFO  [main] o.h.b.i.BytecodeProviderInitiator - HHH000021: Bytecode provider name : bytebuddy
2024-12-19 09:47:41 WARN  [main] org.hibernate.mapping.RootClass - HHH000038: Composite-id class does not override equals(): dz.a2s.a2sinventaire.entities.keys.StpUserRolesId
2024-12-19 09:47:41 WARN  [main] org.hibernate.mapping.RootClass - HHH000039: Composite-id class does not override hashCode(): dz.a2s.a2sinventaire.entities.keys.StpUserRolesId
2024-12-19 09:47:42 INFO  [main] o.h.e.t.j.p.i.JtaPlatformInitiator - HHH000490: Using JtaPlatform implementation: [org.hibernate.engine.transaction.jta.platform.internal.NoJtaPlatform]
2024-12-19 09:47:42 INFO  [main] o.s.o.j.LocalContainerEntityManagerFactoryBean - Initialized JPA EntityManagerFactory for persistence unit 'default'
2024-12-19 09:47:43 INFO  [main] o.s.d.j.r.query.QueryEnhancerFactory - Hibernate is in classpath; If applicable, HQL parser will be used.
2024-12-19 09:47:44 INFO  [main] o.s.s.c.a.a.c.InitializeUserDetailsBeanManagerConfigurer$InitializeUserDetailsManagerConfigurer - Global AuthenticationManager configured with UserDetailsService bean with name customUserDetailsService
2024-12-19 09:47:45 WARN  [main] o.s.b.a.o.j.JpaBaseConfiguration$JpaWebConfiguration - spring.jpa.open-in-view is enabled by default. Therefore, database queries may be performed during view rendering. Explicitly configure spring.jpa.open-in-view to disable this warning
2024-12-19 09:47:47 INFO  [main] o.s.b.a.e.web.EndpointLinksResolver - Exposing 1 endpoint beneath base path '/actuator'
2024-12-19 09:47:49 INFO  [main] d.a.a.A2spreparationApplicationTests - Started A2spreparationApplicationTests in 14.068 seconds (process running for 15.783)
2024-12-19 09:47:50 INFO  [SpringApplicationShutdownHook] o.s.o.j.LocalContainerEntityManagerFactoryBean - Closing JPA EntityManagerFactory for persistence unit 'default'
2024-12-19 09:47:50 INFO  [SpringApplicationShutdownHook] com.zaxxer.hikari.HikariDataSource - HikariPool-1 - Shutdown initiated...
2024-12-19 09:47:50 INFO  [SpringApplicationShutdownHook] com.zaxxer.hikari.HikariDataSource - HikariPool-1 - Shutdown completed.
2024-12-19 11:11:11 INFO  [background-preinit] o.h.validator.internal.util.Version - HV000001: Hibernate Validator 8.0.1.Final
2024-12-19 11:11:11 INFO  [restartedMain] d.a.a.A2spreparationApplication - Starting A2spreparationApplication using Java 17.0.11 with PID 28028 (C:\Projects\Spring Boot\sb-api-preparation\target\classes started by Mohamed in C:\Projects\Spring Boot\sb-api-preparation)
2024-12-19 11:11:11 INFO  [restartedMain] d.a.a.A2spreparationApplication - No active profile set, falling back to 1 default profile: "default"
2024-12-19 11:11:11 INFO  [restartedMain] o.s.b.d.restart.ChangeableUrls - The Class-Path manifest attribute in C:\Users\Mohamed\.m2\repository\com\oracle\database\jdbc\ojdbc8\23.2.0.0\ojdbc8-23.2.0.0.jar referenced one or more files that do not exist: file:/C:/Users/Mohamed/.m2/repository/com/oracle/database/jdbc/ojdbc8/23.2.0.0/oraclepki.jar
2024-12-19 11:11:11 INFO  [restartedMain] o.s.b.d.e.DevToolsPropertyDefaultsPostProcessor - Devtools property defaults active! Set 'spring.devtools.add-properties' to 'false' to disable
2024-12-19 11:11:11 INFO  [restartedMain] o.s.b.d.e.DevToolsPropertyDefaultsPostProcessor - For additional web related logging consider setting the 'logging.level.web' property to 'DEBUG'
2024-12-19 11:11:13 INFO  [restartedMain] o.s.d.r.c.RepositoryConfigurationDelegate - Multiple Spring Data modules found, entering strict repository configuration mode
2024-12-19 11:11:13 INFO  [restartedMain] o.s.d.r.c.RepositoryConfigurationDelegate - Bootstrapping Spring Data JDBC repositories in DEFAULT mode.
2024-12-19 11:11:13 INFO  [restartedMain] o.s.d.r.c.RepositoryConfigurationExtensionSupport - Spring Data JDBC - Could not safely identify store assignment for repository candidate interface dz.a2s.a2sinventaire.repositories.CompanyRepository; If you want this repository to be a JDBC repository, consider annotating your entities with one of these annotations: org.springframework.data.relational.core.mapping.Table.
2024-12-19 11:11:13 INFO  [restartedMain] o.s.d.r.c.RepositoryConfigurationExtensionSupport - Spring Data JDBC - Could not safely identify store assignment for repository candidate interface dz.a2s.a2sinventaire.repositories.DiMessagesRepository; If you want this repository to be a JDBC repository, consider annotating your entities with one of these annotations: org.springframework.data.relational.core.mapping.Table.
2024-12-19 11:11:13 INFO  [restartedMain] o.s.d.r.c.RepositoryConfigurationExtensionSupport - Spring Data JDBC - Could not safely identify store assignment for repository candidate interface dz.a2s.a2sinventaire.repositories.ParamsRepository; If you want this repository to be a JDBC repository, consider annotating your entities with one of these annotations: org.springframework.data.relational.core.mapping.Table.
2024-12-19 11:11:13 INFO  [restartedMain] o.s.d.r.c.RepositoryConfigurationExtensionSupport - Spring Data JDBC - Could not safely identify store assignment for repository candidate interface dz.a2s.a2sinventaire.repositories.StpUserRolesRepository; If you want this repository to be a JDBC repository, consider annotating your entities with one of these annotations: org.springframework.data.relational.core.mapping.Table.
2024-12-19 11:11:13 INFO  [restartedMain] o.s.d.r.c.RepositoryConfigurationExtensionSupport - Spring Data JDBC - Could not safely identify store assignment for repository candidate interface dz.a2s.a2sinventaire.repositories.UserEntityRepository; If you want this repository to be a JDBC repository, consider annotating your entities with one of these annotations: org.springframework.data.relational.core.mapping.Table.
2024-12-19 11:11:13 INFO  [restartedMain] o.s.d.r.c.RepositoryConfigurationExtensionSupport - Spring Data JDBC - Could not safely identify store assignment for repository candidate interface dz.a2s.a2sinventaire.repositories.views.CommandeRepository; If you want this repository to be a JDBC repository, consider annotating your entities with one of these annotations: org.springframework.data.relational.core.mapping.Table.
2024-12-19 11:11:13 INFO  [restartedMain] o.s.d.r.c.RepositoryConfigurationExtensionSupport - Spring Data JDBC - Could not safely identify store assignment for repository candidate interface dz.a2s.a2sinventaire.repositories.views.CommandeZoneRepository; If you want this repository to be a JDBC repository, consider annotating your entities with one of these annotations: org.springframework.data.relational.core.mapping.Table.
2024-12-19 11:11:13 INFO  [restartedMain] o.s.d.r.c.RepositoryConfigurationExtensionSupport - Spring Data JDBC - Could not safely identify store assignment for repository candidate interface dz.a2s.a2sinventaire.repositories.views.MotifRepository; If you want this repository to be a JDBC repository, consider annotating your entities with one of these annotations: org.springframework.data.relational.core.mapping.Table.
2024-12-19 11:11:13 INFO  [restartedMain] o.s.d.r.c.RepositoryConfigurationExtensionSupport - Spring Data JDBC - Could not safely identify store assignment for repository candidate interface dz.a2s.a2sinventaire.repositories.views.PrpCdePrepContRepository; If you want this repository to be a JDBC repository, consider annotating your entities with one of these annotations: org.springframework.data.relational.core.mapping.Table.
2024-12-19 11:11:13 INFO  [restartedMain] o.s.d.r.c.RepositoryConfigurationExtensionSupport - Spring Data JDBC - Could not safely identify store assignment for repository candidate interface dz.a2s.a2sinventaire.repositories.views.PrpCdePrlvPrepContRepository; If you want this repository to be a JDBC repository, consider annotating your entities with one of these annotations: org.springframework.data.relational.core.mapping.Table.
2024-12-19 11:11:13 INFO  [restartedMain] o.s.d.r.c.RepositoryConfigurationExtensionSupport - Spring Data JDBC - Could not safely identify store assignment for repository candidate interface dz.a2s.a2sinventaire.repositories.views.PrpCdePrlvRepository; If you want this repository to be a JDBC repository, consider annotating your entities with one of these annotations: org.springframework.data.relational.core.mapping.Table.
2024-12-19 11:11:13 INFO  [restartedMain] o.s.d.r.c.RepositoryConfigurationExtensionSupport - Spring Data JDBC - Could not safely identify store assignment for repository candidate interface dz.a2s.a2sinventaire.repositories.views.PrpCdePrlvUsrCodeRepository; If you want this repository to be a JDBC repository, consider annotating your entities with one of these annotations: org.springframework.data.relational.core.mapping.Table.
2024-12-19 11:11:13 INFO  [restartedMain] o.s.d.r.c.RepositoryConfigurationExtensionSupport - Spring Data JDBC - Could not safely identify store assignment for repository candidate interface dz.a2s.a2sinventaire.repositories.views.PrpPrepareControleRepository; If you want this repository to be a JDBC repository, consider annotating your entities with one of these annotations: org.springframework.data.relational.core.mapping.Table.
2024-12-19 11:11:13 INFO  [restartedMain] o.s.d.r.c.RepositoryConfigurationExtensionSupport - Spring Data JDBC - Could not safely identify store assignment for repository candidate interface dz.a2s.a2sinventaire.repositories.views.StatistiqueRepository; If you want this repository to be a JDBC repository, consider annotating your entities with one of these annotations: org.springframework.data.relational.core.mapping.Table.
2024-12-19 11:11:13 INFO  [restartedMain] o.s.d.r.c.RepositoryConfigurationExtensionSupport - Spring Data JDBC - Could not safely identify store assignment for repository candidate interface dz.a2s.a2sinventaire.repositories.views.StatsPreparateurRepository; If you want this repository to be a JDBC repository, consider annotating your entities with one of these annotations: org.springframework.data.relational.core.mapping.Table.
2024-12-19 11:11:13 INFO  [restartedMain] o.s.d.r.c.RepositoryConfigurationExtensionSupport - Spring Data JDBC - Could not safely identify store assignment for repository candidate interface dz.a2s.a2sinventaire.repositories.views.VenteDetailsRepository; If you want this repository to be a JDBC repository, consider annotating your entities with one of these annotations: org.springframework.data.relational.core.mapping.Table.
2024-12-19 11:11:13 INFO  [restartedMain] o.s.d.r.c.RepositoryConfigurationExtensionSupport - Spring Data JDBC - Could not safely identify store assignment for repository candidate interface dz.a2s.a2sinventaire.repositories.views.VentePrlvDetailsRepository; If you want this repository to be a JDBC repository, consider annotating your entities with one of these annotations: org.springframework.data.relational.core.mapping.Table.
2024-12-19 11:11:13 INFO  [restartedMain] o.s.d.r.c.RepositoryConfigurationExtensionSupport - Spring Data JDBC - Could not safely identify store assignment for repository candidate interface dz.a2s.a2sinventaire.repositories.views.VenteZoneDetailsRepository; If you want this repository to be a JDBC repository, consider annotating your entities with one of these annotations: org.springframework.data.relational.core.mapping.Table.
2024-12-19 11:11:13 INFO  [restartedMain] o.s.d.r.c.RepositoryConfigurationDelegate - Finished Spring Data repository scanning in 77 ms. Found 0 JDBC repository interfaces.
2024-12-19 11:11:13 INFO  [restartedMain] o.s.d.r.c.RepositoryConfigurationDelegate - Multiple Spring Data modules found, entering strict repository configuration mode
2024-12-19 11:11:13 INFO  [restartedMain] o.s.d.r.c.RepositoryConfigurationDelegate - Bootstrapping Spring Data JPA repositories in DEFAULT mode.
2024-12-19 11:11:14 INFO  [restartedMain] o.s.d.r.c.RepositoryConfigurationDelegate - Finished Spring Data repository scanning in 72 ms. Found 18 JPA repository interfaces.
2024-12-19 11:11:15 INFO  [restartedMain] o.s.b.w.e.tomcat.TomcatWebServer - Tomcat initialized with port 8080 (http)
2024-12-19 11:11:15 INFO  [restartedMain] o.a.coyote.http11.Http11NioProtocol - Initializing ProtocolHandler ["http-nio-8080"]
2024-12-19 11:11:15 INFO  [restartedMain] o.a.catalina.core.StandardService - Starting service [Tomcat]
2024-12-19 11:11:15 INFO  [restartedMain] o.a.catalina.core.StandardEngine - Starting Servlet engine: [Apache Tomcat/10.1.28]
2024-12-19 11:11:15 INFO  [restartedMain] o.a.c.c.C.[Tomcat].[localhost].[/] - Initializing Spring embedded WebApplicationContext
2024-12-19 11:11:15 INFO  [restartedMain] o.s.b.w.s.c.ServletWebServerApplicationContext - Root WebApplicationContext: initialization completed in 3786 ms
2024-12-19 11:11:16 INFO  [restartedMain] com.zaxxer.hikari.HikariDataSource - HikariPool-1 - Starting...
2024-12-19 11:11:16 INFO  [restartedMain] com.zaxxer.hikari.pool.HikariPool - HikariPool-1 - Added connection oracle.jdbc.driver.T4CConnection@28106bbc
2024-12-19 11:11:16 INFO  [restartedMain] com.zaxxer.hikari.HikariDataSource - HikariPool-1 - Start completed.
2024-12-19 11:11:16 INFO  [restartedMain] o.h.jpa.internal.util.LogHelper - HHH000204: Processing PersistenceUnitInfo [name: default]
2024-12-19 11:11:16 INFO  [restartedMain] org.hibernate.Version - HHH000412: Hibernate ORM core version 6.2.0.Final
2024-12-19 11:11:16 INFO  [restartedMain] org.hibernate.cfg.Environment - HHH000406: Using bytecode reflection optimizer
2024-12-19 11:11:17 INFO  [restartedMain] o.h.b.i.BytecodeProviderInitiator - HHH000021: Bytecode provider name : bytebuddy
2024-12-19 11:11:17 INFO  [restartedMain] o.s.o.j.p.SpringPersistenceUnitInfo - No LoadTimeWeaver setup: ignoring JPA class transformer
2024-12-19 11:11:17 INFO  [restartedMain] SQL dialect - HHH000400: Using dialect: org.hibernate.dialect.OracleDialect
2024-12-19 11:11:17 INFO  [restartedMain] o.h.b.i.BytecodeProviderInitiator - HHH000021: Bytecode provider name : bytebuddy
2024-12-19 11:11:18 WARN  [restartedMain] org.hibernate.mapping.RootClass - HHH000038: Composite-id class does not override equals(): dz.a2s.a2sinventaire.entities.keys.StpUserRolesId
2024-12-19 11:11:18 WARN  [restartedMain] org.hibernate.mapping.RootClass - HHH000039: Composite-id class does not override hashCode(): dz.a2s.a2sinventaire.entities.keys.StpUserRolesId
2024-12-19 11:11:18 INFO  [restartedMain] o.h.e.t.j.p.i.JtaPlatformInitiator - HHH000490: Using JtaPlatform implementation: [org.hibernate.engine.transaction.jta.platform.internal.NoJtaPlatform]
2024-12-19 11:11:18 INFO  [restartedMain] o.s.o.j.LocalContainerEntityManagerFactoryBean - Initialized JPA EntityManagerFactory for persistence unit 'default'
2024-12-19 11:11:19 INFO  [restartedMain] o.s.d.j.r.query.QueryEnhancerFactory - Hibernate is in classpath; If applicable, HQL parser will be used.
2024-12-19 11:11:20 INFO  [restartedMain] o.s.s.c.a.a.c.InitializeUserDetailsBeanManagerConfigurer$InitializeUserDetailsManagerConfigurer - Global AuthenticationManager configured with UserDetailsService bean with name customUserDetailsService
2024-12-19 11:11:20 WARN  [restartedMain] o.s.b.a.o.j.JpaBaseConfiguration$JpaWebConfiguration - spring.jpa.open-in-view is enabled by default. Therefore, database queries may be performed during view rendering. Explicitly configure spring.jpa.open-in-view to disable this warning
2024-12-19 11:11:21 INFO  [restartedMain] o.s.b.a.e.web.EndpointLinksResolver - Exposing 1 endpoint beneath base path '/actuator'
2024-12-19 11:11:23 INFO  [restartedMain] o.s.b.d.a.OptionalLiveReloadServer - LiveReload server is running on port 35729
2024-12-19 11:11:23 INFO  [restartedMain] o.a.coyote.http11.Http11NioProtocol - Starting ProtocolHandler ["http-nio-8080"]
2024-12-19 11:11:23 INFO  [restartedMain] o.s.b.w.e.tomcat.TomcatWebServer - Tomcat started on port 8080 (http) with context path '/'
2024-12-19 11:11:23 INFO  [restartedMain] d.a.a.A2spreparationApplication - Started A2spreparationApplication in 11.892 seconds (process running for 12.468)
2024-12-19 11:11:35 INFO  [http-nio-8080-exec-1] o.a.c.c.C.[Tomcat].[localhost].[/] - Initializing Spring DispatcherServlet 'dispatcherServlet'
2024-12-19 11:11:35 INFO  [http-nio-8080-exec-1] o.s.web.servlet.DispatcherServlet - Initializing Servlet 'dispatcherServlet'
2024-12-19 11:11:35 INFO  [http-nio-8080-exec-1] o.s.web.servlet.DispatcherServlet - Completed initialization in 2 ms
2024-12-19 11:11:35 INFO  [http-nio-8080-exec-1] d.a.a.s.JWTAuthenticationFilter - Entering the JWTAuthenticationFilter
2024-12-19 11:11:35 INFO  [http-nio-8080-exec-1] d.a.a.controllers.CompanyController - findAllCompanies from the CompanyController
2024-12-19 11:11:35 INFO  [http-nio-8080-exec-1] d.a.a.s.impl.CompanyServiceImpl - findAll method from companyService
2024-12-19 11:11:35 INFO  [http-nio-8080-exec-1] d.a.a.controllers.CompanyController - Companies fetched from the service [Company(id=1, label=SARL ADVANCED SOFTWARE SOLUTION, location=ALGER), Company(id=2, label=SARL ORAN, location=ORAN), Company(id=3, label=SETIF, location=SETIF), Company(id=4, label=COSMETIQUE, location=ALGER), Company(id=5, label=PARAPHARM, location=ALGER)]
2024-12-19 11:11:38 INFO  [http-nio-8080-exec-2] d.a.a.controllers.AuthController - Entering login method from AuthController with userCode and companyId S.BENMAMMAR : 1
2024-12-19 11:11:38 INFO  [http-nio-8080-exec-2] d.a.a.controllers.AuthController - Getting the custom username from the loginRequest inside the authController 1:S.BENMAMMAR
2024-12-19 11:11:38 INFO  [http-nio-8080-exec-2] d.a.a.s.CustomUserDetailsService - Entering loadUserByUsername method of UserDetails with 1:S.BENMAMMAR
2024-12-19 11:11:38 INFO  [http-nio-8080-exec-2] d.a.a.s.CustomUserDetailsService - The companyId is 1
2024-12-19 11:11:38 INFO  [http-nio-8080-exec-2] d.a.a.s.CustomUserDetailsService - The userCode is S.BENMAMMAR
2024-12-19 11:11:38 INFO  [http-nio-8080-exec-2] d.a.a.controllers.AuthController - Authentication object created UsernamePasswordAuthenticationToken [Principal=dz.a2s.a2sinventaire.security.AppUserDetails@1bec9705, Credentials=[PROTECTED], Authenticated=true, Details=null, Granted Authorities=[]]
2024-12-19 11:11:38 INFO  [http-nio-8080-exec-2] d.a.a.security.JWTGenerator - Generating token with authentication object UsernamePasswordAuthenticationToken [Principal=dz.a2s.a2sinventaire.security.AppUserDetails@1bec9705, Credentials=[PROTECTED], Authenticated=true, Details=null, Granted Authorities=[]]
2024-12-19 11:11:38 INFO  [http-nio-8080-exec-2] d.a.a.security.JWTGenerator - Generating token for S.BENMAMMAR
2024-12-19 11:11:38 INFO  [http-nio-8080-exec-2] d.a.a.security.JWTGenerator - Token generated inside JWTGenerator
2024-12-19 11:11:39 INFO  [http-nio-8080-exec-5] d.a.a.s.JWTAuthenticationFilter - Entering the JWTAuthenticationFilter
2024-12-19 11:11:39 INFO  [http-nio-8080-exec-5] d.a.a.s.JWTAuthenticationFilter - Parsed the username from the token 1:S.BENMAMMAR
2024-12-19 11:11:39 INFO  [http-nio-8080-exec-5] d.a.a.s.CustomUserDetailsService - Entering loadUserByUsername method of UserDetails with 1:S.BENMAMMAR
2024-12-19 11:11:39 INFO  [http-nio-8080-exec-5] d.a.a.s.CustomUserDetailsService - The companyId is 1
2024-12-19 11:11:39 INFO  [http-nio-8080-exec-5] d.a.a.s.CustomUserDetailsService - The userCode is S.BENMAMMAR
2024-12-19 11:11:39 INFO  [http-nio-8080-exec-5] d.a.a.controllers.CompanyController - Entering getMethod method from CompanyController
2024-12-19 11:11:39 INFO  [http-nio-8080-exec-5] d.a.a.controllers.CompanyController - Returning the value of the method 1
2024-12-19 11:11:40 INFO  [http-nio-8080-exec-4] d.a.a.s.JWTAuthenticationFilter - Entering the JWTAuthenticationFilter
2024-12-19 11:11:40 INFO  [http-nio-8080-exec-4] d.a.a.s.JWTAuthenticationFilter - Parsed the username from the token 1:S.BENMAMMAR
2024-12-19 11:11:40 INFO  [http-nio-8080-exec-4] d.a.a.s.CustomUserDetailsService - Entering loadUserByUsername method of UserDetails with 1:S.BENMAMMAR
2024-12-19 11:11:40 INFO  [http-nio-8080-exec-4] d.a.a.s.CustomUserDetailsService - The companyId is 1
2024-12-19 11:11:40 INFO  [http-nio-8080-exec-4] d.a.a.s.CustomUserDetailsService - The userCode is S.BENMAMMAR
2024-12-19 11:11:40 INFO  [http-nio-8080-exec-4] d.a.a.controllers.CompanyController - Entering getMethod method from CompanyController
2024-12-19 11:11:40 INFO  [http-nio-8080-exec-6] d.a.a.s.JWTAuthenticationFilter - Entering the JWTAuthenticationFilter
2024-12-19 11:11:40 INFO  [http-nio-8080-exec-4] d.a.a.controllers.CompanyController - Returning the value of the method 1
2024-12-19 11:11:40 INFO  [http-nio-8080-exec-6] d.a.a.s.JWTAuthenticationFilter - Parsed the username from the token 1:S.BENMAMMAR
2024-12-19 11:11:40 INFO  [http-nio-8080-exec-6] d.a.a.s.CustomUserDetailsService - Entering loadUserByUsername method of UserDetails with 1:S.BENMAMMAR
2024-12-19 11:11:40 INFO  [http-nio-8080-exec-6] d.a.a.s.CustomUserDetailsService - The companyId is 1
2024-12-19 11:11:40 INFO  [http-nio-8080-exec-6] d.a.a.s.CustomUserDetailsService - The userCode is S.BENMAMMAR
2024-12-19 11:11:40 INFO  [http-nio-8080-exec-6] d.a.a.controllers.UserController - Entering getAffectationAuthorization from the UserController
2024-12-19 11:11:40 INFO  [http-nio-8080-exec-6] d.a.a.s.i.AuthorizationServiceImpl - Entering the getAffectationAuthorization method from the AuthorizationService for formCode 480
2024-12-19 11:11:40 INFO  [http-nio-8080-exec-6] d.a.a.s.i.AuthorizationServiceImpl - Valeur de retour de la requête relative à l'autorisation d'affectation 1
2024-12-19 11:11:40 INFO  [http-nio-8080-exec-6] d.a.a.controllers.UserController - Affectation Authorization recieved from the service : AuthorizationDto(code=480, value=1)
2024-12-19 11:11:41 INFO  [http-nio-8080-exec-3] d.a.a.s.JWTAuthenticationFilter - Entering the JWTAuthenticationFilter
2024-12-19 11:11:41 INFO  [http-nio-8080-exec-3] d.a.a.s.JWTAuthenticationFilter - Parsed the username from the token 1:S.BENMAMMAR
2024-12-19 11:11:41 INFO  [http-nio-8080-exec-3] d.a.a.s.CustomUserDetailsService - Entering loadUserByUsername method of UserDetails with 1:S.BENMAMMAR
2024-12-19 11:11:41 INFO  [http-nio-8080-exec-3] d.a.a.s.CustomUserDetailsService - The companyId is 1
2024-12-19 11:11:41 INFO  [http-nio-8080-exec-3] d.a.a.s.CustomUserDetailsService - The userCode is S.BENMAMMAR
2024-12-19 11:11:41 INFO  [http-nio-8080-exec-3] d.a.a.c.AffectationController - Entering the getListeCmdPrp from the AffectationController with reqDate 2024-12-19
2024-12-19 11:11:41 INFO  [http-nio-8080-exec-3] d.a.a.c.AffectationController - Fetching liste des commandes from the service
2024-12-19 11:11:41 INFO  [http-nio-8080-exec-3] d.a.a.s.impl.AffectationServiceImpl - Entering getListCommande method from the AffectationService with date 2024-12-19
2024-12-19 11:11:41 INFO  [http-nio-8080-exec-3] d.a.a.s.impl.AffectationServiceImpl - Récupération de la companyId 1
2024-12-19 11:11:41 INFO  [http-nio-8080-exec-3] d.a.a.s.impl.AffectationServiceImpl - Liste des commandes récupérés à partir du repo = 0
2024-12-19 11:11:41 INFO  [http-nio-8080-exec-3] d.a.a.s.impl.AffectationServiceImpl - Mappage des entités vers les DTOs
2024-12-19 11:11:41 INFO  [http-nio-8080-exec-3] d.a.a.s.impl.AffectationServiceImpl - Mappage de la liste des entités terminé avec size 0
2024-12-19 11:11:41 INFO  [http-nio-8080-exec-3] d.a.a.c.AffectationController - Data fetched from the service length = 0
2024-12-19 11:11:46 INFO  [http-nio-8080-exec-7] d.a.a.s.JWTAuthenticationFilter - Entering the JWTAuthenticationFilter
2024-12-19 11:11:46 INFO  [http-nio-8080-exec-7] d.a.a.s.JWTAuthenticationFilter - Parsed the username from the token 1:S.BENMAMMAR
2024-12-19 11:11:46 INFO  [http-nio-8080-exec-7] d.a.a.s.CustomUserDetailsService - Entering loadUserByUsername method of UserDetails with 1:S.BENMAMMAR
2024-12-19 11:11:46 INFO  [http-nio-8080-exec-7] d.a.a.s.CustomUserDetailsService - The companyId is 1
2024-12-19 11:11:46 INFO  [http-nio-8080-exec-7] d.a.a.s.CustomUserDetailsService - The userCode is S.BENMAMMAR
2024-12-19 11:11:46 INFO  [http-nio-8080-exec-7] d.a.a.c.AffectationController - Entering the getListeCmdPrp from the AffectationController with reqDate 2024-12-02
2024-12-19 11:11:46 INFO  [http-nio-8080-exec-7] d.a.a.c.AffectationController - Fetching liste des commandes from the service
2024-12-19 11:11:46 INFO  [http-nio-8080-exec-7] d.a.a.s.impl.AffectationServiceImpl - Entering getListCommande method from the AffectationService with date 2024-12-02
2024-12-19 11:11:46 INFO  [http-nio-8080-exec-7] d.a.a.s.impl.AffectationServiceImpl - Récupération de la companyId 1
2024-12-19 11:11:46 INFO  [http-nio-8080-exec-7] d.a.a.s.impl.AffectationServiceImpl - Liste des commandes récupérés à partir du repo = 0
2024-12-19 11:11:46 INFO  [http-nio-8080-exec-7] d.a.a.s.impl.AffectationServiceImpl - Mappage des entités vers les DTOs
2024-12-19 11:11:46 INFO  [http-nio-8080-exec-7] d.a.a.s.impl.AffectationServiceImpl - Mappage de la liste des entités terminé avec size 0
2024-12-19 11:11:46 INFO  [http-nio-8080-exec-7] d.a.a.c.AffectationController - Data fetched from the service length = 0
2024-12-19 11:11:51 INFO  [http-nio-8080-exec-8] d.a.a.s.JWTAuthenticationFilter - Entering the JWTAuthenticationFilter
2024-12-19 11:11:51 INFO  [http-nio-8080-exec-8] d.a.a.s.JWTAuthenticationFilter - Parsed the username from the token 1:S.BENMAMMAR
2024-12-19 11:11:51 INFO  [http-nio-8080-exec-8] d.a.a.s.CustomUserDetailsService - Entering loadUserByUsername method of UserDetails with 1:S.BENMAMMAR
2024-12-19 11:11:51 INFO  [http-nio-8080-exec-8] d.a.a.s.CustomUserDetailsService - The companyId is 1
2024-12-19 11:11:51 INFO  [http-nio-8080-exec-8] d.a.a.s.CustomUserDetailsService - The userCode is S.BENMAMMAR
2024-12-19 11:11:51 INFO  [http-nio-8080-exec-8] d.a.a.c.AffectationController - Entering the getListeCmdPrp from the AffectationController with reqDate 2024-12-12
2024-12-19 11:11:51 INFO  [http-nio-8080-exec-8] d.a.a.c.AffectationController - Fetching liste des commandes from the service
2024-12-19 11:11:51 INFO  [http-nio-8080-exec-8] d.a.a.s.impl.AffectationServiceImpl - Entering getListCommande method from the AffectationService with date 2024-12-12
2024-12-19 11:11:51 INFO  [http-nio-8080-exec-8] d.a.a.s.impl.AffectationServiceImpl - Récupération de la companyId 1
2024-12-19 11:11:51 INFO  [http-nio-8080-exec-8] d.a.a.s.impl.AffectationServiceImpl - Liste des commandes récupérés à partir du repo = 0
2024-12-19 11:11:51 INFO  [http-nio-8080-exec-8] d.a.a.s.impl.AffectationServiceImpl - Mappage des entités vers les DTOs
2024-12-19 11:11:51 INFO  [http-nio-8080-exec-8] d.a.a.s.impl.AffectationServiceImpl - Mappage de la liste des entités terminé avec size 0
2024-12-19 11:11:51 INFO  [http-nio-8080-exec-8] d.a.a.c.AffectationController - Data fetched from the service length = 0
2024-12-19 11:11:54 INFO  [http-nio-8080-exec-9] d.a.a.s.JWTAuthenticationFilter - Entering the JWTAuthenticationFilter
2024-12-19 11:11:54 INFO  [http-nio-8080-exec-9] d.a.a.s.JWTAuthenticationFilter - Parsed the username from the token 1:S.BENMAMMAR
2024-12-19 11:11:54 INFO  [http-nio-8080-exec-9] d.a.a.s.CustomUserDetailsService - Entering loadUserByUsername method of UserDetails with 1:S.BENMAMMAR
2024-12-19 11:11:54 INFO  [http-nio-8080-exec-9] d.a.a.s.CustomUserDetailsService - The companyId is 1
2024-12-19 11:11:54 INFO  [http-nio-8080-exec-9] d.a.a.s.CustomUserDetailsService - The userCode is S.BENMAMMAR
2024-12-19 11:11:54 INFO  [http-nio-8080-exec-9] d.a.a.c.AffectationController - Entering the getListeCmdPrp from the AffectationController with reqDate 2024-12-13
2024-12-19 11:11:54 INFO  [http-nio-8080-exec-9] d.a.a.c.AffectationController - Fetching liste des commandes from the service
2024-12-19 11:11:54 INFO  [http-nio-8080-exec-9] d.a.a.s.impl.AffectationServiceImpl - Entering getListCommande method from the AffectationService with date 2024-12-13
2024-12-19 11:11:54 INFO  [http-nio-8080-exec-9] d.a.a.s.impl.AffectationServiceImpl - Récupération de la companyId 1
2024-12-19 11:11:54 INFO  [http-nio-8080-exec-9] d.a.a.s.impl.AffectationServiceImpl - Liste des commandes récupérés à partir du repo = 0
2024-12-19 11:11:54 INFO  [http-nio-8080-exec-9] d.a.a.s.impl.AffectationServiceImpl - Mappage des entités vers les DTOs
2024-12-19 11:11:54 INFO  [http-nio-8080-exec-9] d.a.a.s.impl.AffectationServiceImpl - Mappage de la liste des entités terminé avec size 0
2024-12-19 11:11:54 INFO  [http-nio-8080-exec-9] d.a.a.c.AffectationController - Data fetched from the service length = 0
2024-12-19 11:11:55 INFO  [http-nio-8080-exec-10] d.a.a.s.JWTAuthenticationFilter - Entering the JWTAuthenticationFilter
2024-12-19 11:11:55 INFO  [http-nio-8080-exec-10] d.a.a.s.JWTAuthenticationFilter - Parsed the username from the token 1:S.BENMAMMAR
2024-12-19 11:11:55 INFO  [http-nio-8080-exec-10] d.a.a.s.CustomUserDetailsService - Entering loadUserByUsername method of UserDetails with 1:S.BENMAMMAR
2024-12-19 11:11:55 INFO  [http-nio-8080-exec-10] d.a.a.s.CustomUserDetailsService - The companyId is 1
2024-12-19 11:11:55 INFO  [http-nio-8080-exec-10] d.a.a.s.CustomUserDetailsService - The userCode is S.BENMAMMAR
2024-12-19 11:11:55 INFO  [http-nio-8080-exec-10] d.a.a.c.AffectationController - Point d'entrée à la méthode getListeCmdAssigned du AffectationController avec date 2024-12-19
2024-12-19 11:11:55 INFO  [http-nio-8080-exec-10] d.a.a.c.AffectationController - Récupération de la liste des commandes affectées à partir du service
2024-12-19 11:11:55 INFO  [http-nio-8080-exec-10] d.a.a.s.impl.AffectationServiceImpl - Point d'entrée à la méthode getListCommandeAssigned du AffectationService avec date 2024-12-19
2024-12-19 11:11:55 INFO  [http-nio-8080-exec-10] d.a.a.s.impl.AffectationServiceImpl - Récupération de la companyId 1
2024-12-19 11:11:55 INFO  [http-nio-8080-exec-10] d.a.a.s.impl.AffectationServiceImpl - Liste des commandes déjà affectées récupérées à partir du repo avec size : 0
2024-12-19 11:11:55 INFO  [http-nio-8080-exec-10] d.a.a.s.impl.AffectationServiceImpl - Mappage des entités vers les DTOs
2024-12-19 11:11:55 INFO  [http-nio-8080-exec-10] d.a.a.s.impl.AffectationServiceImpl - Mappage de la liste des entité terminé avec size : 0
2024-12-19 11:11:55 INFO  [http-nio-8080-exec-10] d.a.a.c.AffectationController - Commandes récupérées à partir du service = 0
2024-12-19 11:11:59 INFO  [http-nio-8080-exec-1] d.a.a.s.JWTAuthenticationFilter - Entering the JWTAuthenticationFilter
2024-12-19 11:11:59 INFO  [http-nio-8080-exec-1] d.a.a.s.JWTAuthenticationFilter - Parsed the username from the token 1:S.BENMAMMAR
2024-12-19 11:11:59 INFO  [http-nio-8080-exec-1] d.a.a.s.CustomUserDetailsService - Entering loadUserByUsername method of UserDetails with 1:S.BENMAMMAR
2024-12-19 11:11:59 INFO  [http-nio-8080-exec-1] d.a.a.s.CustomUserDetailsService - The companyId is 1
2024-12-19 11:11:59 INFO  [http-nio-8080-exec-1] d.a.a.s.CustomUserDetailsService - The userCode is S.BENMAMMAR
2024-12-19 11:11:59 INFO  [http-nio-8080-exec-1] d.a.a.c.AffectationController - Point d'entrée à la méthode getListeCmdAssigned du AffectationController avec date 2024-12-12
2024-12-19 11:11:59 INFO  [http-nio-8080-exec-1] d.a.a.c.AffectationController - Récupération de la liste des commandes affectées à partir du service
2024-12-19 11:11:59 INFO  [http-nio-8080-exec-1] d.a.a.s.impl.AffectationServiceImpl - Point d'entrée à la méthode getListCommandeAssigned du AffectationService avec date 2024-12-12
2024-12-19 11:11:59 INFO  [http-nio-8080-exec-1] d.a.a.s.impl.AffectationServiceImpl - Récupération de la companyId 1
2024-12-19 11:11:59 INFO  [http-nio-8080-exec-1] d.a.a.s.impl.AffectationServiceImpl - Liste des commandes déjà affectées récupérées à partir du repo avec size : 0
2024-12-19 11:11:59 INFO  [http-nio-8080-exec-1] d.a.a.s.impl.AffectationServiceImpl - Mappage des entités vers les DTOs
2024-12-19 11:11:59 INFO  [http-nio-8080-exec-1] d.a.a.s.impl.AffectationServiceImpl - Mappage de la liste des entité terminé avec size : 0
2024-12-19 11:11:59 INFO  [http-nio-8080-exec-1] d.a.a.c.AffectationController - Commandes récupérées à partir du service = 0
2024-12-19 11:12:04 INFO  [http-nio-8080-exec-2] d.a.a.s.JWTAuthenticationFilter - Entering the JWTAuthenticationFilter
2024-12-19 11:12:04 INFO  [http-nio-8080-exec-2] d.a.a.s.JWTAuthenticationFilter - Parsed the username from the token 1:S.BENMAMMAR
2024-12-19 11:12:04 INFO  [http-nio-8080-exec-2] d.a.a.s.CustomUserDetailsService - Entering loadUserByUsername method of UserDetails with 1:S.BENMAMMAR
2024-12-19 11:12:04 INFO  [http-nio-8080-exec-2] d.a.a.s.CustomUserDetailsService - The companyId is 1
2024-12-19 11:12:04 INFO  [http-nio-8080-exec-2] d.a.a.s.CustomUserDetailsService - The userCode is S.BENMAMMAR
2024-12-19 11:12:04 INFO  [http-nio-8080-exec-2] d.a.a.c.AffectationController - Point d'entrée à la méthode getListeCmdAssigned du AffectationController avec date 2024-12-13
2024-12-19 11:12:04 INFO  [http-nio-8080-exec-2] d.a.a.c.AffectationController - Récupération de la liste des commandes affectées à partir du service
2024-12-19 11:12:04 INFO  [http-nio-8080-exec-2] d.a.a.s.impl.AffectationServiceImpl - Point d'entrée à la méthode getListCommandeAssigned du AffectationService avec date 2024-12-13
2024-12-19 11:12:04 INFO  [http-nio-8080-exec-2] d.a.a.s.impl.AffectationServiceImpl - Récupération de la companyId 1
2024-12-19 11:12:04 INFO  [http-nio-8080-exec-2] d.a.a.s.impl.AffectationServiceImpl - Liste des commandes déjà affectées récupérées à partir du repo avec size : 0
2024-12-19 11:12:04 INFO  [http-nio-8080-exec-2] d.a.a.s.impl.AffectationServiceImpl - Mappage des entités vers les DTOs
2024-12-19 11:12:04 INFO  [http-nio-8080-exec-2] d.a.a.s.impl.AffectationServiceImpl - Mappage de la liste des entité terminé avec size : 0
2024-12-19 11:12:04 INFO  [http-nio-8080-exec-2] d.a.a.c.AffectationController - Commandes récupérées à partir du service = 0
2024-12-19 11:12:07 INFO  [http-nio-8080-exec-5] d.a.a.s.JWTAuthenticationFilter - Entering the JWTAuthenticationFilter
2024-12-19 11:12:07 INFO  [http-nio-8080-exec-5] d.a.a.s.JWTAuthenticationFilter - Parsed the username from the token 1:S.BENMAMMAR
2024-12-19 11:12:07 INFO  [http-nio-8080-exec-5] d.a.a.s.CustomUserDetailsService - Entering loadUserByUsername method of UserDetails with 1:S.BENMAMMAR
2024-12-19 11:12:07 INFO  [http-nio-8080-exec-5] d.a.a.s.CustomUserDetailsService - The companyId is 1
2024-12-19 11:12:07 INFO  [http-nio-8080-exec-5] d.a.a.s.CustomUserDetailsService - The userCode is S.BENMAMMAR
2024-12-19 11:12:07 INFO  [http-nio-8080-exec-5] d.a.a.c.AffectationController - Point d'entrée à la méthode getListeCmdAssigned du AffectationController avec date 2024-12-06
2024-12-19 11:12:07 INFO  [http-nio-8080-exec-5] d.a.a.c.AffectationController - Récupération de la liste des commandes affectées à partir du service
2024-12-19 11:12:07 INFO  [http-nio-8080-exec-5] d.a.a.s.impl.AffectationServiceImpl - Point d'entrée à la méthode getListCommandeAssigned du AffectationService avec date 2024-12-06
2024-12-19 11:12:07 INFO  [http-nio-8080-exec-5] d.a.a.s.impl.AffectationServiceImpl - Récupération de la companyId 1
2024-12-19 11:12:07 INFO  [http-nio-8080-exec-5] d.a.a.s.impl.AffectationServiceImpl - Liste des commandes déjà affectées récupérées à partir du repo avec size : 2
2024-12-19 11:12:07 INFO  [http-nio-8080-exec-5] d.a.a.s.impl.AffectationServiceImpl - Mappage des entités vers les DTOs
2024-12-19 11:12:07 INFO  [http-nio-8080-exec-5] d.a.a.s.impl.AffectationServiceImpl - Mappage de la liste des entité terminé avec size : 2
2024-12-19 11:12:07 INFO  [http-nio-8080-exec-5] d.a.a.c.AffectationController - Commandes récupérées à partir du service = 2
2024-12-19 11:12:09 INFO  [http-nio-8080-exec-4] d.a.a.s.JWTAuthenticationFilter - Entering the JWTAuthenticationFilter
2024-12-19 11:12:09 INFO  [http-nio-8080-exec-4] d.a.a.s.JWTAuthenticationFilter - Parsed the username from the token 1:S.BENMAMMAR
2024-12-19 11:12:09 INFO  [http-nio-8080-exec-4] d.a.a.s.CustomUserDetailsService - Entering loadUserByUsername method of UserDetails with 1:S.BENMAMMAR
2024-12-19 11:12:09 INFO  [http-nio-8080-exec-4] d.a.a.s.CustomUserDetailsService - The companyId is 1
2024-12-19 11:12:09 INFO  [http-nio-8080-exec-4] d.a.a.s.CustomUserDetailsService - The userCode is S.BENMAMMAR
2024-12-19 11:12:09 INFO  [http-nio-8080-exec-4] d.a.a.c.PreparationController - Entering the getDetailsVente method from the PreparationController
2024-12-19 11:12:09 INFO  [http-nio-8080-exec-4] d.a.a.s.impl.PreparationServiceImpl - Entering the getDetailsVente method from the PreparationService
2024-12-19 11:12:09 INFO  [http-nio-8080-exec-4] d.a.a.s.impl.PreparationServiceImpl - Retruning results from the PreparationService with length 2
2024-12-19 11:25:58 INFO  [SpringApplicationShutdownHook] o.s.o.j.LocalContainerEntityManagerFactoryBean - Closing JPA EntityManagerFactory for persistence unit 'default'
2024-12-19 11:25:58 INFO  [SpringApplicationShutdownHook] com.zaxxer.hikari.HikariDataSource - HikariPool-1 - Shutdown initiated...
2024-12-19 11:25:58 INFO  [SpringApplicationShutdownHook] com.zaxxer.hikari.HikariDataSource - HikariPool-1 - Shutdown completed.
